Hyades [cm cm/s g/cc dyne/cm2 keV keV ionization_level keV element_index]_hd11
0 1.1e-9 1 1 8
339
1.666666667
x ux rho p te ti z tr material gamma
   -0.1595996332    -190988022.2 6.333963148e-05   4.8541715e+10     1.779898324   0.02887445917    3.999994409 3.000000000e-05 1
   -0.1308390230    -161741314.1 0.0001842056883   1.4216673e+11     1.780380965   0.07742166132    3.999989045    0.1536210102 1
   -0.1134321894    -142378322.4 0.0003548496249   2.7626578e+11     1.781205256    0.1371954231    3.999983947    0.1536253873 1
  -0.09912522066    -126943536.0 0.0006066050387   4.7747953e+11     1.782423467    0.2124653419    3.999978317    0.1536567225 1
  -0.08608626553    -113153667.8 0.0009577851690   7.6392348e+11     1.783988286    0.3037810466    3.999972152    0.1537367596 1
  -0.07369403336    -100205546.1  0.001511004528   1.2248302e+12     1.785585338    0.4187859002    3.999964366    0.1538977390 1
  -0.06147941746    -88790025.07  0.002217005667   1.8248615e+12     1.786291407    0.5326964839    3.999956199    0.1542703070 1
  -0.04944984830    -75384417.69  0.003507212379   2.9381966e+12     1.782271914    0.6853394788    3.999943615    0.1549178328 1
  -0.03744879034    -63685002.96  0.005011402369   4.2275077e+12     1.771339849    0.7833711083    3.999930809    0.1562784450 1
  -0.02560958743    -55430056.12  0.006215792282   5.1388929e+12     1.735880060    0.7682433485    3.999919570    0.1580914761 1
  -0.01565850632    -45169530.56  0.008310356974   6.6106754e+12     1.670587045    0.7377346755    3.999899488    0.1594124903 1
 -0.008668478166    -29043001.48   0.01295290813   9.7769632e+12     1.582744035    0.7098454038    3.999857937    0.1610215434 1
 -0.004831329357    -13482148.46   0.03201735144   1.7011814e+13     1.050974380    0.7526892272    3.999514325    0.1632428921 1
 -0.002959725336    -7333128.607   0.04617342469   1.7500301e+13    0.7214537187    0.6503164133    3.998846938    0.1652493271 1
 -0.001575965665    -5108734.268   0.05731696967   1.7511453e+13    0.5786053651    0.5364699079    3.998083618    0.1645712400 1
-0.0004731766179    -3134707.311   0.07290012470   1.7484309e+13    0.4522094666    0.4298399061    3.996597346    0.1637416012 1
 0.0003881779967    -1459826.457   0.09412623925   1.7478342e+13    0.3489442676    0.3384885370    3.993671952    0.1626550586 1
  0.001058787870    -147258.0828    0.1200905232   1.7468741e+13    0.2729186370    0.2683381568    3.988340618    0.1612550748 1
  0.001594878975     812243.0469    0.1465716767   1.7428098e+13    0.2230978214    0.2211082862    3.980302605    0.1594882380 1
  0.002047852759     1457332.359    0.1672744295   1.7272385e+13    0.1939343572    0.1929829089    3.971295385    0.1574763721 1
  0.002456425370     1871572.203    0.1796026427   1.6913501e+13    0.1770949854    0.1765049228    3.963396013    0.1555010629 1
  0.002843016120     2194933.296    0.1866714992   1.6487484e+13    0.1663038041    0.1658198425    3.956806813    0.1536479883 1
  0.003216729553     2533281.584    0.1921620693   1.6170295e+13    0.1586254531    0.1581918572    3.950966851    0.1519626746 1
  0.003580262818     2895036.832    0.1972651951   1.5961462e+13    0.1526881406    0.1523054723    3.945495407    0.1504329448 1
  0.003935059912     3247245.680    0.2017324362   1.5753379e+13    0.1475210632    0.1471675927    3.940005254    0.1489970846 1
  0.004282153805     3593901.751    0.2061163126   1.5539367e+13    0.1425962276    0.1422445993    3.934041607    0.1475858761 1
  0.004621374755     3974344.892    0.2112121638   1.5367082e+13    0.1378106159    0.1374447675    3.927159679    0.1461673755 1
  0.004951416162     4400420.784    0.2177595763   1.5307703e+13    0.1333631478    0.1329975607    3.919395862    0.1447242269 1
  0.005270374506     4866623.855    0.2261740215   1.5372222e+13    0.1291781669    0.1288198399    3.910469212    0.1432578164 1
  0.005577054842     5361605.165    0.2355573596   1.5475908e+13    0.1251298126    0.1247782375    3.900275657    0.1417483664 1
  0.005870757588     5871974.906    0.2466313595   1.5644577e+13    0.1211129183    0.1207699296    3.888206269    0.1401724036 1
  0.006150859877     6396705.334    0.2590063792   1.5816498e+13    0.1169469710    0.1166049326    3.873538302    0.1385001899 1
  0.006416688505     6948022.002    0.2738774394   1.6026367e+13    0.1125023267    0.1121520052    3.854771008    0.1366876375 1
  0.006666791665     7538001.654    0.2926958914   1.6326905e+13    0.1077940684    0.1074373480    3.830174203    0.1346751467 1
  0.006899191363     8166756.853    0.3173618117   1.6735449e+13    0.1026329272    0.1022647632    3.796160482    0.1324032914 1
  0.007111205226     8855012.246    0.3520603154   1.7344987e+13   0.09689618493   0.09651710250    3.746583202    0.1297608541 1
  0.007299879977     9607270.911    0.4013764466   1.8161502e+13   0.09042801734   0.09004428200    3.671585726    0.1265983960 1
  0.007462902244     10427178.50    0.4727022229   1.9106129e+13   0.08289647677   0.08250646034    3.552718422    0.1227343428 1
  0.007598521548     11295548.06    0.5823998614   2.0290599e+13   0.07449892631   0.07412252253    3.367159886    0.1179327940 1
  0.007707848005     12087615.34    0.7286108679   2.1233292e+13   0.06601145467   0.06571623047    3.122366250    0.1120324451 1
  0.007796143701     12701201.20    0.8906978795   2.1624470e+13   0.05859442364   0.05837810904    2.868531866    0.1056165682 1
  0.007869506819     13156814.05     1.052091202   2.1890758e+13   0.05305847970   0.05291004209    2.660643287   0.09987458158 1
  0.007933379002     13463706.93     1.170266384   2.1331775e+13   0.04863479609   0.04852326031    2.498265283   0.09553503092 1
  0.007991512155     13689443.87     1.268542946   2.0865711e+13   0.04538523149   0.04529804735    2.382462152   0.09247548196 1
  0.008045806281     13881295.77     1.340451289   2.0342402e+13   0.04293479244   0.04286799708    2.298522768   0.09021624489 1
  0.008097861701     14004252.11     1.379231690   1.9532367e+13   0.04086702505   0.04081280500    2.233669470   0.08859323999 1
  0.008149020497     14130437.03     1.387579774   1.8485132e+13   0.03905324953   0.03900242639    2.183154927   0.08737411579 1
  0.008200144640     14248881.56     1.381097068   1.7538750e+13   0.03767025273   0.03762934523    2.145564732   0.08641554145 1
  0.008251983808     14314743.92     1.349736195   1.6421000e+13   0.03643697133   0.03640024807    2.115456811   0.08564568410 1
  0.008305450912     14423453.50     1.298588825   1.5205315e+13   0.03533491127   0.03529694171    2.092028495   0.08499330776 1
  0.008361381490     14530482.20     1.233803242   1.3993112e+13   0.03443932929   0.03440666901    2.072702808   0.08443193480 1
  0.008420963511     14614409.62     1.145141506   1.2596551e+13   0.03356943088   0.03353506688    2.057501689   0.08391775063 1
  0.008486227867     14729040.41     1.029779370   1.0991762e+13   0.03271850345   0.03268076190    2.044157021   0.08344255826 1
  0.008558560439     14892486.58    0.8993489792   9.4721442e+12   0.03228024468   0.03223375644    2.044818910   0.08295365957 1
  0.008632566284     15092463.45    0.7486001658   8.0930027e+12   0.03277845321   0.03271967205    2.078202348   0.08251555384 1
  0.008705564357     15279297.70    0.5765872541   6.7240396e+12   0.03437168787   0.03427970258    2.167409636   0.08212936486 1
  0.008784124415     15509330.79    0.4047332748   5.5622603e+12   0.03797785228   0.03782143155    2.379514994   0.08173255506 1
  0.008876250781     15751051.02    0.2632322686   4.6728764e+12   0.04408438658   0.04391073378    2.760004393   0.08144480094 1
  0.008991458435     15657399.37    0.1624543967   3.6256796e+12   0.05014516492   0.05011145660    3.152139909   0.08147185915 1
  0.009138397616     15080802.08    0.1009112055   2.5823523e+12   0.05398739267   0.05406909503    3.419853039   0.08164362811 1
  0.009310240998     14390063.36   0.07320209209   1.9956784e+12   0.05584273173   0.05581547834    3.554279938   0.08166639096 1
  0.009485840115     13932598.83   0.06022880924   1.7169160e+12   0.05739351097   0.05727488557    3.634986357   0.08179692313 1
  0.009649186914     13713722.24   0.05292377661   1.5822286e+12   0.05937426433   0.05927096419    3.698441086   0.08196367963 1
  0.009794098843     13574409.92   0.04784242592   1.5028050e+12   0.06167950585   0.06161431176    3.751360023   0.08212589067 1
  0.009919732191     13473501.74   0.04399845313   1.4498557e+12   0.06412145382   0.06408577705    3.794101173   0.08226972033 1
  0.009986631558     13424601.21    0.1966773173   1.3926862e+12   0.06686891991   0.06803633358    15.84681581   0.08241722242 0
   0.01000481094     13524581.08    0.1864260343   1.3534832e+12   0.06770955663   0.06894301028    16.02581902   0.07815708134 0
   0.01002332783     13547333.25    0.1894494672   1.4133647e+12   0.06883715077   0.07116174439    16.23158458   0.07818992971 0
   0.01004194026     13427117.10    0.1845371835   1.4049488e+12   0.06950435857   0.07362018510    16.35787443   0.07820091488 0
   0.01006108158     13363023.29    0.1791331573   1.3918862e+12   0.07006790432   0.07776453975    16.49379022   0.07820128615 0
   0.01008100605     13319070.05    0.1703848326   1.3578079e+12   0.07054201633   0.08571605570    16.63126145   0.07817194212 0
   0.01010192578     13290864.45    0.1624836534   1.3447616e+12   0.07107757913    0.1014693771    16.78759139   0.07808917594 0
   0.01012421604     13232498.03    0.1502228652   1.3169285e+12   0.07167623966    0.1269483724    16.99648717   0.07798288616 0
   0.01014877034     13139103.11    0.1341254010   1.2837871e+12   0.07230351706    0.1691200302    17.25545964   0.07778736789 0
   0.01017660640     13023867.57    0.1170555481   1.2521832e+12   0.07295082470    0.2206299647    17.54919861   0.07750939300 0
   0.01020894612     12881291.46   0.09956019411   1.2163579e+12   0.07373584384    0.2857130016    17.90168633   0.07715771570 0
   0.01024745222     12681823.60   0.08273315935   1.1682729e+12   0.07470143124    0.3695373121    18.31657504   0.07671439518 0
   0.01029694233     12251068.61   0.06113519295   1.0439316e+12   0.07594623582    0.5018730585    18.95289980   0.07618271612 0
   0.01037540357     11122097.01   0.03479701946   6.5993209e+11   0.07767783979    0.5653458581    20.01237256   0.07535410584 0
   0.01051758051     9023941.333   0.01887592528   3.3919997e+11   0.08099532919    0.4555473800    21.30579103   0.07405754345 0
   0.01075803628     6271433.858   0.01173385888   1.6912350e+11   0.07773395564    0.2683830701    21.45330951   0.07265925381 0
   0.01111266292     3520185.561  0.008431931392   9.8896697e+10   0.07410078679    0.1325804186    21.33249265   0.07179475713 0
   0.01156545943     1528124.450  0.007059843496   7.4782751e+10   0.07160902319   0.07019201299    21.16456823   0.07125634798 0
   0.01207640039     649386.7423  0.006578294758   6.7847302e+10   0.07038937717   0.06402834324    21.05525589   0.07097144127 0
   0.01260646896     475058.3641  0.006551374889   6.6810546e+10   0.06987252354   0.06347751831    20.97380853   0.07079569436 0
   0.01313883769     468939.8631  0.006521579486   6.5953454e+10   0.06949136734   0.06301378490    20.91461239   0.07064673942 0
   0.01367164117     456906.6474  0.006540667901   6.5654088e+10   0.06917390929   0.06264144918    20.85618987   0.07050294320 0
   0.01420527160     454155.2233  0.006501427483   6.4682587e+10   0.06877127347   0.06212663670    20.79378972   0.07036132817 0
   0.01473806282     462430.4996  0.006561367419   6.4760471e+10   0.06845345753   0.06181140760    20.72638755   0.07020146575 0
   0.01526907521     453260.2640  0.006544931345   6.4099140e+10   0.06811444108   0.06139715476    20.67002890   0.07006248592 0
   0.01580152777     442334.3029  0.006525924367   6.3404672e+10   0.06776676313   0.06097269530    20.61227572   0.06992003828 0
   0.01633479981     437370.8009  0.006524818122   6.2872039e+10   0.06741703967   0.06056583542    20.55016032   0.06977766452 0
   0.01686858528     440538.9652  0.006513381184   6.2254787e+10   0.06707197000   0.06015237091    20.49062069   0.06963343903 0
   0.01740289964     445611.8390  0.006511902169   6.1742034e+10   0.06673673598   0.05974959291    20.43048347   0.06949186879 0
   0.01793701339     447719.2679  0.006518276537   6.1303998e+10   0.06640467765   0.05936012044    20.36898948   0.06934864712 0
   0.01847148731     438795.9643  0.006503136029   6.0690942e+10   0.06608182267   0.05894778084    20.31312429   0.06920401678 0
   0.01900519305     426171.5876  0.006537089263   6.0513976e+10   0.06576434627   0.05860086353    20.24814925   0.06905648408 0
   0.01953969531     432830.4703  0.006483833224   5.9551790e+10   0.06542506226   0.05813443927    20.19621382   0.06890673841 0
   0.02007404453     419772.0455  0.006540850026   5.9609266e+10   0.06513571446   0.05782250135    20.13096370   0.06875347019 0
   0.02060564386     396683.2392  0.006550964902   5.9193974e+10   0.06479878285   0.05742285558    20.06593357   0.06859939427 0
   0.02113783157     393870.0181  0.006526414402   5.8498074e+10   0.06446837467   0.05700676587    20.00865326   0.06844371475 0
   0.02167401801     423630.4150  0.006453797777   5.7316266e+10   0.06407478192   0.05648925981    19.94840964   0.06828877493 0
   0.02221411475     462468.6509  0.006432070943   5.6729719e+10   0.06379599947   0.05612255212    19.89978676   0.06812931048 0
   0.02274955498     425232.0984  0.006567229458   5.7503036e+10   0.06356783165   0.05596697873    19.82900704   0.06798139766 0
   0.02327989589     384513.0583  0.006555653024   5.6826423e+10   0.06316998566   0.05556637946    19.75442662   0.06783528511 0
   0.02381215985     375782.6406  0.006519904358   5.6025779e+10   0.06282494521   0.05504423899    19.69466715   0.06769055907 0
   0.02434465996     376086.5953  0.006549825340   5.5729787e+10   0.06246028182   0.05464244379    19.61747671   0.06755287770 0
   0.02487514120     386314.3880  0.006569605044   5.5434402e+10   0.06215265382   0.05430110652    19.55322478   0.06742124676 0
   0.02540630634     377120.3179  0.006533006024   5.4655388e+10   0.06181663372   0.05387608370    19.49418624   0.06729543669 0
   0.02593985544     357115.8011  0.006510996547   5.3994132e+10   0.06147964804   0.05346792005    19.43176262   0.06716922911 0
   0.02647328613     351047.2349  0.006535911766   5.3668587e+10   0.06112304044   0.05308826611    19.35563945   0.06704265971 0
   0.02700706732     351383.5796  0.006502467750   5.2924518e+10   0.06078534814   0.05267186558    19.29456577   0.06691444922 0
   0.02754222709     347779.8701  0.006502239351   5.2421353e+10   0.06043732572   0.05227937159    19.22430071   0.06678608323 0
   0.02807606601     343797.4098  0.006534725232   5.2201729e+10   0.06011633678   0.05194572488    19.15258328   0.06665612373 0
   0.02860916436     332856.0066  0.006520285088   5.1585745e+10   0.05976266734   0.05154207676    19.08313290   0.06652506575 0
   0.02914369580     333252.8488  0.006499740989   5.0912694e+10   0.05939786168   0.05112453761    19.01222441   0.06639174888 0
   0.02967799265     337492.9550  0.006526022266   5.0622358e+10   0.05906087321   0.05078340713    18.93724923   0.06625647327 0
   0.03021143855     335709.6944  0.006520469020   5.0082221e+10   0.05871055708   0.05039752455    18.86524059   0.06611874198 0
   0.03074516129     329884.9836  0.006519252666   4.9563810e+10   0.05835196863   0.05001813400    18.79222128   0.06597530787 0
   0.03127942723     327050.8063  0.006507222287   4.9001691e+10   0.05801639008   0.04962722797    18.72433022   0.06583896459 0
   0.03181375564     324340.8257  0.006517727114   4.8620261e+10   0.05769569769   0.04927748021    18.65339053   0.06571342892 0
   0.03234743394     312421.3356  0.006523082521   4.8188127e+10   0.05736231695   0.04895491753    18.58209085   0.06557953944 0
   0.03288203800     306744.5163  0.006495202187   4.7481666e+10   0.05699649834   0.04852866152    18.50994229   0.06543879681 0
   0.03341723819     307154.5786  0.006508536322   4.7112169e+10   0.05666897512   0.04818229219    18.43685163   0.06529930803 0
   0.03395184973     301200.8499  0.006509506710   4.6658105e+10   0.05633866285   0.04785952499    18.36797890   0.06514787417 0
   0.03448672274     304494.8000  0.006502176559   4.6180061e+10   0.05603345060   0.04747961691    18.30347339   0.06502420699 0
   0.03502069976     308129.9246  0.006531401105   4.6012125e+10   0.05577710523   0.04718979203    18.24199549   0.06491518626 0
   0.03555457187     302065.7453  0.006504726723   4.5445168e+10   0.05549452420   0.04687894461    18.18554180   0.06480205667 0
   0.03608915621     297221.7216  0.006513985058   4.5117624e+10   0.05521669334   0.04656120239    18.12298246   0.06469452413 0
   0.03662317230     292262.6085  0.006518575070   4.4740891e+10   0.05492556333   0.04621341547    18.05813140   0.06458715990 0
   0.03715767924     296501.8063  0.006502036480   4.4202344e+10   0.05461464358   0.04580778471    17.99269034   0.06448090365 0
   0.03769212709     297215.8296  0.006520018252   4.3939090e+10   0.05434336050   0.04549170815    17.92881323   0.06437553291 0
   0.03822732382     296983.6315  0.006483890989   4.3276863e+10   0.05402466527   0.04513213688    17.86483285   0.06426983014 0
   0.03876411109     303917.0291  0.006481387210   4.2897344e+10   0.05376022581   0.04480068625    17.80633473   0.06416351231 0
   0.03929994501     283918.7237  0.006507008608   4.2717930e+10   0.05351718005   0.04448519555    17.74685740   0.06405849311 0
   0.03983466630     280889.4251  0.006508362332   4.2331858e+10   0.05322748561   0.04418793997    17.68072275   0.06395432682 0
   0.04036789006     297698.2264  0.006543657167   4.2245726e+10   0.05301045604   0.04393943719    17.62514826   0.06384740445 0
   0.04090091413     281331.8059  0.006513227460   4.1703573e+10   0.05274811547   0.04358555483    17.57163443   0.06373909215 0
   0.04143508097     267693.8577  0.006515653490   4.1311227e+10   0.05245126903   0.04319703394    17.50365127   0.06363226151 0
   0.04196896526     267233.3417  0.006520123850   4.0967388e+10   0.05217905883   0.04287290387    17.44188393   0.06352663231 0
   0.04250327769     265350.4928  0.006505223815   4.0521392e+10   0.05191239208   0.04257072731    17.38351572   0.06342783694 0
   0.04303945696     270781.5536  0.006474826937   3.9992145e+10   0.05164987474   0.04222216022    17.32885868   0.06333515479 0
   0.04357645228     268703.3547  0.006485436051   3.9779246e+10   0.05144940530   0.04191303547    17.28051661   0.06324306743 0
   0.04411251636     274197.6504  0.006497343501   3.9563948e+10   0.05123620733   0.04171048444    17.22901052   0.06315080914 0
   0.04464840775     342662.9623  0.006489613545   3.9209074e+10   0.05099480673   0.04159863508    17.17448828   0.06306074560 0
   0.04518726751     368435.3796  0.006426110937   3.8579196e+10   0.05079201378   0.04121483845    17.13892335   0.06297057866 0
   0.04572098729     314361.9330  0.006616461224   3.9547071e+10   0.05073915412   0.04096112331    17.09101396   0.06288210672 0
   0.04624977170     276159.4019  0.006545422016   3.8853397e+10   0.05052098414   0.04053118172    17.05334247   0.06277721538 0
   0.04678246829     259461.5243  0.006519469841   3.8400059e+10   0.05029131293   0.04015583550    17.00438923   0.06269017772 0
   0.04731659844     254326.7998  0.006510312151   3.8054181e+10   0.05007138336   0.03980845758    16.95434438   0.06260396513 0
   0.04785155367     247519.4686  0.006499376275   3.7707099e+10   0.04985735922   0.03944851566    16.90587190   0.06251845605 0
   0.04838698353     254390.8356  0.006498770632   3.7406693e+10   0.04963552885   0.03908566189    16.85345329   0.06243346452 0
   0.04892238250     254442.6319  0.006500126374   3.7176508e+10   0.04945962185   0.03875746508    16.81142952   0.06234762235 0
   0.04945725790     249233.8213  0.006511504541   3.6955090e+10   0.04925308744   0.03832352691    16.76009322   0.06226387281 0
   0.04999151583     250675.0926  0.006515155662   3.6778203e+10   0.04910434054   0.03811955584    16.72401249   0.06217820691 0
   0.05052794307     264250.3538  0.006459066333   3.6220582e+10   0.04890301669   0.03777918322    16.68665055   0.06209499004 0
   0.05106954227     358211.8261  0.006391375535   3.5490923e+10   0.04859841723   0.03756687298    16.62579528   0.06201233033 0
   0.05160494304     386876.0343  0.006611193824   3.6786731e+10   0.04874934546   0.03733418108    16.62174987   0.06192792918 0
   0.05213840478     345596.7372  0.006437226876   3.5450223e+10   0.04841195348   0.03671605856    16.57266426   0.06181961854 0
   0.05268236649     326670.1563  0.006357544872   3.4624401e+10   0.04807960786   0.03627220252    16.50622434   0.06173772802 0
   0.05321787458     295952.9933  0.006645060736   3.6398055e+10   0.04833486205   0.03658843779    16.51604540   0.06165556390 0
   0.05374195377     272819.6428  0.006634612361   3.6124558e+10   0.04818709066   0.03595465389    16.48182558   0.06150226940 0
   0.05426915618     240379.5251  0.006566730795   3.5519778e+10   0.04799448995   0.03546967445    16.44757172   0.06140679021 0
   0.05479841123     211943.4019  0.006583085643   3.5454405e+10   0.04789190020   0.03511149242    16.41974772   0.06132527103 0
   0.05561605245     181681.8400  0.006607567382   3.5332255e+10   0.04772253949   0.03450517392    16.37403547   0.06121713936 0
   0.05673064444     155239.8389  0.006514486306   3.3388114e+10   0.04655250965   0.03320645752    16.00223195   0.06100174365 0
   0.05785374023     142489.9117  0.006507558930   3.0002721e+10   0.04373893859   0.03166543265    15.29504371   0.05966446649 0
   0.05897934253     138586.6130  0.006485522231   2.6807896e+10   0.04096223797   0.03024329736    14.55191419   0.05840712059 0
   0.06010346146     134214.4779  0.006524785421   2.4232036e+10   0.03833000318   0.02907348192    13.88883807   0.05691124034 0
   0.06122635523     129347.2006  0.006499647443   2.2839513e+10   0.03702071569   0.02828453365    13.54712220   0.05573032223 0
   0.06235114853     127217.1315  0.006502742256   2.1819601e+10   0.03597999030   0.02755345735    13.25551440   0.05521845806 0
   0.06347423019     115767.7372  0.006519484601   2.1024071e+10   0.03511132567   0.02699706306    13.00677939   0.05481009038 0
   0.06459907619     128733.2165  0.006482401003   2.0366015e+10   0.03453180593   0.02674328091    12.85168307   0.05444543053 0
   0.06572475915     139254.4979  0.006509769518   1.9587308e+10   0.03364808744   0.02592464456    12.59263992   0.05412306508 0
   0.06684753024     125369.2010  0.006516040885   1.9097015e+10   0.03311556859   0.02549455295    12.43646549   0.05385745782 0
   0.06797175076     114845.7467  0.006493013397   1.8627709e+10   0.03268504963   0.02511714557    12.31268234   0.05363517836 0
   0.06909624513     107462.3239  0.006512862367   1.8533571e+10   0.03253017201   0.02498464812    12.26508398   0.05343368617 0
   0.07022111952     111209.5988  0.006488634449   1.7581758e+10   0.03157836882   0.02414107276    11.97953595   0.05324372199 0
   0.07134465720     109886.7854  0.006528406983   1.7386858e+10   0.03126259732   0.02386239061    11.87839349   0.05305079259 0
   0.07246796849     118818.0059  0.006491242423   1.6926614e+10   0.03086003272   0.02349958834    11.76147265   0.05286828961 0
   0.07359443543     117627.8485  0.006491828336   1.6540919e+10   0.03043667589   0.02310306681    11.63161832   0.05269011898 0
   0.07471897701     109211.9480  0.006513507322   1.6275256e+10   0.03008557956   0.02283415798    11.52042355   0.05251793802 0
   0.07584185134     105614.2986  0.006511102941   1.5968282e+10   0.02975600208   0.02246973297    11.41852649   0.05235282710 0
   0.07696629813     95382.92278  0.006495311965   1.5990268e+10   0.02982918745   0.02239563124    11.44585838   0.05219360860 0
   0.07809242842     100479.4672  0.006491641097   1.4925623e+10   0.02861596578   0.02163871971    11.06285010   0.05203949858 0
   0.07921640878     101475.9466  0.006520214874   1.5102368e+10   0.02876328430   0.02155838339    11.10738647   0.05187888722 0
   0.08033971102     91906.95645  0.006499466362   1.4744612e+10   0.02840452831   0.02124638116    10.99672571   0.05173168818 0
   0.08146539266     102567.3362  0.006492665235   1.4561046e+10   0.02821107320   0.02105548998    10.93684144   0.05158673476 0
   0.08259013167     101833.9531  0.006510375497   1.4331926e+10   0.02791222365   0.02069281335    10.83927099   0.05144524125 0
   0.08371438269     86266.63384  0.006498296293   1.4116573e+10   0.02769189463   0.02047526836    10.77103994   0.05130591650 0
   0.08484070347     94825.16086  0.006486470120   1.3891130e+10   0.02745586083   0.02026210077    10.70119592   0.05116873603 0
   0.08596576545     97838.67248  0.006512867284   1.2757373e+10   0.02601026444   0.01952508716    10.22617574   0.05092671237 0
   0.08708931681     94658.43138  0.006503900348   1.2507033e+10   0.02572764433   0.01925228246    10.13499456   0.05081039892 0
   0.08821455829     99689.16061  0.006493318404   1.2461880e+10   0.02569949032   0.01916848339    10.12777894   0.05070340196 0
   0.08933881742     93397.95077  0.006515285452   1.2218639e+10   0.02535616878   0.01885626120    10.01148980   0.05059977143 0
   0.09046243381     82088.95235  0.006500738847   1.1981877e+10   0.02509691816   0.01859767731    9.927564396   0.05049792400 0
   0.09158740238     85267.84679  0.006499624519   1.1960586e+10   0.02507770253   0.01851566850    9.921860003   0.05039848623 0
   0.09271131316     81336.78521  0.006512987951   1.1732491e+10   0.02476772498   0.01822972154    9.816802165   0.05030132172 0
   0.09383515019     71947.30038  0.006500476761   1.1531897e+10   0.02454473884   0.01799923873    9.744016087   0.05020512624 0
   0.09495982170     70215.70081  0.006503320790   1.1459804e+10   0.02445312071   0.01785551812    9.713247556   0.05011075355 0
   0.09608459270     71363.20850  0.006499327279   1.1359956e+10   0.02434009283   0.01769247562    9.676091474   0.05001838547 0
   0.09720980067     78417.95967  0.006498270011   1.1179649e+10   0.02411614750   0.01746440846    9.601581859   0.04992746407 0
   0.09833490818     80920.99423  0.006500488150   1.0968038e+10   0.02384272779   0.01721428959    9.508614214   0.04983766718 0
   0.09946088629     71884.90742  0.006488230653   1.0856604e+10   0.02372889057   0.01704831703    9.471807490   0.04974915611 0
    0.1009284512     58259.23905  0.006536282456   1.0746784e+10   0.02349742349   0.01680911496    9.387222157   0.04966236345 0
    0.1027408468     47080.50086  0.006505294748   1.0473742e+10   0.02320965857   0.01647833264    9.293116282   0.04954909358 0
    0.1045585330     43337.56324  0.006498253972   1.0354303e+10   0.02307795184   0.01622619785    9.249277136   0.04941180242 0
    0.1063767432     44820.57754  0.006501544158   1.0109461e+10   0.02275403300   0.01589410569    9.137553844   0.04927885524 0
    0.1081948742     47617.93537  0.006498819820   1.0038265e+10   0.02267851918   0.01565805921    9.112308263   0.04913679869 0
    0.1100131496     46874.30407  0.006500511021   8.7577287e+09   0.02088417480   0.01476274924    8.390100701   0.04899667228 0
    0.1118308861     43835.99593  0.006502674253   8.0727393e+09   0.01985425657   0.01435561894    8.117621280   0.04522579211 0
    0.1136483833     40183.00129  0.006502222754   7.8891421e+09   0.01958577599   0.01413467425    8.023457958   0.04486487378 0
    0.1154657825     36461.96084  0.006503375526   7.7270530e+09   0.01934471875   0.01392960001    7.936561337   0.04471081632 0
    0.1172832226     34092.95705  0.006501929990   7.5702422e+09   0.01911326551   0.01373519727    7.853067066   0.04456318314 0
    0.1191016554     33194.09598  0.006496277763   7.4187285e+09   0.01889422763   0.01355089942    7.774254327   0.04441876039 0
    0.1209197728     33491.76708  0.006504187860   7.2878805e+09   0.01868351686   0.01337291244    7.696723315   0.04427740039 0
    0.1227372843     31471.06856  0.006500607516   7.1522669e+09   0.01848147983   0.01320472525    7.623370951   0.04413882578 0
    0.1245551454     29591.84196  0.006501686289   7.0242428e+09   0.01828256404   0.01303577032    7.550463373   0.04400296652 0
    0.1263730036     28365.79816  0.006500628218   6.8994510e+09   0.01809051524   0.01287320692    7.480047507   0.04386970681 0
    0.1281910504     27803.57879  0.006500337091   6.7815147e+09   0.01790715378   0.01271704280    7.412590250   0.04373878516 0
    0.1300090868     27744.57711  0.006500702971   6.6652852e+09   0.01772463105   0.01256161036    7.345168682   0.04361014800 0
    0.1318270152     27745.54402  0.006501109331   6.5519752e+09   0.01754577733   0.01240948178    7.278901384   0.04348386552 0
    0.1336449842     26726.27254  0.006500412167   6.4432867e+09   0.01737499119   0.01226402924    7.215563063   0.04335992973 0
    0.1354630138     25793.70234  0.006500676165   6.3385644e+09   0.01720873244   0.01211855099    7.153646404   0.04323833331 0
    0.1372810872     25232.27586  0.006500099460   6.2373555e+09   0.01704841035   0.01197894456    7.093875373   0.04311897381 0
    0.1390990485     23957.99700  0.006501477610   6.1424634e+09   0.01689486259   0.01184443204    7.036295211   0.04300175925 0
    0.1409170747     23414.34934  0.006499635027   6.0458316e+09   0.01674219778   0.01171115624    6.979224232   0.04288659947 0
    0.1427351121     22872.46409  0.006501397834   5.9541298e+09   0.01659225820   0.01157695294    6.922667392   0.04277350857 0
    0.1445531958     22572.31331  0.006499304145   5.8650272e+09   0.01645106710   0.01145007030    6.869669347   0.04266237831 0
    0.1463713978     22774.57042  0.006500551910   5.7796766e+09   0.01631066420   0.01132637746    6.816506049   0.04255313347 0
    0.1481893562     22073.24939  0.006501045437   5.6923683e+09   0.01616772989   0.01119796659    6.762326843   0.04244567301 0
    0.1500073227     21299.22931  0.006500494629   5.6070833e+09   0.01602914034   0.01107067329    6.709412865   0.04233991522 0
    0.1518253600     20817.33578  0.006500538407   5.5222333e+09   0.01588949944   0.01094577420    6.656201393   0.04219387838 0
    0.1536434277     20588.78656  0.006500278194   5.4404083e+09   0.01575447208   0.01082630434    6.604634288   0.04208608395 0
    0.1554614696     20197.71206  0.006500721778   5.3574411e+09   0.01561564289   0.01070732129    6.551378097   0.04197891684 0
    0.1572798551     21125.37375  0.006497823211   5.2740104e+09   0.01547971098   0.01058884517    6.499393894   0.04187197281 0
    0.1590978906     20627.48100  0.006503224974   5.1955954e+09   0.01534102361   0.01047159471    6.445368337   0.04176425451 0
    0.1609156768     19122.88242  0.006499605722   5.1154777e+09   0.01521053657   0.01035464341    6.395222559   0.04164900173 0
    0.1627338066     19083.88072  0.006500765868   5.0376475e+09   0.01507645055   0.01024445704    6.343054190   0.04153094317 0
    0.1645518309     18605.31501  0.006500360323   4.9575904e+09   0.01494001455   0.01013012521    6.289933952   0.04140523032 0
    0.1663698590     18025.23486  0.006500738905   4.8769335e+09   0.01480018654   0.01001966718    6.235220275   0.04127231360 0
    0.1681878943     17499.51821  0.006500308831   4.7906644e+09   0.01464997608  0.009908300150    6.176305829   0.04113187068 0
    0.1700060057     17364.16016  0.006500194994   4.7077654e+09   0.01450477381  0.009797721766    6.119054301   0.04098089942 0
    0.1718241533     17435.63743  0.006500049711   4.6157896e+09   0.01434273598  0.009674282203    6.054610282   0.04082476985 0
    0.1736422248     17091.22973  0.006500739073   4.5124637e+09   0.01415674791  0.009549018151    5.978619106   0.04064634631 0
    0.1754602537     16298.34091  0.006500354410   4.3761582e+09   0.01391052191  0.009394456193    5.864053686   0.04039850234 0
    0.1772783531     15714.57824  0.006500235097   3.7886814e+09   0.01277857744  0.008935707792    5.380028587   0.03992245251 0
    0.1790964776     15421.36066  0.006500174306   3.5488115e+09   0.01228528205  0.008771860636    5.233810623   0.03655771040 0
    0.1809145530     14944.53768  0.006500586903   3.4610354e+09   0.01210761030  0.008675554618    5.163071395   0.03626786959 0
    0.1827326295     14503.32295  0.006500165750   3.3856665e+09   0.01195468202  0.008590379829    5.101561233   0.03608742685 0
    0.1845507753     14557.09531  0.006500092309   3.3149193e+09   0.01180957222  0.008509527976    5.042908708   0.03592209239 0
    0.1863689056     14470.84424  0.006500275857   3.2473750e+09   0.01166962134  0.008431641152    4.986081062   0.03576877323 0
    0.1881870100     14267.22987  0.006500277678   3.1900011e+09   0.01155017029  0.008363670369    4.937448940   0.03562567363 0
    0.1900051054     13923.85250  0.006500339996   3.1275485e+09   0.01141984119  0.008284333869    4.884148802   0.03549112649 0
    0.1918232617     14163.32067  0.006499842455   3.0792912e+09   0.01131815741  0.008227595839    4.842526480   0.03536378286 0
    0.1936416373     17090.52511  0.006498772678   3.0225374e+09   0.01119919925  0.008154004095    4.793670845   0.03524266402 0
    0.1954596970     16283.76349  0.006502101436   2.9707409e+09   0.01108517056  0.008089502003    4.746356850   0.03512667148 0
    0.1972775472     12975.45575  0.006500270049   2.9265702e+09   0.01099141278  0.008036337861    4.707732032   0.03501525172 0
    0.1990950918     11367.94198  0.006504289054   2.8830432e+09   0.01089446195  0.007974163793    4.667225085   0.03490784946 0
    0.2015657266     9005.765493  0.006501483788   2.8110097e+09   0.01073879146  0.007887956918    4.601994311   0.03480256574 0
    0.2046903247     7877.149154  0.006500188710   2.7453400e+09   0.01059586550  0.007797784429    4.542516434   0.03461951268 0
    0.2078152478     7507.568868  0.006500131222   2.6671283e+09   0.01041957382  0.007705087209    4.468492748   0.03442371031 0
    0.2109401869     7354.476310  0.006500121970   2.6002164e+09   0.01026828206  0.007616920632    4.404346132   0.03421468298 0
    0.2140651276     7117.493060  0.006500124838   2.5220995e+09   0.01008843965  0.007518627269    4.326769890   0.03397044501 0
    0.2171900705     6791.613065  0.006500112451   2.3688188e+09  0.009724260068  0.007345629832    4.158384515   0.03362997146 0
    0.2203150179     6560.889640  0.006500106632   2.2124288e+09  0.009334152271  0.007183903590    3.997722855   0.03296159620 0
    0.2234399676     6383.197075  0.006500102357   2.1057739e+09  0.009060792499  0.007064867072    3.883277839   0.03245958284 0
    0.2265649192     6231.457850  0.006500099057   2.0270756e+09  0.008855097773  0.006971177135    3.795824752   0.03210985393 0
    0.2296898724     6095.723664  0.006500095743   1.9644748e+09  0.008688923406  0.006892669445    3.724201458   0.03184964681 0
    0.2328148270     5970.381407  0.006500093230   1.9114582e+09  0.008546671879  0.006821919805    3.662195715   0.03164193247 0
    0.2359397827     5851.663618  0.006500090919   1.8643123e+09  0.008419441931  0.006755928446    3.606209864   0.03146525917 0
    0.2390647396     5738.092229  0.006500088429   1.8210528e+09  0.008300693715  0.006699082120    3.553532210   0.03130726475 0
    0.2421896977     5629.273017  0.006500085929   1.7804457e+09  0.008188446366  0.006644494854    3.503389895   0.03116080062 0
    0.2453146568     5523.526291  0.006500084297   1.7417443e+09  0.008082030719  0.006585960550    3.455552273   0.03102170196 0
    0.2484396168     5420.554748  0.006500081917   1.7046955e+09  0.007977838930  0.006535472691    3.408424215   0.03088750669 0
    0.2515645779     5320.724296  0.006500079962   1.6689461e+09  0.007876627651  0.006485566602    3.362365241   0.03075672682 0
    0.2546895399     5223.338267  0.006500078160   1.6343393e+09  0.007777976059  0.006436155960    3.317193419   0.03062845576 0
    0.2578145028     5128.359530  0.006500076146   1.6007670e+09  0.007681533002  0.006387436026    3.272751450   0.03050212496 0
    0.2609394666     5035.460575  0.006500074580   1.5681484e+09  0.007587013426  0.006339636979    3.228907202   0.03037736930 0
    0.2640644312     4944.888852  0.006500072572   1.5364846e+09  0.007492897818  0.006298610634    3.184943588   0.03025394861 0
    0.2671893967     4856.621747  0.006500071020   1.5056238e+09  0.007401786365  0.006252713653    3.142074852   0.03013170087 0
    0.2703143629     4770.200691  0.006500069342   1.4755807e+09  0.007312574535  0.006206487689    3.099782993   0.03001052211 0
    0.2734393300     4685.765189  0.006500067718   1.4463242e+09  0.007224989059  0.006160674324    3.057935857   0.02989033390 0
    0.2765642978     4603.115168  0.006500066316   1.4178342e+09  0.007138501162  0.006117003151    3.016274724   0.02977107866 0
    0.2796892663     4522.447038  0.006500064657   1.3901113e+09  0.007052154752  0.006078832424    2.974324822   0.02965271314 0
    0.2828142355     4443.702633  0.006500063201   1.3630629e+09  0.006968696252  0.006035490198    2.933425072   0.02953520566 0
    0.2859392055     4366.640636  0.006500061701   1.3367142e+09  0.006886610994  0.005992720618    2.892841809   0.02941853784 0
    0.2890641761     4291.135340  0.006500060683   1.3110386e+09  0.006805851276  0.005950439181    2.852555524   0.02930268887 0
    0.2921891473     4217.285747  0.006500059134   1.2860436e+09  0.006725104180  0.005913095965    2.811907316   0.02918764185 0
    0.2953141192     4145.187426  0.006500057877   1.2616668e+09  0.006646828988  0.005871916705    2.772148063   0.02907338228 0
    0.2984390917     4074.678855  0.006500056297   1.2379234e+09  0.006570141146  0.005830068625    2.732850359   0.02895990341 0
    0.3015640648     4005.591188  0.006500055705   1.2148000e+09  0.006493715700  0.005791774235    2.693344697   0.02884719452 0
    0.3046890384     3937.905615  0.006500054181   1.1922614e+09  0.006418807915  0.005752715251    2.654296177   0.02873524462 0
    0.3078140127     3871.909620  0.006500052689   1.1703013e+09  0.006344928888  0.005714402370    2.615471220   0.02862404760 0
    0.3109389875     3807.225468  0.006500052188   1.1489054e+09  0.006272041183  0.005676827625    2.576871153   0.02851359628 0
    0.3140639627     3743.774292  0.006500050766   1.1280543e+09  0.006200627242  0.005638436272    2.538777933   0.02840388439 0
    0.3171889387     3681.964766  0.006500049324   1.1077479e+09  0.006129302612  0.005603231632    2.500472923   0.02829490655 0
    0.3203139150     3621.348431  0.006500048989   1.0879568e+09  0.006060026397  0.005565381837    2.463220147   0.02818665605 0
    0.3234388918     3561.855924  0.006500047549   1.0686782e+09  0.005991429193  0.005528742852    2.426521207   0.02807913025 0
    0.3265638692     3503.797775  0.006500046617   1.0499038e+09  0.005923083705  0.005494400130    2.389787117   0.02797232299 0
    0.3296888470     3446.847299  0.006500045893   1.0316197e+09  0.005857035394  0.005456823023    2.354146697   0.02786622957 0
    0.3328138252     3391.073009  0.006500044696   1.0138489e+09  0.005791224719  0.005421775172    2.318504720   0.02776084819 0
    0.3359388039     3336.618107  0.006500043711   9.9653025e+08  0.005725508365  0.005389401086    2.282794441   0.02765617256 0
    0.3390637831     3283.288312  0.006500042943   9.7964226e+08  0.005661295278  0.005356037773    2.247800610   0.02755219898 0
    0.3421887627     3230.972939  0.006500042075   9.6316664e+08  0.005599402254  0.005319735604    2.213990469   0.02744892663 0
    0.3453137426     3179.716087  0.006500041218   9.4710333e+08  0.005536632471  0.005288126310    2.179627918   0.02734635315 0
    0.3484387230     3129.528537  0.006500040379   9.3142932e+08  0.005474917731  0.005256428095    2.145785268   0.02724447200 0
    0.3515637038     3080.358664  0.006500039566   9.1613174e+08  0.005414644290  0.005223751709    2.112689357   0.02714328244 0
    0.3546886850     3032.167989  0.006500038794   9.0119985e+08  0.005355394261  0.005191035969    2.080123177   0.02704278322 0
    0.3578136665     2984.922725  0.006500038048   8.8662219e+08  0.005296860748  0.005158899934    2.047928810   0.02694297177 0
    0.3609386484     2938.608691  0.006500037286   8.7238620e+08  0.005239150212  0.005127041334    2.016175034   0.02684384541 0
    0.3640636306     2893.070393  0.006500036853   8.5848342e+08  0.005181166397  0.005097655970    1.984266195   0.02674540212 0
    0.3671886132     2848.585827  0.006500035511   8.4490022e+08  0.005124271429  0.005067827241    1.952962189   0.02664763998 0
    0.3703135962     2805.128881  0.006500035115   8.3162704e+08  0.005068944431  0.005036628454    1.922534389   0.02655056039 0
    0.3734385795     2762.380279  0.006500034422   8.1865451e+08  0.005013682411  0.005006973744    1.892201182   0.02645416498 0
    0.3765635630     2720.316220  0.006500034048   8.0597300e+08  0.004965567824  0.004965567824    1.865697198   0.02635845537 0
    0.3796885470     2679.222701  0.006500032783   7.9357506e+08  0.004920504646  0.004920504646    1.840356999   0.02626343858 0
    0.3828135313     2639.081788  0.006500032444   7.8145174e+08  0.004876155216  0.004876155216    1.815530861   0.02616910750 0
    0.3859385158     2599.550299  0.006500031849   7.6959454e+08  0.004832502685  0.004832502685    1.791204610   0.02607545629 0
    0.3890635006     2560.610486  0.006500031519   7.5799566e+08  0.004789531564  0.004789531564    1.767364942   0.02598248178 0
    0.3921884858     2522.717908  0.006500030059   7.4664747e+08  0.004747226987  0.004747226987    1.743999142   0.02589018232 0
    0.3953134713     2485.558819  0.006500030315   7.3554318e+08  0.004705575190  0.004705575190    1.721095132   0.02579855715 0
    0.3984384569     2448.814410  0.006500029451   7.2467562e+08  0.004664562364  0.004664562364    1.698641171   0.02570760607 0
    0.4015634429     2412.925019  0.006500028874   7.1403837e+08  0.004624175602  0.004624175602    1.676626035   0.02561732922 0
    0.4046884292     2377.873016  0.006500028057   7.0362505e+08  0.004584402227  0.004584402227    1.655038842   0.02552772703 0
    0.4078134157     2343.346937  0.006500028030   6.9342967e+08  0.004545230050  0.004545230050    1.633869081   0.02543880013 0
    0.4109384024     2309.326533  0.006500027245   6.8344613e+08  0.004506646855  0.004506646855    1.613106451   0.02535054935 0
    0.4140633895     2276.228446  0.006500026488   6.7366873e+08  0.004468640724  0.004468640724    1.592740885   0.02526297564 0
    0.4171883768     2243.606767  0.006500026473   6.6409180e+08  0.004431199474  0.004431199474    1.572762315   0.02517608006 0
    0.4203133643     2211.613907  0.006500025468   6.5470932e+08  0.004394309833  0.004394309833    1.553160315   0.02508986373 0
    0.4234383521     2180.257341  0.006500025433   6.4551528e+08  0.004357956920  0.004357956920    1.533923647   0.02500432767 0
    0.4265633401     2149.539703  0.006500024456   6.3650235e+08  0.004322121429  0.004322121429    1.515039034   0.02491947262 0
    0.4296883283     2119.484658  0.006500024401   6.2766178e+08  0.004286776424  0.004286776424    1.496489296   0.02483529863 0
    0.4328133168     2090.149191  0.006500023406   6.1898073e+08  0.004251879126  0.004251879126    1.478249390   0.02475180429 0
    0.4359383056     2061.606638  0.006500023322   6.1043974e+08  0.004217357469  0.004217357469    1.460279395   0.02466898528 0
    0.4390632947     2034.042703  0.006500022231   6.0200546e+08  0.004183082555  0.004183082555    1.442510837   0.02458683160 0
    0.4421882841     2007.841031  0.006500021857   5.9361943e+08  0.004148818441  0.004148818441    1.424821294   0.02450532241 0
    0.4453132749     1991.793500  0.006500016335   5.8517391e+08  0.004114123554  0.004114123554    1.406985466   0.02442441612 0
    0.4484414143     13028.07004  0.006486950075   5.7515977e+08  0.004077024782  0.004077024782    1.388356301   0.02434403174 0
