Hyades gray [cm cm/s g/cc dyne/cm2 keV keV keV 1 1]_hd11
0  1.10023e-09 1 1 8
339
3.e12
x ux rho p te ti tr z material laserpower
   -0.2929376612     -361748846.8 1.657305071e-05   8.3779865e+10     10.42499518     5.453089823 3.000000000e-05     3.999999875 1
   -0.1902811620     -258721786.2 5.981111698e-05   2.6827828e+11     10.42454832    0.1403376757    0.1167471651     3.999999551 1
   -0.1342846919     -207264122.2 0.0001045816350   4.6770277e+11     10.42403427   0.01839443565    0.1167472473     3.999999220 1
  -0.08107192024     -171000245.8 0.0001482688462   6.6309807e+11     10.42312899   0.02330022296    0.1167473275     3.999998903 1
  -0.03669616293     -124129859.6 0.0003574899337   6.2759606e+11     4.083922799   0.03962185859    0.1167474058     3.999995857 1
  -0.01615537563     -51965998.00  0.002591519634   4.6850405e+12     4.187024408    0.1148609188    0.1167474819     3.999980051 1
  -0.01250311684     -10176646.61    0.1047689155   6.6506557e+12    0.1200268495    0.1170273412    0.1167475798     3.958163702 1
  -0.01221319597     -8783049.717    0.1289364663   8.0000899e+12    0.1167784254    0.1180962915    0.1167477283     3.944691587 1
  -0.01177034057     -10214310.84    0.1086088587   6.7557505e+12    0.1167305757    0.1187704231    0.1167011831     3.952984137 1
  -0.01113927607     -11787273.60    0.1018409605   6.3212940e+12    0.1166099866    0.1177045709    0.1166202868     3.955627840 1
  -0.01043336937     -12897489.43   0.09872331181   6.1208897e+12    0.1164881377    0.1174010877    0.1165165066     3.956781514 1
 -0.009724614368     -13473892.35    0.1010129250   6.2498731e+12    0.1163395259    0.1169257792    0.1164028679     3.955623920 1
 -0.009012919077     -13270265.80   0.09792007102   6.0496331e+12    0.1161913856    0.1165366838    0.1162832753     3.956736763 1
 -0.008272137556     -12847823.90   0.09326892408   5.7608090e+12    0.1160873464    0.1165847345    0.1161592041     3.958602507 1
 -0.007502849968     -12627951.50   0.09076076008   5.6015912e+12    0.1159697953    0.1164990708    0.1160363046     3.959543512 1
 -0.006712008625     -12301850.78   0.08825515802   5.4414263e+12    0.1158414293    0.1163155893    0.1159136629     3.960475402 1
 -0.005904273467     -11652856.17   0.08699141169   5.3564509e+12    0.1157033641    0.1160605583    0.1157900435     3.960864377 1
 -0.005096392241     -10685012.97   0.08822301814   5.4244118e+12    0.1155662853    0.1158506743    0.1156651249     3.960174412 1
 -0.004292820531     -9591432.080   0.08792288617   5.3997423e+12    0.1154352516    0.1157119736    0.1155372514     3.960158730 1
 -0.003508371554     -8573546.530   0.09263966739   5.6806011e+12    0.1153009151    0.1156108106    0.1154061583     3.957947837 1
 -0.002755409252     -7677605.056   0.09538520539   5.8400408e+12    0.1151564049    0.1154689506    0.1152695040     3.956576214 1
 -0.002038162987     -6908514.078    0.1021951980   6.2449153e+12    0.1150023866    0.1153405520    0.1151247500     3.953409652 1
 -0.001370269086     -6345916.246    0.1100214791   6.7088968e+12    0.1148348074    0.1152112287    0.1149699946     3.949773732 1
-0.0007500277207     -5814419.081    0.1185036306   7.2069331e+12    0.1146390977    0.1149306288    0.1148008196     3.945789156 1
-0.0001712390645     -5190233.341    0.1262992629   7.6610209e+12    0.1144322940    0.1146939108    0.1146147845     3.942072809 1
 0.0003786458035     -4571141.031    0.1312033916   7.9391508e+12    0.1142133299    0.1144670300    0.1144118223     3.939576464 1
 0.0009056536179     -3902079.181    0.1375287091   8.2984304e+12    0.1139757875    0.1141731317    0.1141939269     3.936401291 1
  0.001409721995     -3215180.570    0.1434000599   8.6289235e+12    0.1137284639    0.1139422282    0.1139613995     3.933390025 1
  0.001896835960     -2552854.642    0.1472301669   8.8345370e+12    0.1134639455    0.1136553178    0.1137134386     3.931208449 1
  0.002372302841     -1842127.733    0.1505036447   9.0048621e+12    0.1131860704    0.1133550721    0.1134507062     3.929221135 1
  0.002840224615     -1065323.691    0.1520018903   9.0684571e+12    0.1128960669    0.1130372698    0.1131745738     3.927971216 1
  0.003302561217     -216320.7320    0.1541657914   9.1696780e+12    0.1125948539    0.1127123268    0.1128863859     3.926384805 1
  0.003757690358      575697.1119    0.1568581555   9.3016673e+12    0.1122860691    0.1124582892    0.1125867900     3.924536363 1
  0.004208692157      1234684.315    0.1569886616   9.2816457e+12    0.1119630041    0.1121607726    0.1122746259     3.923785844 1
  0.004654614113      1895325.187    0.1604715847   9.4535162e+12    0.1116208850    0.1117853815    0.1119497110     3.921443593 1
  0.005087478604      2564039.342    0.1666419565   9.7783927e+12    0.1112610145    0.1114396446    0.1116099554     3.917802842 1
  0.005506427307      3155592.897    0.1712803897   1.0010132e+13    0.1108781223    0.1110748572    0.1112497258     3.914760124 1
  0.005915979365      3721118.145    0.1743574127   1.0147199e+13    0.1104704966    0.1106521440    0.1108660692     3.912322706 1
  0.006315528598      4340917.239    0.1799951450   1.0425515e+13    0.1100361533    0.1101844557    0.1104594411     3.908568851 1
  0.006699197559      4948341.370    0.1891583026   1.0898077e+13    0.1095716593    0.1097392712    0.1100273061     3.903018575 1
  0.007062898201      5593443.076    0.2003441407   1.1471375e+13    0.1090601878    0.1091604242    0.1095623215     3.896252799 1
  0.007411646821      6508530.023    0.2055903694   1.1699318e+13    0.1085066444    0.1084883267    0.1090548798     3.892031121 1
  0.007752490779      7510792.853    0.2097302380   1.1863279e+13    0.1079295806    0.1079605377    0.1085071278     3.888217244 1
  0.008080175536      8474327.219    0.2226096140   1.2496056e+13    0.1073016238    0.1072887393    0.1079276961     3.879847193 1
  0.008389998738      9421399.270    0.2345616487   1.3061521e+13    0.1066181632    0.1066307882    0.1073019691     3.871556913 1
  0.008677045261      10417381.08    0.2598406832   1.4316320e+13    0.1058477831    0.1057621850    0.1066174070     3.856099709 1
  0.008930848729      11536974.30    0.3008568154   1.6355065e+13    0.1049609464    0.1048410268    0.1058508999     3.832147268 1
  0.009150231342      12845974.97    0.3477297109   1.8598007e+13    0.1039123026    0.1035995744    0.1049649546     3.803995190 1
  0.009335438891      14705057.71    0.4240754433   2.1712187e+13    0.1007716298    0.1000576273    0.1039212869     3.746175148 1
  0.009478161789      17201682.94    0.5969426079   2.6970718e+13   0.09236232348   0.09120720875    0.1007895318     3.575373855 1
  0.009571477779      20012419.96     1.039654697   3.3500092e+13   0.07546407320   0.07411212813   0.09238379811     3.000723368 1
  0.009621018847      22054721.77     2.282340789   3.8491566e+13   0.05676418428   0.05553640380   0.07548091376     1.792928933 1
  0.009647457057      22783016.17     3.236421497   3.6695305e+13   0.04695082709   0.04658630562   0.05677332450     1.260316511 1
  0.009669752567      22754383.51     3.005518227   3.1066522e+13   0.04368543158   0.04374078827   0.04695192564     1.205768776 1
  0.009692204801      22351561.95     2.432420473   2.2840451e+13   0.03985465973   0.04003517356   0.04368546152     1.193126588 1
  0.009715189467      21717865.81     1.791777830   1.4732537e+13   0.03503956942   0.03535217327   0.03985460452     1.179885086 1
  0.009740939829      20904703.39     1.215066487   8.4931046e+12   0.02985547867   0.03021191953   0.03503961795     1.171872695 1
  0.009771821988      20043409.42    0.7811968259   4.9135509e+12   0.02630002734   0.02646940388   0.02985623487     1.224313205 1
  0.009809240765      19391189.83    0.5152538503   3.3735728e+12   0.02583296672   0.02560892236   0.02630252978     1.372780878 1
  0.009851257512      19212519.31    0.3838765433   2.9210547e+12   0.02769089774   0.02738109022   0.02583971125     1.574396022 1
  0.009894358718      19398120.66    0.3053328085   2.7954155e+12   0.03045474706   0.03011824486   0.02769870554     1.815131006 1
  0.009936350933      19617594.50    0.2525283601   2.7312036e+12   0.03309704905   0.03282433001   0.03046162407     2.056327348 1
  0.009975233287      19809554.10    0.2228223577   2.7188945e+12   0.03519771845   0.03490369317   0.03310183442     2.241994829 1
   0.01000982562      19999236.25    0.1992747005   2.6641176e+12   0.03684790082   0.03654052431   0.03520177445     2.392582490 1
   0.01003976809      20122096.12    0.1862018868   2.6573296e+12   0.03811978163   0.03793625111   0.03685113428     2.496890826 1
   0.01005720896      20143686.00    0.4673007624   2.6709204e+12   0.03908205599    0.1888084210   0.03812154433     8.714843671 0
   0.01006388106      20117297.27    0.5900356064   2.6792809e+12   0.03982221854    0.1449063782   0.03907928653     8.620502646 0
   0.01006928093      20100154.88    0.7098539466   2.6806122e+12   0.04047072079    0.1120028134   0.03982027110     8.550338656 0
   0.01007428775      20087266.08    0.6807773295   2.6745046e+12   0.04106221475    0.1161533151   0.04046980552     8.651758967 0
   0.01007990148      20072838.04    0.5689711006   2.6628579e+12   0.04162922759    0.1445207550   0.04106164795     8.874198200 0
   0.01008693015      20055977.63    0.4381842126   2.6476932e+12   0.04217697424    0.1927738872   0.04162850476     9.192632384 0
   0.01009620350      20034620.36    0.3281192330   2.6294247e+12   0.04269623078    0.2530062674   0.04217529567     9.568601106 0
   0.01010927869      19997207.90    0.2238517457   2.6126645e+12   0.04317402401    0.3640427305   0.04269225269     10.07478520 0
   0.01013059751      19914545.07    0.1284411871   2.6007217e+12   0.04360351259    0.6251913667   0.04316309907     10.80843609 0
   0.01016469604      19775333.14   0.08465733247   2.6095622e+12   0.04397004876    0.9554700890   0.04356194148     11.38121975 0
   0.01021241387      19607534.62   0.06404793553   2.6274587e+12   0.04424921511     1.275958654   0.04386267657     11.77347833 0
   0.01027226559      19439013.15   0.05323047005   2.6217089e+12   0.04440916753     1.544399039   0.04405046148     12.02849155 0
   0.01034203832      19243119.84   0.04691450779   2.5894748e+12   0.04442469872     1.743290835   0.04411108163     12.18307286 0
   0.01042078187      18607888.10   0.04176730363   2.4508097e+12   0.04432781583     1.867028860   0.04403094185     12.30559625 0
   0.01052991019      16427947.18   0.02578722406   1.2263322e+12   0.04430478016     1.560238778   0.04379720270     12.87461356 0
   0.01071537157      12316275.73   0.01474615387   3.5514069e+11   0.04385088969    0.8038223160   0.04339078594     13.41577115 0
   0.01101256150      7383516.657  0.009709262201   9.4798852e+10   0.04270061716    0.2896884430   0.04285581127     13.62127485 0
   0.01142385158      3119777.885  0.007496651349   3.5987187e+10   0.04127696195   0.07936787440   0.04228301286     13.56999437 0
   0.01191735068      732375.7202  0.006655851135   2.6120071e+10   0.04011587769   0.02365647183   0.04171565488     13.41839738 0
   0.01244590605      97240.36100  0.006512903747   2.4747482e+10   0.03938182767   0.02149850520   0.04115945628     13.25992413 0
   0.01298035123      63087.17328  0.006509192274   2.4065874e+10   0.03874890444   0.02068486593   0.04060404465     13.10121264 0
   0.01351487418      57877.71225  0.006511008495   2.3393169e+10   0.03809743563   0.01987400183   0.04004294256     12.93530021 0
   0.01404929637      51257.21183  0.006511646761   2.2697647e+10   0.03741942266   0.01908454761   0.03947485757     12.76098885 0
   0.01458389343      45352.03216  0.006506750745   2.1962340e+10   0.03670881064   0.01833931860   0.03889995353     12.57715559 0
   0.01511881883      41801.72720  0.006503654664   2.1208206e+10   0.03596311811   0.01761613063   0.03831872477     12.38167325 0
   0.01565390966      39682.74184  0.006502727779   2.0427206e+10   0.03517286452   0.01690162341   0.03773192746     12.17168105 0
   0.01618907430      38255.89027  0.006501860768   1.9600311e+10   0.03432286643   0.01619133663   0.03714061433     11.94307026 0
   0.01672427691      37135.38513  0.006501805327   1.8715261e+10   0.03339555255   0.01546986532   0.03654637330     11.69042660 0
   0.01725948151      35922.91158  0.006501812158   1.7753533e+10   0.03236877802   0.01473362666   0.03595151763     11.40703872 0
   0.01779468522      34535.07670  0.006501827222   1.6703071e+10   0.03122310637   0.01397819493   0.03535928833     11.08648705 0
   0.01832988441      32930.07976  0.006501921676   1.5576559e+10   0.02996337016   0.01322246676   0.03473878017     10.72910488 0
   0.01886507849      31103.98417  0.006501951724   1.4395763e+10   0.02860582271   0.01246546832   0.03405278153     10.33916352 0
   0.01940026920      29064.52348  0.006502003223   1.3188105e+10   0.02717207396   0.01172437298   0.03330912553     9.924625730 0
   0.01993545811      26840.19093  0.006501995597   1.1982453e+10   0.02568664661   0.01102153088   0.03251786386     9.499137359 0
   0.02047065764      24638.67909  0.006501745312   1.0798316e+10   0.02416472497   0.01035781407   0.03168809295     9.081627832 0
   0.02100588101      22672.66778  0.006501416138   9.6348424e+09   0.02259120964  0.009754780306   0.03082449920     8.692498240 0
   0.02154112664      20807.50397  0.006501204696   8.4642655e+09   0.02090577938  0.009230240081   0.02992227478     8.350790087 0
   0.02207638915      18696.94521  0.006501006070   7.2287748e+09   0.01898498952  0.008759631994   0.02894442438     8.066938259 0
   0.02261167363      16178.87475  0.006500671157   5.8372141e+09   0.01662480025  0.008304823308   0.02776505335     7.787314329 0
   0.02314700753      13617.88433  0.006499805551   4.2502798e+09   0.01372086553  0.007729291826   0.02616148656     7.143385028 0
   0.02368237618      11435.19070  0.006499827563   2.8665691e+09   0.01088044247  0.006954334685   0.02427706699     6.093018627 0
   0.02421757225      7693.520054  0.006503998480   1.8754881e+09  0.008421717672  0.006313626111   0.02257625196     5.133769605 0
   0.02475267789      3680.454463  0.006502024274   1.3867377e+09  0.007017315734  0.005819878648   0.02115824319     4.360983364 0
   0.02528793711      2133.506233  0.006500266703   1.1278249e+09  0.006182771759  0.005486044951   0.02013623590     3.878421297 0
   0.02582327304      1652.278395  0.006500160862   9.6215700e+08  0.005582055288  0.005250907705   0.01935788934     3.520460354 0
   0.02635861558      1346.041402  0.006500106239   8.4914217e+08  0.005139382846  0.005057816366   0.01878148743     3.239913016 0
   0.02689396159      1142.926000  0.006500076433   7.6225601e+08  0.004805328968  0.004805328968   0.01829468393     2.961207376 0
   0.02742930934      975.0782687  0.006500063893   6.7671440e+08  0.004480489710  0.004480489710   0.01776738784     2.663127475 0
   0.02796465820      818.7224056  0.006500049821   5.9044184e+08  0.004135777105  0.004135777105   0.01717477449     2.358202378 0
   0.02850000807      674.3181412  0.006500039186   5.0227284e+08  0.003764021933  0.003764021933   0.01649703432     2.043808505 0
   0.02903535878      541.6298453  0.006500029305   4.1372341e+08  0.003369518935  0.003369518935   0.01570581815     1.726703957 0
   0.02957071022      419.9121836  0.006500021700   3.1901836e+08  0.002923750311  0.002923750311   0.01476183602     1.388616332 0
   0.03010606220      286.5457429  0.006500015957   2.1521899e+08  0.002299138637  0.002299138637   0.01358130036    0.9522894846 0
   0.03064141473      148.4397466  0.006500008434   1.0295693e+08  0.001480723078  0.001480723078   0.01186400000    0.4791795088 0
   0.03117676781      48.98170993  0.006500002698       36129329. 0.0007716498843 0.0007716498843  0.008591789973    0.1601523560 0
   0.03171212122      7.048433865  0.006500000255       513226.08 4.077805377e-05 4.077805377e-05  0.003039563630  0.001978394638 0
   0.03224747475    0.08124297911  0.006500000004       4603.2599 3.009681423e-05 3.009681423e-05  0.001238304262  0.001369680243 0
   0.03278282828  8.020335111e-05  0.006500000000     0.039343692 3.000000083e-05 3.000000083e-05 6.957535686e-05  0.001367610936 0
   0.03331818182  1.352459839e-09  0.006500000000   1.4931787e-06 3.000000000e-05 3.000000000e-05 3.000025301e-05  0.001367610908 0
   0.03385353535  5.874845630e-14  0.006500000000   7.1262106e-09 3.000000000e-05 3.000000000e-05 3.000000001e-05  0.001367610908 0
   0.03438888889      0.000000000  0.006500000000   7.1262106e-09 3.000000000e-05 3.000000000e-05 3.000000000e-05  0.001367610908 0
   0.03492424242      0.000000000  0.006500000000   7.1262106e-09 3.000000000e-05 3.000000000e-05 3.000000000e-05  0.001367610908 0
   0.03545959596      0.000000000  0.006500000000   7.1262106e-09 3.000000000e-05 3.000000000e-05 3.000000000e-05  0.001367610908 0
   0.03599494949      0.000000000  0.006500000000   7.1262106e-09 3.000000000e-05 3.000000000e-05 3.000000000e-05  0.001367610908 0
   0.03653030303      0.000000000  0.006500000000   7.1262106e-09 3.000000000e-05 3.000000000e-05 3.000000000e-05  0.001367610908 0
   0.03706565657      0.000000000  0.006500000000   7.1262106e-09 3.000000000e-05 3.000000000e-05 3.000000000e-05  0.001367610908 0
   0.03760101010      0.000000000  0.006500000000   7.1262106e-09 3.000000000e-05 3.000000000e-05 3.000000000e-05  0.001367610908 0
   0.03813636364      0.000000000  0.006500000000   7.1262106e-09 3.000000000e-05 3.000000000e-05 3.000000000e-05  0.001367610908 0
   0.03867171717      0.000000000  0.006500000000   7.1262106e-09 3.000000000e-05 3.000000000e-05 3.000000000e-05  0.001367610908 0
   0.03920707071      0.000000000  0.006500000000   7.1262106e-09 3.000000000e-05 3.000000000e-05 3.000000000e-05  0.001367610908 0
   0.03974242424      0.000000000  0.006500000000   7.1262106e-09 3.000000000e-05 3.000000000e-05 3.000000000e-05  0.001367610908 0
   0.04027777778      0.000000000  0.006500000000   7.1262106e-09 3.000000000e-05 3.000000000e-05 3.000000000e-05  0.001367610908 0
   0.04081313131      0.000000000  0.006500000000   7.1262106e-09 3.000000000e-05 3.000000000e-05 3.000000000e-05  0.001367610908 0
   0.04134848485      0.000000000  0.006500000000   7.1262106e-09 3.000000000e-05 3.000000000e-05 3.000000000e-05  0.001367610908 0
   0.04188383838      0.000000000  0.006500000000   7.1262106e-09 3.000000000e-05 3.000000000e-05 3.000000000e-05  0.001367610908 0
   0.04241919192      0.000000000  0.006500000000   7.1262106e-09 3.000000000e-05 3.000000000e-05 3.000000000e-05  0.001367610908 0
   0.04295454545      0.000000000  0.006500000000   7.1262106e-09 3.000000000e-05 3.000000000e-05 3.000000000e-05  0.001367610908 0
   0.04348989899      0.000000000  0.006500000000   7.1262106e-09 3.000000000e-05 3.000000000e-05 3.000000000e-05  0.001367610908 0
   0.04402525253      0.000000000  0.006500000000   7.1262106e-09 3.000000000e-05 3.000000000e-05 3.000000000e-05  0.001367610908 0
   0.04456060606      0.000000000  0.006500000000   7.1262106e-09 3.000000000e-05 3.000000000e-05 3.000000000e-05  0.001367610908 0
   0.04509595960      0.000000000  0.006500000000   7.1262106e-09 3.000000000e-05 3.000000000e-05 3.000000000e-05  0.001367610908 0
   0.04563131313      0.000000000  0.006500000000   7.1262106e-09 3.000000000e-05 3.000000000e-05 3.000000000e-05  0.001367610908 0
   0.04616666667      0.000000000  0.006500000000   7.1262106e-09 3.000000000e-05 3.000000000e-05 3.000000000e-05  0.001367610908 0
   0.04670202020      0.000000000  0.006500000000   7.1262106e-09 3.000000000e-05 3.000000000e-05 3.000000000e-05  0.001367610908 0
   0.04723737374      0.000000000  0.006500000000   7.1262106e-09 3.000000000e-05 3.000000000e-05 3.000000000e-05  0.001367610908 0
   0.04777272727      0.000000000  0.006500000000   7.1262106e-09 3.000000000e-05 3.000000000e-05 3.000000000e-05  0.001367610908 0
   0.04830808081      0.000000000  0.006500000000   7.1262106e-09 3.000000000e-05 3.000000000e-05 3.000000000e-05  0.001367610908 0
   0.04884343434      0.000000000  0.006500000000   7.1262106e-09 3.000000000e-05 3.000000000e-05 3.000000000e-05  0.001367610908 0
   0.04937878788      0.000000000  0.006500000000   7.1262106e-09 3.000000000e-05 3.000000000e-05 3.000000000e-05  0.001367610908 0
   0.04991414141      0.000000000  0.006500000000   7.1262106e-09 3.000000000e-05 3.000000000e-05 3.000000000e-05  0.001367610908 0
   0.05044949495      0.000000000  0.006500000000   7.1262106e-09 3.000000000e-05 3.000000000e-05 3.000000000e-05  0.001367610908 0
   0.05098484848      0.000000000  0.006500000000   7.1262106e-09 3.000000000e-05 3.000000000e-05 3.000000000e-05  0.001367610908 0
   0.05152020202      0.000000000  0.006500000000   7.1262106e-09 3.000000000e-05 3.000000000e-05 3.000000000e-05  0.001367610908 0
   0.05205555556  2.194703464e-15  0.006500000000   7.1262106e-09 3.000000000e-05 3.000000000e-05 3.000000000e-05  0.001367610908 0
   0.05259090909  3.553748260e-14  0.006500000000   7.1262106e-09 3.000000000e-05 3.000000000e-05 3.000000000e-05  0.001367610908 0
   0.05312626263 -1.284438705e-14  0.006500000000   6.0176890e-09 3.000000000e-05 3.000000000e-05 3.000000000e-05  0.001367610908 0
   0.05366161616 -8.340815191e-14  0.006500000000   9.0265334e-09 3.000000000e-05 3.000000000e-05 3.000000000e-05  0.001367610908 0
   0.05419696970 -9.684155610e-12  0.006500000000   7.1262106e-09 3.000000000e-05 3.000000000e-05 3.000000000e-05  0.001367610908 0
   0.05473232323 -4.409877107e-12  0.006500000000   9.7391545e-08 3.000000000e-05 3.000000000e-05 3.000000000e-05  0.001367610908 0
   0.05556250000  4.700976056e-12  0.006500000000   1.9953390e-08 3.000000000e-05 3.000000000e-05 3.000000000e-05  0.001367610908 0
   0.05668750000 -1.679684510e-13  0.006500000000   7.8071596e-08 3.000000000e-05 3.000000000e-05 3.000000000e-05  0.001367610908 0
   0.05781250000  5.252255971e-13  0.006500000000   1.8053067e-08 3.000000000e-05 3.000000000e-05 3.000000000e-05  0.001367610908 0
   0.05893750000  3.879267883e-14  0.006500000000   1.4252421e-08 3.000000000e-05 3.000000000e-05 3.000000000e-05  0.001367610908 0
   0.06006250000 -1.183199077e-13  0.006500000000   1.6786185e-08 3.000000000e-05 3.000000000e-05 3.000000000e-05  0.001367610908 0
   0.06118750000      0.000000000  0.006500000000   1.6786185e-08 3.000000000e-05 3.000000000e-05 3.000000000e-05  0.001367610908 0
   0.06231250000      0.000000000  0.006500000000   1.6786185e-08 3.000000000e-05 3.000000000e-05 3.000000000e-05  0.001367610908 0
   0.06343750000      0.000000000  0.006500000000   1.6786185e-08 3.000000000e-05 3.000000000e-05 3.000000000e-05  0.001367610908 0
   0.06456250000      0.000000000  0.006500000000   1.6786185e-08 3.000000000e-05 3.000000000e-05 3.000000000e-05  0.001367610908 0
   0.06568750000      0.000000000  0.006500000000   1.6786185e-08 3.000000000e-05 3.000000000e-05 3.000000000e-05  0.001367610908 0
   0.06681250000      0.000000000  0.006500000000   1.6786185e-08 3.000000000e-05 3.000000000e-05 3.000000000e-05  0.001367610908 0
   0.06793750000      0.000000000  0.006500000000   1.6786185e-08 3.000000000e-05 3.000000000e-05 3.000000000e-05  0.001367610908 0
   0.06906250000      0.000000000  0.006500000000   1.6786185e-08 3.000000000e-05 3.000000000e-05 3.000000000e-05  0.001367610908 0
   0.07018750000      0.000000000  0.006500000000   1.6786185e-08 3.000000000e-05 3.000000000e-05 3.000000000e-05  0.001367610908 0
   0.07131250000      0.000000000  0.006500000000   1.6786185e-08 3.000000000e-05 3.000000000e-05 3.000000000e-05  0.001367610908 0
   0.07243750000      0.000000000  0.006500000000   1.6786185e-08 3.000000000e-05 3.000000000e-05 3.000000000e-05  0.001367610908 0
   0.07356250000      0.000000000  0.006500000000   1.6786185e-08 3.000000000e-05 3.000000000e-05 3.000000000e-05  0.001367610908 0
   0.07468750000      0.000000000  0.006500000000   1.6786185e-08 3.000000000e-05 3.000000000e-05 3.000000000e-05  0.001367610908 0
   0.07581250000      0.000000000  0.006500000000   1.6786185e-08 3.000000000e-05 3.000000000e-05 3.000000000e-05  0.001367610908 0
   0.07693750000      0.000000000  0.006500000000   1.6786185e-08 3.000000000e-05 3.000000000e-05 3.000000000e-05  0.001367610908 0
   0.07806250000      0.000000000  0.006500000000   1.6786185e-08 3.000000000e-05 3.000000000e-05 3.000000000e-05  0.001367610908 0
   0.07918750000      0.000000000  0.006500000000   1.6786185e-08 3.000000000e-05 3.000000000e-05 3.000000000e-05  0.001367610908 0
   0.08031250000      0.000000000  0.006500000000   1.6786185e-08 3.000000000e-05 3.000000000e-05 3.000000000e-05  0.001367610908 0
   0.08143750000      0.000000000  0.006500000000   1.6786185e-08 3.000000000e-05 3.000000000e-05 3.000000000e-05  0.001367610908 0
   0.08256250000      0.000000000  0.006500000000   1.6786185e-08 3.000000000e-05 3.000000000e-05 3.000000000e-05  0.001367610908 0
   0.08368750000      0.000000000  0.006500000000   1.6786185e-08 3.000000000e-05 3.000000000e-05 3.000000000e-05  0.001367610908 0
   0.08481250000      0.000000000  0.006500000000   1.6786185e-08 3.000000000e-05 3.000000000e-05 3.000000000e-05  0.001367610908 0
   0.08593750000      0.000000000  0.006500000000   1.6786185e-08 3.000000000e-05 3.000000000e-05 3.000000000e-05  0.001367610908 0
   0.08706250000      0.000000000  0.006500000000   1.6786185e-08 3.000000000e-05 3.000000000e-05 3.000000000e-05  0.001367610908 0
   0.08818750000      0.000000000  0.006500000000   1.6786185e-08 3.000000000e-05 3.000000000e-05 3.000000000e-05  0.001367610908 0
   0.08931250000      0.000000000  0.006500000000   1.6786185e-08 3.000000000e-05 3.000000000e-05 3.000000000e-05  0.001367610908 0
   0.09043750000      0.000000000  0.006500000000   1.6786185e-08 3.000000000e-05 3.000000000e-05 3.000000000e-05  0.001367610908 0
   0.09156250000      0.000000000  0.006500000000   1.6786185e-08 3.000000000e-05 3.000000000e-05 3.000000000e-05  0.001367610908 0
   0.09268750000 -1.836154735e-14  0.006500000000   1.6786185e-08 3.000000000e-05 3.000000000e-05 3.000000000e-05  0.001367610908 0
   0.09381250000  4.173100834e-15  0.006500000000   1.8053067e-08 3.000000000e-05 3.000000000e-05 3.000000000e-05  0.001367610908 0
   0.09493750000 -2.156009539e-14  0.006500000000   6.4294256e-08 3.000000000e-05 3.000000000e-05 3.000000000e-05  0.001367610908 0
   0.09606250000 -1.608161392e-13  0.006500000000   1.4252421e-08 3.000000000e-05 3.000000000e-05 3.000000000e-05  0.001367610908 0
   0.09718750000 -8.227894708e-13  0.006500000000   2.2962234e-08 3.000000000e-05 3.000000000e-05 3.000000000e-05  0.001367610908 0
   0.09831250000 -2.798466593e-12  0.006500000000   4.0698581e-08 3.000000000e-05 3.000000000e-05 3.000000000e-05  0.001367610908 0
   0.09943750000 -4.284302703e-12  0.006500000000   8.3139124e-08 3.000000000e-05 3.000000000e-05 3.000000000e-05  0.001367610908 0
    0.1009090909 -2.087252646e-12  0.006500000000   1.4331601e-07 3.000000000e-05 3.000000000e-05 3.000000000e-05  0.001367610908 0
    0.1027272727  1.202170692e-13  0.006500000000   1.6944545e-07 3.000000000e-05 3.000000000e-05 3.000000000e-05  0.001367610908 0
    0.1045454545  1.556552978e-14  0.006500000000   1.4854190e-07 3.000000000e-05 3.000000000e-05 3.000000000e-05  0.001367610908 0
    0.1063636364  9.840797053e-14  0.006500000000   1.4632486e-07 3.000000000e-05 3.000000000e-05 3.000000000e-05  0.001367610908 0
    0.1081818182  9.066248990e-15  0.006500000000   1.4632486e-07 3.000000000e-05 3.000000000e-05 3.000000000e-05  0.001367610908 0
    0.1100000000 -7.286609257e-14  0.006500000000   1.6992053e-07 3.000000000e-05 3.000000000e-05 3.000000000e-05  0.001367610908 0
    0.1118181818  3.220669002e-14  0.006500000000   1.6516973e-07 3.000000000e-05 3.000000000e-05 3.000000000e-05  0.001367610908 0
    0.1136363636 -5.051018380e-14  0.006500000000   1.7799690e-07 3.000000000e-05 3.000000000e-05 3.000000000e-05  0.001367610908 0
    0.1154545455 -1.263768223e-13  0.006500000000   1.5297599e-07 3.000000000e-05 3.000000000e-05 3.000000000e-05  0.001367610908 0
    0.1172727273  1.231415095e-14  0.006500000000   1.6342776e-07 3.000000000e-05 3.000000000e-05 3.000000000e-05  0.001367610908 0
    0.1190909091 -7.153171999e-14  0.006500000000   1.4632486e-07 3.000000000e-05 3.000000000e-05 3.000000000e-05  0.001367610908 0
    0.1209090909 -2.905192999e-13  0.006500000000   1.4838354e-07 3.000000000e-05 3.000000000e-05 3.000000000e-05  0.001367610908 0
    0.1227272727 -2.066092980e-13  0.006500000000   1.7704674e-07 3.000000000e-05 3.000000000e-05 3.000000000e-05  0.001367610908 0
    0.1245454545 -4.595227309e-13  0.006500000000   1.5978548e-07 3.000000000e-05 3.000000000e-05 3.000000000e-05  0.001367610908 0
    0.1263636364 -5.299114494e-13  0.006500000000   1.7657166e-07 3.000000000e-05 3.000000000e-05 3.000000000e-05  0.001367610908 0
    0.1281818182 -7.455567925e-14  0.006500000000   1.7799690e-07 3.000000000e-05 3.000000000e-05 3.000000000e-05  0.001367610908 0
    0.1300000000  3.835437705e-14  0.006500000000   1.5471795e-07 3.000000000e-05 3.000000000e-05 3.000000000e-05  0.001367610908 0
    0.1318181818  5.669534493e-16  0.006500000000   1.8021395e-07 3.000000000e-05 3.000000000e-05 3.000000000e-05  0.001367610908 0
    0.1336363636  2.868089317e-14  0.006500000000   1.5503467e-07 3.000000000e-05 3.000000000e-05 3.000000000e-05  0.001367610908 0
    0.1354545455 -2.442019529e-14  0.006500000000   1.4616650e-07 3.000000000e-05 3.000000000e-05 3.000000000e-05  0.001367610908 0
    0.1372727273 -2.946346411e-14  0.006500000000   1.7799690e-07 3.000000000e-05 3.000000000e-05 3.000000000e-05  0.001367610908 0
    0.1390909091  5.520562182e-15  0.006500000000   1.9446637e-07 3.000000000e-05 3.000000000e-05 3.000000000e-05  0.001367610908 0
    0.1409090909 -1.016447536e-15  0.006500000000   1.7799690e-07 3.000000000e-05 3.000000000e-05 3.000000000e-05  0.001367610908 0
    0.1427272727 -1.016447536e-15  0.006500000000   1.7752182e-07 3.000000000e-05 3.000000000e-05 3.000000000e-05  0.001367610908 0
    0.1445454545 -6.997101029e-16  0.006500000000   1.7752182e-07 3.000000000e-05 3.000000000e-05 3.000000000e-05  0.001367610908 0
    0.1463636364      0.000000000  0.006500000000   1.7752182e-07 3.000000000e-05 3.000000000e-05 3.000000000e-05  0.001367610908 0
    0.1481818182      0.000000000  0.006500000000   1.7752182e-07 3.000000000e-05 3.000000000e-05 3.000000000e-05  0.001367610908 0
    0.1500000000      0.000000000  0.006500000000   1.7752182e-07 3.000000000e-05 3.000000000e-05 3.000000000e-05  0.001367610908 0
    0.1518181818      0.000000000  0.006500000000   1.7752182e-07 3.000000000e-05 3.000000000e-05 3.000000000e-05  0.001367610908 0
    0.1536363636      0.000000000  0.006500000000   1.7752182e-07 3.000000000e-05 3.000000000e-05 3.000000000e-05  0.001367610908 0
    0.1554545455      0.000000000  0.006500000000   1.7752182e-07 3.000000000e-05 3.000000000e-05 3.000000000e-05  0.001367610908 0
    0.1572727273      0.000000000  0.006500000000   1.7752182e-07 3.000000000e-05 3.000000000e-05 3.000000000e-05  0.001367610908 0
    0.1590909091      0.000000000  0.006500000000   1.7752182e-07 3.000000000e-05 3.000000000e-05 3.000000000e-05  0.001367610908 0
    0.1609090909      0.000000000  0.006500000000   1.7752182e-07 3.000000000e-05 3.000000000e-05 3.000000000e-05  0.001367610908 0
    0.1627272727      0.000000000  0.006500000000   1.7752182e-07 3.000000000e-05 3.000000000e-05 3.000000000e-05  0.001367610908 0
    0.1645454545      0.000000000  0.006500000000   1.7752182e-07 3.000000000e-05 3.000000000e-05 3.000000000e-05  0.001367610908 0
    0.1663636364      0.000000000  0.006500000000   1.7752182e-07 3.000000000e-05 3.000000000e-05 3.000000000e-05  0.001367610908 0
    0.1681818182      0.000000000  0.006500000000   1.7752182e-07 3.000000000e-05 3.000000000e-05 3.000000000e-05  0.001367610908 0
    0.1700000000      0.000000000  0.006500000000   1.7752182e-07 3.000000000e-05 3.000000000e-05 3.000000000e-05  0.001367610908 0
    0.1718181818      0.000000000  0.006500000000   1.7752182e-07 3.000000000e-05 3.000000000e-05 3.000000000e-05  0.001367610908 0
    0.1736363636      0.000000000  0.006500000000   1.7752182e-07 3.000000000e-05 3.000000000e-05 3.000000000e-05  0.001367610908 0
    0.1754545455  7.413376356e-16  0.006500000000   1.7752182e-07 3.000000000e-05 3.000000000e-05 3.000000000e-05  0.001367610908 0
    0.1772727273  5.164669704e-15  0.006500000000   1.8084739e-07 3.000000000e-05 3.000000000e-05 3.000000000e-05  0.001367610908 0
    0.1790909091  2.129577458e-15  0.006500000000   1.7799690e-07 3.000000000e-05 3.000000000e-05 3.000000000e-05  0.001367610908 0
    0.1809090909 -3.952809063e-15  0.006500000000   1.8005559e-07 3.000000000e-05 3.000000000e-05 3.000000000e-05  0.001367610908 0
    0.1827272727  1.005446938e-14  0.006500000000   1.7799690e-07 3.000000000e-05 3.000000000e-05 3.000000000e-05  0.001367610908 0
    0.1845454545  1.961314679e-14  0.006500000000   1.5661827e-07 3.000000000e-05 3.000000000e-05 3.000000000e-05  0.001367610908 0
    0.1863636364  1.297249980e-14  0.006500000000   1.7641330e-07 3.000000000e-05 3.000000000e-05 3.000000000e-05  0.001367610908 0
    0.1881818182 -1.138455041e-14  0.006500000000   1.5550975e-07 3.000000000e-05 3.000000000e-05 3.000000000e-05  0.001367610908 0
    0.1900000000 -2.902671051e-15  0.006500000000   1.7799690e-07 3.000000000e-05 3.000000000e-05 3.000000000e-05  0.001367610908 0
    0.1918181818  3.671480270e-14  0.006500000000   1.5471795e-07 3.000000000e-05 3.000000000e-05 3.000000000e-05  0.001367610908 0
    0.1936363636  2.708071838e-13  0.006500000000   1.7641330e-07 3.000000000e-05 3.000000000e-05 3.000000000e-05  0.001367610908 0
    0.1954545455  5.163676487e-13  0.006500000000   1.5471795e-07 3.000000000e-05 3.000000000e-05 3.000000000e-05  0.001367610908 0
    0.1972727273 -2.095512208e-12  0.006500000000   1.5044222e-07 3.000000000e-05 3.000000000e-05 3.000000000e-05  0.001367610908 0
    0.1990909091 -8.092978116e-13  0.006500000000   1.5503467e-07 3.000000000e-05 3.000000000e-05 3.000000000e-05  0.001367610908 0
    0.2015625000  2.147839208e-12  0.006500000000   2.3215611e-07 3.000000000e-05 3.000000000e-05 3.000000000e-05  0.001367610908 0
    0.2046875000  4.508274266e-13  0.006500000000   2.0697683e-07 3.000000000e-05 3.000000000e-05 3.000000000e-05  0.001367610908 0
    0.2078125000 -3.553756300e-13  0.006500000000   1.9731685e-07 3.000000000e-05 3.000000000e-05 3.000000000e-05  0.001367610908 0
    0.2109375000 -1.749947110e-13  0.006500000000   2.4878393e-07 3.000000000e-05 3.000000000e-05 3.000000000e-05  0.001367610908 0
    0.2140625000  5.600808138e-14  0.006500000000   2.2455481e-07 3.000000000e-05 3.000000000e-05 3.000000000e-05  0.001367610908 0
    0.2171875000  1.487340776e-14  0.006500000000   2.1932893e-07 3.000000000e-05 3.000000000e-05 3.000000000e-05  0.001367610908 0
    0.2203125000 -4.727323102e-15  0.006500000000   2.1711188e-07 3.000000000e-05 3.000000000e-05 3.000000000e-05  0.001367610908 0
    0.2234375000 -2.638033321e-15  0.006500000000   2.0903551e-07 3.000000000e-05 3.000000000e-05 3.000000000e-05  0.001367610908 0
    0.2265625000  5.587017630e-16  0.006500000000   2.1996237e-07 3.000000000e-05 3.000000000e-05 3.000000000e-05  0.001367610908 0
    0.2296875000      0.000000000  0.006500000000   2.1996237e-07 3.000000000e-05 3.000000000e-05 3.000000000e-05  0.001367610908 0
    0.2328125000      0.000000000  0.006500000000   2.1996237e-07 3.000000000e-05 3.000000000e-05 3.000000000e-05  0.001367610908 0
    0.2359375000      0.000000000  0.006500000000   2.1996237e-07 3.000000000e-05 3.000000000e-05 3.000000000e-05  0.001367610908 0
    0.2390625000      0.000000000  0.006500000000   2.1996237e-07 3.000000000e-05 3.000000000e-05 3.000000000e-05  0.001367610908 0
    0.2421875000      0.000000000  0.006500000000   2.1996237e-07 3.000000000e-05 3.000000000e-05 3.000000000e-05  0.001367610908 0
    0.2453125000      0.000000000  0.006500000000   2.1996237e-07 3.000000000e-05 3.000000000e-05 3.000000000e-05  0.001367610908 0
    0.2484375000      0.000000000  0.006500000000   2.1996237e-07 3.000000000e-05 3.000000000e-05 3.000000000e-05  0.001367610908 0
    0.2515625000      0.000000000  0.006500000000   2.1996237e-07 3.000000000e-05 3.000000000e-05 3.000000000e-05  0.001367610908 0
    0.2546875000      0.000000000  0.006500000000   2.1996237e-07 3.000000000e-05 3.000000000e-05 3.000000000e-05  0.001367610908 0
    0.2578125000      0.000000000  0.006500000000   2.1996237e-07 3.000000000e-05 3.000000000e-05 3.000000000e-05  0.001367610908 0
    0.2609375000      0.000000000  0.006500000000   2.1996237e-07 3.000000000e-05 3.000000000e-05 3.000000000e-05  0.001367610908 0
    0.2640625000      0.000000000  0.006500000000   2.1996237e-07 3.000000000e-05 3.000000000e-05 3.000000000e-05  0.001367610908 0
    0.2671875000      0.000000000  0.006500000000   2.1996237e-07 3.000000000e-05 3.000000000e-05 3.000000000e-05  0.001367610908 0
    0.2703125000      0.000000000  0.006500000000   2.1996237e-07 3.000000000e-05 3.000000000e-05 3.000000000e-05  0.001367610908 0
    0.2734375000      0.000000000  0.006500000000   2.1996237e-07 3.000000000e-05 3.000000000e-05 3.000000000e-05  0.001367610908 0
    0.2765625000      0.000000000  0.006500000000   2.1996237e-07 3.000000000e-05 3.000000000e-05 3.000000000e-05  0.001367610908 0
    0.2796875000      0.000000000  0.006500000000   2.1996237e-07 3.000000000e-05 3.000000000e-05 3.000000000e-05  0.001367610908 0
    0.2828125000      0.000000000  0.006500000000   2.1996237e-07 3.000000000e-05 3.000000000e-05 3.000000000e-05  0.001367610908 0
    0.2859375000      0.000000000  0.006500000000   2.1996237e-07 3.000000000e-05 3.000000000e-05 3.000000000e-05  0.001367610908 0
    0.2890625000      0.000000000  0.006500000000   2.1996237e-07 3.000000000e-05 3.000000000e-05 3.000000000e-05  0.001367610908 0
    0.2921875000      0.000000000  0.006500000000   2.1996237e-07 3.000000000e-05 3.000000000e-05 3.000000000e-05  0.001367610908 0
    0.2953125000      0.000000000  0.006500000000   2.1996237e-07 3.000000000e-05 3.000000000e-05 3.000000000e-05  0.001367610908 0
    0.2984375000      0.000000000  0.006500000000   2.1996237e-07 3.000000000e-05 3.000000000e-05 3.000000000e-05  0.001367610908 0
    0.3015625000      0.000000000  0.006500000000   2.1996237e-07 3.000000000e-05 3.000000000e-05 3.000000000e-05  0.001367610908 0
    0.3046875000      0.000000000  0.006500000000   2.1996237e-07 3.000000000e-05 3.000000000e-05 3.000000000e-05  0.001367610908 0
    0.3078125000      0.000000000  0.006500000000   2.1996237e-07 3.000000000e-05 3.000000000e-05 3.000000000e-05  0.001367610908 0
    0.3109375000      0.000000000  0.006500000000   2.1996237e-07 3.000000000e-05 3.000000000e-05 3.000000000e-05  0.001367610908 0
    0.3140625000      0.000000000  0.006500000000   2.1996237e-07 3.000000000e-05 3.000000000e-05 3.000000000e-05  0.001367610908 0
    0.3171875000      0.000000000  0.006500000000   2.1996237e-07 3.000000000e-05 3.000000000e-05 3.000000000e-05  0.001367610908 0
    0.3203125000      0.000000000  0.006500000000   2.1996237e-07 3.000000000e-05 3.000000000e-05 3.000000000e-05  0.001367610908 0
    0.3234375000      0.000000000  0.006500000000   2.1996237e-07 3.000000000e-05 3.000000000e-05 3.000000000e-05  0.001367610908 0
    0.3265625000      0.000000000  0.006500000000   2.1996237e-07 3.000000000e-05 3.000000000e-05 3.000000000e-05  0.001367610908 0
    0.3296875000      0.000000000  0.006500000000   2.1996237e-07 3.000000000e-05 3.000000000e-05 3.000000000e-05  0.001367610908 0
    0.3328125000      0.000000000  0.006500000000   2.1996237e-07 3.000000000e-05 3.000000000e-05 3.000000000e-05  0.001367610908 0
    0.3359375000      0.000000000  0.006500000000   2.1996237e-07 3.000000000e-05 3.000000000e-05 3.000000000e-05  0.001367610908 0
    0.3390625000      0.000000000  0.006500000000   2.1996237e-07 3.000000000e-05 3.000000000e-05 3.000000000e-05  0.001367610908 0
    0.3421875000      0.000000000  0.006500000000   2.1996237e-07 3.000000000e-05 3.000000000e-05 3.000000000e-05  0.001367610908 0
    0.3453125000      0.000000000  0.006500000000   2.1996237e-07 3.000000000e-05 3.000000000e-05 3.000000000e-05  0.001367610908 0
    0.3484375000      0.000000000  0.006500000000   2.1996237e-07 3.000000000e-05 3.000000000e-05 3.000000000e-05  0.001367610908 0
    0.3515625000      0.000000000  0.006500000000   2.1996237e-07 3.000000000e-05 3.000000000e-05 3.000000000e-05  0.001367610908 0
    0.3546875000      0.000000000  0.006500000000   2.1996237e-07 3.000000000e-05 3.000000000e-05 3.000000000e-05  0.001367610908 0
    0.3578125000      0.000000000  0.006500000000   2.1996237e-07 3.000000000e-05 3.000000000e-05 3.000000000e-05  0.001367610908 0
    0.3609375000      0.000000000  0.006500000000   2.1996237e-07 3.000000000e-05 3.000000000e-05 3.000000000e-05  0.001367610908 0
    0.3640625000      0.000000000  0.006500000000   2.1996237e-07 3.000000000e-05 3.000000000e-05 3.000000000e-05  0.001367610908 0
    0.3671875000      0.000000000  0.006500000000   2.1996237e-07 3.000000000e-05 3.000000000e-05 3.000000000e-05  0.001367610908 0
    0.3703125000      0.000000000  0.006500000000   2.1996237e-07 3.000000000e-05 3.000000000e-05 3.000000000e-05  0.001367610908 0
    0.3734375000      0.000000000  0.006500000000   2.1996237e-07 3.000000000e-05 3.000000000e-05 3.000000000e-05  0.001367610908 0
    0.3765625000      0.000000000  0.006500000000   2.1996237e-07 3.000000000e-05 3.000000000e-05 3.000000000e-05  0.001367610908 0
    0.3796875000      0.000000000  0.006500000000   2.1996237e-07 3.000000000e-05 3.000000000e-05 3.000000000e-05  0.001367610908 0
    0.3828125000      0.000000000  0.006500000000   2.1996237e-07 3.000000000e-05 3.000000000e-05 3.000000000e-05  0.001367610908 0
    0.3859375000      0.000000000  0.006500000000   2.1996237e-07 3.000000000e-05 3.000000000e-05 3.000000000e-05  0.001367610908 0
    0.3890625000      0.000000000  0.006500000000   2.1996237e-07 3.000000000e-05 3.000000000e-05 3.000000000e-05  0.001367610908 0
    0.3921875000      0.000000000  0.006500000000   2.1996237e-07 3.000000000e-05 3.000000000e-05 3.000000000e-05  0.001367610908 0
    0.3953125000      0.000000000  0.006500000000   2.1996237e-07 3.000000000e-05 3.000000000e-05 3.000000000e-05  0.001367610908 0
    0.3984375000      0.000000000  0.006500000000   2.1996237e-07 3.000000000e-05 3.000000000e-05 3.000000000e-05  0.001367610908 0
    0.4015625000      0.000000000  0.006500000000   2.1996237e-07 3.000000000e-05 3.000000000e-05 3.000000000e-05  0.001367610908 0
    0.4046875000      0.000000000  0.006500000000   2.1996237e-07 3.000000000e-05 3.000000000e-05 3.000000000e-05  0.001367610908 0
    0.4078125000      0.000000000  0.006500000000   2.1996237e-07 3.000000000e-05 3.000000000e-05 3.000000000e-05  0.001367610908 0
    0.4109375000      0.000000000  0.006500000000   2.1996237e-07 3.000000000e-05 3.000000000e-05 3.000000000e-05  0.001367610908 0
    0.4140625000      0.000000000  0.006500000000   2.1996237e-07 3.000000000e-05 3.000000000e-05 3.000000000e-05  0.001367610908 0
    0.4171875000 -5.587017630e-16  0.006500000000   2.1996237e-07 3.000000000e-05 3.000000000e-05 3.000000000e-05  0.001367610908 0
    0.4203125000  6.213690229e-16  0.006500000000   2.0903551e-07 3.000000000e-05 3.000000000e-05 3.000000000e-05  0.001367610908 0
    0.4234375000 -4.347379312e-15  0.006500000000   2.1948729e-07 3.000000000e-05 3.000000000e-05 3.000000000e-05  0.001367610908 0
    0.4265625000 -4.768556551e-16  0.006500000000   2.1647844e-07 3.000000000e-05 3.000000000e-05 3.000000000e-05  0.001367610908 0
    0.4296875000  9.252101176e-15  0.006500000000   2.1457812e-07 3.000000000e-05 3.000000000e-05 3.000000000e-05  0.001367610908 0
    0.4328125000 -3.870661704e-14  0.006500000000   2.1141091e-07 3.000000000e-05 3.000000000e-05 3.000000000e-05  0.001367610908 0
    0.4359375000  1.240617560e-13  0.006500000000   2.1077747e-07 3.000000000e-05 3.000000000e-05 3.000000000e-05  0.001367610908 0
    0.4390625000 -4.759707920e-13  0.006500000000   2.0507651e-07 3.000000000e-05 3.000000000e-05 3.000000000e-05  0.001367610908 0
    0.4421875000  1.914483165e-12  0.006500000000   2.3880724e-07 3.000000000e-05 3.000000000e-05 3.000000000e-05  0.001367610908 0
    0.4453125000  3.186327131e-10  0.006500000000   9.5016141e-09 3.000000000e-05 3.000000000e-05 3.000000000e-05  0.001367610908 0
    0.4484375000  3.208728464e-10  0.006500000000   9.5016141e-09 3.000000000e-05 3.000000000e-05 3.000000000e-05  0.001367610908 0
