Hyades1D [cm cm/s g/cc dyne/cm2 keV keV keV ionization_level element_index]_hd11
0  1.3e-09 1 1 8
339
3.e21
x ux rho p te ti tr z material laserirr
   -0.1909242980     -187128631.7 5.569242447e-05   1.9942555e+10    0.8272213945   0.03128170244 3.000000000e-05     3.999983679 1
   -0.1568855185     -158471947.7 0.0001446892931   5.2132815e+10    0.8209770456   0.07702455000    0.1071656610     3.999969432 1
   -0.1347846288     -137964350.4 0.0002804595266   1.0170385e+11    0.8115122455    0.1365756833    0.1071703959     3.999953781 1
   -0.1167021890     -121556008.0 0.0004805370483   1.7520302e+11    0.7974860256    0.2110281850    0.1071849825     3.999935315 1
   -0.1003689555     -106875321.1 0.0007708908262   2.8164173e+11    0.7766671036    0.3012925715    0.1072181624     3.999912157 1
  -0.08510388194     -93751673.55  0.001237855162   4.5120083e+11    0.7469886946    0.4121587955    0.1072846442     3.999878721 1
  -0.06987292130     -80960472.83  0.001742033847   6.1737812e+11    0.7029030967    0.4942996835    0.1074160261     3.999839100 1
  -0.05549975116     -68027132.88  0.003151888458   1.0859508e+12    0.6425467615    0.6437949499    0.1075994945     3.999742882 1
  -0.04102617550     -57886197.54  0.003870127540   1.2124997e+12    0.5732510288    0.6295836766    0.1080031620     3.999654668 1
  -0.02577258024     -46070019.51  0.004850843653   1.2168054e+12    0.4530390385    0.5279402177    0.1082388367     3.999427788 1
  -0.01405916368     -28925155.77  0.008008631658   1.2856294e+12    0.2912974586    0.3326844846    0.1082166209     3.998388663 1
 -0.008033934860     -15294128.47   0.02202424019   1.8348446e+12    0.1548245580    0.1594567125    0.1079288001     3.989348169 1
 -0.005658638340     -10003139.58   0.04604028003   2.6157109e+12    0.1066942825    0.1080018206    0.1074698497     3.954725270 1
 -0.004400064952     -8292937.855   0.07222036480   3.5867952e+12   0.09426705569   0.09466448847    0.1069492742     3.910164187 1
 -0.003512397194     -6913096.705   0.08897973998   4.3096405e+12   0.09238198592   0.09252595499    0.1070397010     3.888841852 1
 -0.002772037792     -5492600.205    0.1032668106   4.9771378e+12   0.09219738909   0.09227494773    0.1073666421     3.875365093 1
 -0.002125215870     -4291713.210    0.1163440941   5.6257396e+12   0.09267202137   0.09275756080    0.1077684840     3.866156470 1
 -0.001544848560     -3393231.100    0.1281118193   6.2398540e+12   0.09345579283   0.09358494342    0.1082402736     3.860011792 1
 -0.001002436731     -2843110.506    0.1329329113   6.5362984e+12   0.09433130488   0.09453062774    0.1087378314     3.860002840 1
-0.0004687816707     -2472271.527    0.1323062950   6.5123003e+12   0.09442093583   0.09458708893    0.1091738086     3.860827537 1
 6.326202355e-05     -2027813.693    0.1337424920   6.5743555e+12   0.09433152557   0.09446609832    0.1094166929     3.859384090 1
 0.0005877855006     -1484630.922    0.1361340281   6.6792723e+12   0.09420350068   0.09431174611    0.1095338357     3.857071216 1
  0.001103326188     -975960.4186    0.1384426739   6.8019732e+12   0.09434932199   0.09448639239    0.1095749027     3.855992850 1
  0.001615144049     -576079.4508    0.1381120691   6.7778718e+12   0.09424399208   0.09438133479    0.1095803678     3.855785764 1
  0.002128974206     -180929.7696    0.1373612637   6.7155961e+12   0.09390901402   0.09402898219    0.1094879635     3.854902806 1
  0.002643229784      267172.3957    0.1378831273   6.7035853e+12   0.09343796065   0.09353467798    0.1092905691     3.852458459 1
  0.003153149931      771220.9457    0.1397124980   6.7518245e+12   0.09294938168   0.09303100752    0.1090062407     3.848892189 1
  0.003655085162      1298168.712    0.1423108828   6.8354424e+12   0.09246401956   0.09253886941    0.1086585767     3.844678674 1
  0.004148066947      1817037.579    0.1448323218   6.9123603e+12   0.09195916913   0.09203235103    0.1082560480     3.840344044 1
  0.004632765465      2314219.820    0.1472149425   6.9753030e+12   0.09138328910   0.09145439029    0.1077941388     3.835666290 1
  0.005109484915      2798252.517    0.1497218496   7.0328008e+12   0.09069743939   0.09076301665    0.1072589717     3.830197547 1
  0.005577746298      3283072.291    0.1525839745   7.0937856e+12   0.08989176144   0.08994942981    0.1066348936     3.823622176 1
  0.006036373552      3782370.370    0.1560842470   7.1685047e+12   0.08895288993   0.08900013368    0.1059091055     3.815521589 1
  0.006484202408      4304465.833    0.1600355621   7.2469745e+12   0.08788385023   0.08792078727    0.1050678831     3.805902671 1
  0.006920675979      4857383.501    0.1643141783   7.3188026e+12   0.08665255709   0.08667673193    0.1040980449     3.794464820 1
  0.007345941402      5453342.247    0.1685807659   7.3663434e+12   0.08524783963   0.08525776411    0.1029793222     3.781143445 1
  0.007760776240      6100996.836    0.1726775958   7.3800995e+12   0.08365542017   0.08364964798    0.1016925603     3.765628877 1
  0.008165829360      6803140.814    0.1768206322   7.3676833e+12   0.08187595776   0.08185578023    0.1002177619     3.747292113 1
  0.008561285072      7559969.816    0.1811619957   7.3290847e+12   0.07987239437   0.07983754974   0.09853465983     3.725065500 1
  0.008946720116      8373905.799    0.1861410604   7.2735016e+12   0.07760668920   0.07755734299   0.09660859500     3.697240385 1
  0.009320824426      9244206.290    0.1923180117   7.2085034e+12   0.07502188662   0.07495872198   0.09439254414     3.661196498 1
  0.009681216996      10171166.18    0.2006105286   7.1417793e+12   0.07201426842   0.07193687821   0.09181571497     3.612295721 1
   0.01002434771      11155514.12    0.2122281664   7.0716136e+12   0.06843583204   0.06834351435   0.08876302709     3.542999818 1
   0.01034504704      12188772.81    0.2298383283   7.0073092e+12   0.06408870486   0.06398196248   0.08506977308     3.439071147 1
   0.01063582207      13247977.97    0.2586475648   6.9585070e+12   0.05871433245   0.05859482131   0.08050738585     3.276141995 1
   0.01088780412      14279554.61    0.3072559936   6.9329970e+12   0.05228764632   0.05216474601   0.07479784535     3.027697670 1
   0.01109630999      15199428.22    0.3791252259   6.8780773e+12   0.04557018444   0.04546318305   0.06793067906     2.715864693 1
   0.01126611766      15953316.67    0.4627435267   6.7731548e+12   0.03983077776   0.03974450566   0.06085709489     2.429951591 1
   0.01140762022      16523504.66    0.5441396335   6.5866754e+12   0.03517240238   0.03512506423   0.05492669121     2.211572277 1
   0.01153325929      16959897.54    0.5838630765   6.3067497e+12   0.03248256462   0.03245092333   0.04927156987     2.102861766 1
   0.01165314008      17334692.08    0.5970014377   6.0312140e+12   0.03092523924   0.03090105481   0.04647455688     2.047961846 1
   0.01177259259      17674622.66    0.5880184417   5.7399972e+12   0.03011938638   0.03009706651   0.04476861078     2.023868127 1
   0.01189598977      17998028.94    0.5597497927   5.4955544e+12   0.03021259511   0.03018784094   0.04379993898     2.031996557 1
   0.01202731975      18330207.11    0.5013499695   5.2831038e+12   0.03174572984   0.03170559477   0.04364181318     2.097575622 1
   0.01216387874      18706189.61    0.3941257431   5.0646089e+12   0.03617132282   0.03608271168   0.04475017705     2.316266700 1
   0.01230127486      19047942.82    0.3090935730   4.9946000e+12   0.04169642273   0.04159842382   0.04986979747     2.617229005 1
   0.01243788713      19193547.22    0.2488233972   5.0115171e+12   0.04777978334   0.04771678748   0.05432721943     2.933337520 1
   0.01256584722      19099902.35    0.2205859094   5.1616281e+12   0.05264167315   0.05267874806   0.05942988892     3.145598862 1
   0.01267663507      18870366.01    0.2081056800   5.2801882e+12   0.05558503317   0.05571245579   0.06349311473     3.255548177 1
   0.01276823158      18648734.68    0.2019421579   5.3190441e+12   0.05702589317   0.05718102733   0.06592205938     3.305682304 1
   0.01284292984      18520666.46    0.1952117642   5.2247816e+12   0.05760628813   0.05773209682   0.06720060315     3.331667843 1
   0.01290428643      18486600.95    0.1865960094   5.0441308e+12   0.05790641404   0.05799286377   0.06785747684     3.353015236 1
   0.01295521625      18512603.83    0.1766665426   4.8355667e+12   0.05829338800   0.05833765577   0.06821653551     3.379053533 1
   0.01299789996      18568488.52    0.1656561358   4.6414002e+12   0.05914171236   0.05916116564   0.06840993886     3.418725885 1
   0.01303411363      18632614.29    0.1529844360   4.4704836e+12   0.06084374902   0.06082870222   0.06845911238     3.480196427 1
   0.01305365188      18672559.35    0.6121712114   4.3228231e+12   0.06436251883   0.06546349246   0.06834003165     13.91309136 1
   0.01305950095      18688370.08    0.5786353637   4.2262375e+12   0.06547065088   0.06659281501   0.06752758224     14.16406613 0
   0.01306566451      18703959.01    0.5511842968   4.1256664e+12   0.06626879808   0.06730619237   0.06737140407     14.35499411 0
   0.01307211722      18717054.50    0.5278727682   4.0255341e+12   0.06686294786   0.06781639878   0.06730723807     14.50649166 0
   0.01307884747      18730093.33    0.5066409455   3.9211489e+12   0.06731677495   0.06817702451   0.06730000012     14.63287633 0
   0.01308585747      18741701.48    0.4865733127   3.8131391e+12   0.06768436035   0.06843357141   0.06732781448     14.74507861 0
   0.01309313884      18756949.24    0.4695394496   3.7189416e+12   0.06799253315   0.06874734825   0.06737820961     14.84111735 0
   0.01310067731      18775346.04    0.4539343031   3.6316687e+12   0.06828265208   0.06908315790   0.06744515455     14.93262755 0
   0.01310848463      18789433.09    0.4377779808   3.5372035e+12   0.06856163431   0.06941156896   0.06752787033     15.02481951 0
   0.01311656991      18802780.10    0.4232412897   3.4546138e+12   0.06885735984   0.06985217719   0.06761241214     15.11669458 0
   0.01312494662      18817617.06    0.4078693821   3.3664061e+12   0.06917973331   0.07045468692   0.06771241468     15.21725202 0
   0.01313365805      18838160.13    0.3913752983   3.2727899e+12   0.06955794690   0.07147635717   0.06781531676     15.33236990 0
   0.01314276971      18865240.66    0.3728841857   3.1707685e+12   0.07004467021   0.07327766299   0.06791458492     15.47420325 0
   0.01315238807      18896741.26    0.3513309554   3.0619819e+12   0.07071955802   0.07851539956   0.06800167680     15.66044393 0
   0.01316270411      18924508.03    0.3243823186   2.9584760e+12   0.07171992084   0.09897728338   0.06806711652     15.92508589 0
   0.01317418018      18921253.83    0.2846537544   2.8729717e+12   0.07325906918    0.1761934026   0.06809540820     16.34301779 0
   0.01318847303      18836405.45    0.2126879431   2.7807886e+12   0.07575160351    0.4816062897   0.06806020620     17.12982249 0
   0.01321029563      18496055.65    0.1275391787   2.5628276e+12   0.07987666540     1.258169376   0.06791930881     18.48277370 0
   0.01325821146      17133125.80   0.05076476254   1.5130545e+12   0.08834479617     2.207822837   0.06760527347     20.91986183 0
   0.01337247361      14077920.14   0.02175189384   6.6312893e+11   0.08898334589     2.178591315   0.06706344645     22.13943131 0
   0.01359755713      9749982.814   0.01199143565   2.6394804e+11   0.08062103826     1.236270295   0.06665103593     21.81943044 0
   0.01395403287      5332295.778  0.008231119488   1.1470127e+11   0.07201238426    0.3817429598   0.06573456261     21.03227770 0
   0.01442352742      2194902.258  0.006740817415   7.3670387e+10   0.06796881594   0.08612764819   0.06538115762     20.61421509 0
   0.01497316449      1106798.630  0.005968305259   6.2812778e+10   0.06658084887   0.06547016346   0.06526447482     20.52723874 0
   0.01551303059      1073958.480  0.007006032564   7.3359842e+10   0.06674489950   0.06689655519   0.06518233583     20.34646361 0
   0.01601199907      924580.0882  0.006942226565   7.2822304e+10   0.06678743690   0.06726766813   0.06510382536     20.36627105 0
   0.01652366546      788395.3040  0.006665235459   6.9512521e+10   0.06645217853   0.06631028833   0.06502557772     20.35923763 0
   0.01706169263      817006.8109  0.006281534724   6.5307552e+10   0.06617910703   0.06559291372   0.06494937169     20.38753085 0
   0.01759180462      807714.1296  0.006873656197   7.1283437e+10   0.06628378167   0.06647740644   0.06487523787     20.28815209 0
   0.01810812636      711222.2320  0.006610657537   6.8405987e+10   0.06610117715   0.06590065410   0.06480267141     20.30620540 0
   0.01863655575      678509.0131  0.006559880741   6.7579465e+10   0.06589657783   0.06560786704   0.06473056619     20.27891011 0
   0.01916655108      666911.4709  0.006571558293   6.7571629e+10   0.06581819776   0.06564222700   0.06465981927     20.26222262 0
   0.01969654150      647329.3383  0.006560002368   6.7215931e+10   0.06566826934   0.06542414152   0.06459014853     20.23697666 0
   0.02022784430      643486.7912  0.006539144924   6.6812351e+10   0.06554090225   0.06531335366   0.06452141986     20.21770747 0
   0.02076377000      680107.1349  0.006447621017   6.5582524e+10   0.06532076544   0.06499210404   0.06445360196     20.19553940 0
   0.02132236391      871873.6385  0.006025778640   6.1102305e+10   0.06503751608   0.06408204951   0.06438665479     20.23171580 0
   0.02185755922      924834.8084  0.007059768143   7.1713485e+10   0.06547154167   0.06607940834   0.06432031722     20.10429344 0
   0.02236885312      770852.2212  0.006569593747   6.6555403e+10   0.06519925837   0.06497621113   0.06425216679     20.14834623 0
   0.02291433872      783359.5267  0.006199656427   6.2466455e+10   0.06484070890   0.06410790166   0.06418371267     20.15765544 0
   0.02344824380      793089.0418  0.006869993158   6.9143501e+10   0.06503147729   0.06518430101   0.06411900570     20.05847838 0
   0.02397063155      771609.0111  0.006464971666   6.4761130e+10   0.06469896894   0.06427074137   0.06405449248     20.07612894 0
   0.02453062713      874212.8814  0.005981737622   5.9867322e+10   0.06448129655   0.06349575407   0.06399019971     20.13717159 0
   0.02507032483      858250.3764  0.006992342170   6.9956053e+10   0.06482521128   0.06517070599   0.06392699166     19.99676907 0
   0.02557965395      742891.5304  0.006679076997   6.6619481e+10   0.06460299590   0.06429314674   0.06386339859     20.01528458 0
   0.02610092244      695120.7867  0.006672196005   6.6369126e+10   0.06448617229   0.06425068977   0.06379999368     19.99472817 0
   0.02662657657      628312.8482  0.006568493067   6.5156689e+10   0.06433861508   0.06392228134   0.06373930104     19.98744109 0
   0.02715919320      576896.6599  0.006498681698   6.4208234e+10   0.06415191702   0.06365621485   0.06367919708     19.96620925 0
   0.02769667258      568854.0330  0.006450082988   6.3590561e+10   0.06404738263   0.06347971834   0.06361956251     19.95625591 0
   0.02823133381      585961.7413  0.006567814783   6.4530297e+10   0.06395170914   0.06348834996   0.06356039527     19.91438498 0
   0.02876349628      611073.1554  0.006510390562   6.3843238e+10   0.06385558774   0.06326881516   0.06350163090     19.90758551 0
   0.02929768711      578392.6036  0.006517909300   6.3835853e+10   0.06380668676   0.06323932309   0.06344322417     19.89676267 0
   0.02983070118      553921.3797  0.006539183961   6.3811323e+10   0.06366924691   0.06306704534   0.06338501920     19.86629742 0
   0.03036472401      562196.6216  0.006493371193   6.3189444e+10   0.06354352823   0.06284292988   0.06332682361     19.85147063 0
   0.03090071719      614062.3580  0.006491115153   6.2938941e+10   0.06339969949   0.06262536931   0.06326859572     19.82436266 0
   0.03143055158      642049.5602  0.006646131738   6.4498302e+10   0.06348607497   0.06297594844   0.06321036864     19.81002441 0
   0.03195770293      583913.5253  0.006556746283   6.3426564e+10   0.06333036979   0.06259359624   0.06315214154     19.79781888 0
   0.03248992256      542269.2210  0.006519906212   6.2862569e+10   0.06318611733   0.06240119943   0.06309391421     19.77747883 0
   0.03302339628      539144.3636  0.006525904917   6.2748164e+10   0.06307971793   0.06228189281   0.06303575968     19.75579029 0
   0.03355750430      568484.5200  0.006504445918   6.2353107e+10   0.06295226654   0.06212782362   0.06297765505     19.73551449 0
   0.03409528611      598234.6133  0.006437203925   6.1537355e+10   0.06282154811   0.06182914116   0.06291962199     19.72373896 0
   0.03462950438      576965.7632  0.006592267605   6.3007275e+10   0.06286720937   0.06205818921   0.06286173553     19.70168748 0
   0.03516229621      577916.3676  0.006471356489   6.1578357e+10   0.06265260720   0.06164136317   0.06280385272     19.68410157 0
   0.03569730959      573250.0437  0.006537242650   6.2155636e+10   0.06264414472   0.06169859765   0.06274589760     19.66934413 0
   0.03623198119      566717.3058  0.006479593063   6.1346320e+10   0.06245832718   0.06140760667   0.06268807969     19.64469560 0
   0.03676765442      552260.3966  0.006512733035   6.1597582e+10   0.06243094273   0.06138480166   0.06263020292     19.63276137 0
   0.03730193900      554139.0778  0.006513276290   6.1322367e+10   0.06225402049   0.06116179552   0.06257230497     19.59804894 0
   0.03783946862      577562.1876  0.006434574209   6.0503030e+10   0.06217737967   0.06095485359   0.06251415370     19.59888149 0
   0.03837409780      583896.0377  0.006584771953   6.1803173e+10   0.06215969454   0.06106833832   0.06245595992     19.56534992 0
   0.03890478281      571463.4022  0.006529821400   6.1215393e+10   0.06209613904   0.06091059249   0.06239760602     19.56374245 0
   0.03943500531      529566.7991  0.006596318321   6.1715394e+10   0.06204313131   0.06085885983   0.06233901811     19.54026184 0
   0.03996613031      522526.3216  0.006507778977   6.0654651e+10   0.06186574198   0.06054174612   0.06228051597     19.52287567 0
   0.04050116710      511771.5078  0.006499921797   6.0455929e+10   0.06178306961   0.06043726107   0.06222188471     19.50816632 0
   0.04103372706      507239.6624  0.006568631695   6.1037460e+10   0.06177299933   0.06038894549   0.06216309092     19.49283069 0
   0.04156555018      522375.5987  0.006517863624   6.0338814e+10   0.06161134852   0.06015318769   0.06210409413     19.47091185 0
   0.04210247922      565540.8358  0.006444406741   5.9286987e+10   0.06134455317   0.05983880482   0.06204471135     19.43273333 0
   0.04266469777      796280.7304  0.005953814790   5.4131611e+10   0.06071868223   0.05869200486   0.06198459837     19.41024021 0
   0.04327032870      1059176.370  0.005551718047   5.0590286e+10   0.06064745921   0.05823151457   0.06192395488     19.48690822 0
   0.04384657308      1136667.472  0.006619459449   6.0589458e+10   0.06120991856   0.05987225574   0.06186540388     19.37149466 0
   0.04440204723      975878.4448  0.005945769436   5.4543167e+10   0.06103094322   0.05979132651   0.06180596264     19.47468645 0
   0.04496874395      861384.5163  0.006348405602   5.7587584e+10   0.06077833091   0.05902201441   0.06174706258     19.33934187 0
   0.04553124549      1072798.732  0.006032248886   5.4363045e+10   0.06042117098   0.05825932644   0.06168785961     19.33313210 0
   0.04612310238      1022737.228  0.005734216867   5.2568648e+10   0.06093540883   0.05913588054   0.06162644665     19.50279054 0
   0.04667486500      1079033.970  0.007006155347   6.4809824e+10   0.06175513427   0.06027930347   0.06156906451     19.40802035 0
   0.04716761352      1209632.737  0.007118774855   6.6198868e+10   0.06199196682   0.06077481525   0.06150130424     19.43296610 0
   0.04766413102      988608.2774  0.006901414077   6.3745338e+10   0.06167481967   0.05976505582   0.06142277257     19.41107225 0
   0.04816881189      955995.1914  0.006888690177   6.3276885e+10   0.06146683693   0.05925197570   0.06134720658     19.37231668 0
   0.04866991088      995967.6842  0.007000880945   6.4517369e+10   0.06162755455   0.05957850160   0.06127062772     19.38271570 0
   0.04915801723      916914.1055  0.007262269176   6.7615759e+10   0.06211601439   0.06001819773   0.06119531226     19.43122891 0
   0.04964091395      794458.0850  0.007150776462   6.6049665e+10   0.06176958902   0.05967801462   0.06111719381     19.38303161 0
   0.05013726405      656194.7890  0.006876146803   6.2531206e+10   0.06108029935   0.05885491930   0.06104172391     19.29713706 0
   0.05065200142      551484.8405  0.006648363240   5.9732376e+10   0.06054872238   0.05802449967   0.06096782113     19.23437451 0
   0.05117932499      528936.9389  0.006550325841   5.8448365e+10   0.06025945015   0.05757770270   0.06089239402     19.19511845 0
   0.05171090699      501592.8147  0.006541913817   5.8178628e+10   0.06013583707   0.05731481987   0.06081518117     19.17160583 0
   0.05224415108      508708.2758  0.006509592390   5.7669278e+10   0.05998458452   0.05703763828   0.06073730033     19.14723157 0
   0.05278036529      513338.7445  0.006469664343   5.7153697e+10   0.05987100485   0.05672144567   0.06065684813     19.13197382 0
   0.05331344175      464655.7997  0.006586919086   5.8298375e+10   0.05998500176   0.05677604891   0.06057427528     19.13218975 0
   0.05384507105      436715.8264  0.006504666815   5.7322983e+10   0.05980459243   0.05628873875   0.06048970802     19.11150492 0
   0.05437640393      404561.9126  0.006594319296   5.8265219e+10   0.05993923106   0.05624895062   0.06040294505     19.12162826 0
   0.05490211684      371284.8045  0.006644265569   5.8820411e+10   0.06003784168   0.05605539424   0.06031507826     19.13229552 0
   0.05571705766      325177.0400  0.006610754461   5.8302388e+10   0.05989672575   0.05551810132   0.06022609537     19.11026633 0
   0.05682924574      278449.3364  0.006539387127   5.7248878e+10   0.05961419738   0.05467599989   0.06008390206     19.06691948 0
   0.05794763768      273307.4454  0.006537424124   5.6946440e+10   0.05944610225   0.05381959995   0.05987761149     19.03535536 0
   0.05907457298      295069.8677  0.006440967729   5.5324269e+10   0.05891580457   0.05283377450   0.05964459157     18.94300814 0
   0.06019471386      288591.5993  0.006617820796   5.5177447e+10   0.05793447923   0.05211329438   0.05935966663     18.68502430 0
   0.06130836362      257436.6951  0.006515471834   5.2281591e+10   0.05653394489   0.05118756379   0.05862429937     18.40969980 0
   0.06243793872      279960.5758  0.006432407341   4.9620254e+10   0.05513692104   0.05027873137   0.05767182049     18.12723452 0
   0.06358902644      317107.1321  0.006274918558   4.6838205e+10   0.05396519892   0.04958727480   0.05686103465     17.90384476 0
   0.06472552481      293328.6314  0.006601856501   4.7704737e+10   0.05299733309   0.04923920013   0.05621174827     17.62524783 0
   0.06584672527      292328.0681  0.006444105699   4.5390434e+10   0.05212899131   0.04842609079   0.05571082496     17.45868919 0
   0.06699991336      388650.5999  0.006241367374   4.2980846e+10   0.05135379503   0.04767571972   0.05530754412     17.32010136 0
   0.06815797128      432241.7491  0.006389266441   4.3132599e+10   0.05077698617   0.04750963871   0.05494821397     17.15656090 0
   0.06931838855      496844.5159  0.006216331101   4.1087094e+10   0.05008517581   0.04660794178   0.05462369285     17.02776253 0
   0.07045884731      479702.2226  0.006620160000   4.3077367e+10   0.04971908397   0.04707836679   0.05432446749     16.86301598 0
   0.07154254889      386851.3527  0.006880263839   4.3721457e+10   0.04910699764   0.04616002845   0.05404787205     16.66963820 0
   0.07263343030      422829.6569  0.006535201792   4.0925650e+10   0.04857906856   0.04550646527   0.05378234428     16.60574632 0
   0.07373462427      398114.7607  0.006749287151   4.1585724e+10   0.04816580597   0.04536207238   0.05352393412     16.46631669 0
   0.07481718054      291490.8812  0.006760412361   4.1010461e+10   0.04771788407   0.04506607390   0.05327255432     16.35550080 0
   0.07592084455      238985.5667  0.006496170238   3.8733820e+10   0.04715992813   0.04425700786   0.05302769076     16.26691659 0
   0.07704358978      240558.5531  0.006530025252   3.8307770e+10   0.04671099562   0.04391891928   0.05278494825     16.15035696 0
   0.07815956700      204644.3213  0.006575236924   3.7977638e+10   0.04628985732   0.04361576894   0.05255649422     16.03765207 0
   0.07928192047      200324.6046  0.006456499244   3.6687267e+10   0.04581089542   0.04303716270   0.05234506089     15.93981059 0
   0.08041102704      218920.8381  0.006496342138   3.6362487e+10   0.04541322563   0.04270051426   0.05214353689     15.83256398 0
   0.08153254226      196114.9883  0.006544227372   3.6080855e+10   0.04501797899   0.04241402111   0.05195033255     15.72403754 0
   0.08265582666      189395.0682  0.006475985275   3.5133378e+10   0.04457251222   0.04190900130   0.05176268340     15.62321235 0
   0.08377676132      205371.4138  0.006571866978   3.5102345e+10   0.04418557938   0.04166820684   0.05157985219     15.50715886 0
   0.08489987864      203186.0256  0.006451045828   3.3968763e+10   0.04378030029   0.04126269945   0.05140308117     15.42472384 0
   0.08602935244      181049.8925  0.006497629303   3.3692054e+10   0.04339455730   0.04096813496   0.05123203376     15.31669282 0
   0.08715734177      178561.2781  0.006467986669   3.2990021e+10   0.04296864341   0.04048288140   0.05106586720     15.21132132 0
   0.08827420697      193469.6852  0.006628671580   3.3275359e+10   0.04260415514   0.04032005969   0.05090386856     15.08784913 0
   0.08938703899      185421.3820  0.006514466038   3.2248221e+10   0.04222261406   0.03996512704   0.05074270924     15.00806296 0
   0.09051502561      174835.4958  0.006451419846   3.1494023e+10   0.04186094487   0.03958222977   0.05058577059     14.92410260 0
   0.09164337218      156651.7766  0.006510290723   3.1366972e+10   0.04155115748   0.03937938693   0.05044086736     14.83176215 0
   0.09276994706      162406.0966  0.006471651146   3.0749590e+10   0.04120366298   0.03899989368   0.05030646598     14.74599491 0
   0.09389002722      178712.3534  0.006586459411   3.0932556e+10   0.04094752268   0.03890146617   0.05017731391     14.65771274 0
   0.09500647977      164750.2633  0.006513473952   3.0231272e+10   0.04064757454   0.03856495017   0.05005428774     14.58988020 0
   0.09613382483      174515.3135  0.006459706836   2.9578711e+10   0.04031510031   0.03815859056   0.04993707893     14.50969032 0
   0.09726443608      196706.3638  0.006475793791   2.9278483e+10   0.04002397950   0.03779040152   0.04982613377     14.42812193 0
   0.09838601740      181728.0195  0.006564433899   2.9358118e+10   0.03978832635   0.03768250751   0.04972138035     14.34897468 0
   0.09950067962      149685.8037  0.006556138011   2.8957545e+10   0.03949722616   0.03739218609   0.04962042520     14.27106743 0
    0.1009626165      126973.3568  0.006534773066   2.8327993e+10   0.03906704888   0.03684928751   0.04952112307     14.15682916 0
    0.1027719715      111062.1234  0.006528649447   2.7695801e+10   0.03857680862   0.03633573855   0.04939107521     14.02280328 0
    0.1045881958      102979.9368  0.006485505492   2.6966729e+10   0.03811899965   0.03585984920   0.04923734384     13.90312933 0
    0.1064048048      96989.63482  0.006525875012   2.6635153e+10   0.03771789821   0.03549431576   0.04909154033     13.78455171 0
    0.1082184924      89868.41244  0.006506367637   2.6119773e+10   0.03735026240   0.03517483992   0.04895325816     13.68476886 0
    0.1100376438      97272.19505  0.006486733025   2.5610890e+10   0.03698605128   0.03480994657   0.04882195146     13.58545958 0
    0.1118550246      94291.59113  0.006519077102   2.5337586e+10   0.03665908479   0.03446436384   0.04869762461     13.48771452 0
    0.1136695069      79775.41183  0.006507438710   2.4970073e+10   0.03638414043   0.03420043427   0.04858145482     13.41166106 0
    0.1154876029      80485.84395  0.006493190857   2.4599179e+10   0.03611439987   0.03388198271   0.04847528976     13.33714144 0
    0.1173081069      80058.43476  0.006490227025   2.4324843e+10   0.03589090231   0.03362151542   0.04837673688     13.27374397 0
    0.1191263462      80790.27004  0.006509390432   2.4107503e+10   0.03565170841   0.03330942530   0.04828476443     13.20199319 0
    0.1209466229      79194.53809  0.006475735929   2.3757618e+10   0.03545418991   0.03300690645   0.04819663630     13.15056831 0
    0.1227647013      79155.83705  0.006525191364   2.3794164e+10   0.03534173009   0.03288930918   0.04811306947     13.11024148 0
    0.1245812271      79383.28233  0.006486773708   2.3498950e+10   0.03520337433   0.03263887321   0.04803384446     13.07643958 0
    0.1264025113      74728.11512  0.006491082870   2.3378062e+10   0.03508988549   0.03243701003   0.04795687870     13.04293294 0
    0.1282179949      77724.21060  0.006528345237   2.3390080e+10   0.03499643720   0.03226342275   0.04788227942     13.00994374 0
    0.1300355077      77187.36275  0.006476645552   2.3105798e+10   0.03490446426   0.03202117556   0.04780960283     12.99154024 0
    0.1318575963      79974.33572  0.006495508292   2.3048737e+10   0.03480716300   0.03176699714   0.04773843088     12.96031050 0
    0.1336719271      81681.43945  0.006532187597   2.3091623e+10   0.03474642087   0.03154978788   0.04766878215     12.93689642 0
    0.1354905691      75361.83836  0.006464871573   2.2693756e+10   0.03460259209   0.03112246314   0.04760068844     12.90574740 0
    0.1373079680      73767.32786  0.006541176358   2.2835069e+10   0.03451878202   0.03082928865   0.04753310415     12.86931006 0
    0.1391220445      70685.26948  0.006488456508   2.2507727e+10   0.03439502462   0.03037082331   0.04746732438     12.84156583 0
    0.1409389305      67894.08674  0.006520896438   2.2491163e+10   0.03430271750   0.02996019318   0.04740240965     12.80955526 0
    0.1427557978      66929.02966  0.006488589120   2.2256239e+10   0.03420143391   0.02950473156   0.04733891202     12.78507935 0
    0.1445735541      64389.03567  0.006514506209   2.2229304e+10   0.03412224938   0.02902437131   0.04727626933     12.75791476 0
    0.1463885143      60925.33073  0.006508571381   2.2091993e+10   0.03403722330   0.02847413614   0.04721444546     12.73404307 0
    0.1482054447      59559.92068  0.006500387682   2.1942289e+10   0.03394839452   0.02788878974   0.04715262236     12.70941838 0
    0.1500235965      59549.14618  0.006499827266   2.1816920e+10   0.03386196737   0.02725085391   0.04709034044     12.68435192 0
    0.1518407728      57276.28351  0.006507370404   2.1710474e+10   0.03377248650   0.02654568193   0.04702718784     12.65724982 0
    0.1536616245      58919.12305  0.006473655188   2.1451160e+10   0.03366133911   0.02576738998   0.04696227594     12.63047058 0
    0.1554804254      59298.71472  0.006522100741   2.1462283e+10   0.03356810595   0.02494770578   0.04689430629     12.59710319 0
    0.1572948444      55638.02562  0.006504882058   2.1188995e+10   0.03339701398   0.02395940780   0.04682094382     12.55553338 0
    0.1591117245      51086.12884  0.006504431914   1.9337336e+10   0.03167746052   0.02288235300   0.04673205959     12.04911671 0
    0.1609311796      47943.92575  0.006486495007   1.3747325e+10   0.02607200037   0.02226330645   0.04476388558     10.20818870 0
    0.1627494288      45479.24998  0.006513078096   1.2584158e+10   0.02463860671   0.02186535501   0.03871086567     9.784063886 0
    0.1645684760      44084.46879  0.006480817233   1.2177345e+10   0.02424153643   0.02158909073   0.03773174670     9.657334189 0
    0.1663864165      43212.97068  0.006521032632   1.2094555e+10   0.02406848599   0.02146735849   0.03757132813     9.594528582 0
    0.1682032218      42022.14470  0.006488896416   1.1930550e+10   0.02394966446   0.02128495809   0.03747837811     9.558325575 0
    0.1700240412      45855.59107  0.006492273274   1.1877271e+10   0.02388428932   0.02120010719   0.03740422783     9.535834055 0
    0.1718401786      44526.27646  0.006522430368   1.1882699e+10   0.02383969980   0.02103778907   0.03734184250     9.516945672 0
    0.1736573721      41492.62125  0.006484749084   1.1752747e+10   0.02377251980   0.02081682506   0.03728673446     9.499019242 0
    0.1754799561      47454.47378  0.006483851331   1.1659034e+10   0.02367221729   0.02063766211   0.03723550513     9.465192143 0
    0.1772964791      45533.37703  0.006528171284   1.1626850e+10   0.02356226691   0.02035287631   0.03718658769     9.422468037 0
    0.1791095265      37469.82312  0.006508673157   1.1489502e+10   0.02344849110   0.02012501338   0.03713942618     9.386401952 0
    0.1809295625      40266.27719  0.006478154560   1.1354370e+10   0.02335720122   0.01990617433   0.03709386197     9.359376812 0
    0.1827496090      43670.10968  0.006508597670   1.1352012e+10   0.02330676826   0.01969853191   0.03705019830     9.338556402 0
    0.1845746363      48820.35983  0.006442973592   1.1175972e+10   0.02323584466   0.01942664497   0.03700833891     9.322785164 0
    0.1863917022      47822.28170  0.006566176596   1.1354929e+10   0.02322352239   0.01926945864   0.03696689811     9.303488026 0
    0.1882052682      43614.09062  0.006467655173   1.1126195e+10   0.02314914492   0.01903261373   0.03692684991     9.290567410 0
    0.1900230942      41124.95961  0.006535240852   1.1204204e+10   0.02312113998   0.01890399182   0.03688596215     9.272927822 0
    0.1918365518      35744.04663  0.006498727200   1.1084046e+10   0.02306124388   0.01861204221   0.03684586708     9.257408323 0
    0.1936558370      36529.24362  0.006493390668   1.1024749e+10   0.02300983456   0.01841282549   0.03680513383     9.241032172 0
    0.1954727989      35694.52462  0.006515375005   1.1012668e+10   0.02296395529   0.01821047437   0.03676434563     9.223369666 0
    0.1972944403      38546.37341  0.006460170681   1.0853688e+10   0.02289289035   0.01786215155   0.03672318564     9.206789880 0
    0.1991120536      37118.69112  0.006544442095   1.0944399e+10   0.02285641356   0.01762860971   0.03668102774     9.185418833 0
    0.2015746981      26418.21351  0.006511555700   1.0734702e+10   0.02268133010   0.01710057057   0.03663822896     9.137062274 0
    0.2046966603      20735.43084  0.006501102241   1.0079592e+10   0.02183175877   0.01635524344   0.03656240720     8.915169643 0
    0.2078211060      17849.26833  0.006501204093   7.7527392e+09   0.01883560998   0.01570680544   0.03587819715     7.781714463 0
    0.2109461760      16462.77520  0.006498505117   7.1647824e+09   0.01803419133   0.01546799154   0.03352005226     7.461789706 0
    0.2140708822      15709.47074  0.006502718700   7.0658909e+09   0.01788600590   0.01524096191   0.02844795199     7.415162491 0
    0.2171954248      15220.82958  0.006499185162   7.0168086e+09   0.01782560184   0.01513051419   0.02830152315     7.393342232 0
    0.2203203470      15116.11684  0.006501138901   6.9496119e+09   0.01774422941   0.01481602493   0.02823499041     7.363212852 0
    0.2234467444      16979.96749  0.006493055680   6.9145945e+09   0.01771524437   0.01465064337   0.02816898310     7.353390598 0
    0.2265800658      31326.48897  0.006472452026   6.8692511e+09   0.01768350584   0.01456056688   0.02810556963     7.343858270 0
    0.2297089292      37415.00415  0.006511614200   6.8539673e+09   0.01762767130   0.01421568131   0.02804251071     7.319289605 0
    0.2328256281      24024.07109  0.006523020097   6.7754611e+09   0.01751813629   0.01385184331   0.02797794509     7.278035362 0
    0.2359449351      15798.76685  0.006500744062   6.6658824e+09   0.01740727075   0.01351162669   0.02790931261     7.239982257 0
    0.2390695868      14786.73251  0.006500705232   6.5649979e+09   0.01728470501   0.01304869066   0.02783760407     7.195970487 0
    0.2421943771      14282.88834  0.006500167216   6.4380338e+09   0.01711159257   0.01267984967   0.02775646647     7.135654364 0
    0.2453227891      18782.97811  0.006485670622   6.2023059e+09   0.01678283798   0.01212069205   0.02763886668     7.031990769 0
    0.2484512530      24638.66250  0.006499951146   5.8999336e+09   0.01625349570   0.01213319839   0.02735314439     6.853163901 0
    0.2515728191      19366.17150  0.006514365386   5.2815957e+09   0.01527921701   0.01163797233   0.02653070930     6.459290399 0
    0.2546956545      14694.52806  0.006494675500   5.0211698e+09   0.01488952553   0.01150759586   0.02376473521     6.293085513 0
    0.2578242716      20774.18732  0.006490296405   4.9606247e+09   0.01480493122   0.01135371066   0.02220584698     6.258486943 0
    0.2609475566      18119.01143  0.006516895994   4.8496449e+09   0.01459238217   0.01121732078   0.02191989698     6.171089423 0
    0.2640705007      14811.26001  0.006491711067   4.7415857e+09   0.01444926455   0.01101644458   0.02157606300     6.116535924 0
    0.2672015967      26006.99581  0.006482984769   4.6680905e+09   0.01435588193   0.01069792105   0.02137700046     6.080367370 0
    0.2703246399      22958.29792  0.006525298448   4.6197255e+09   0.01424105040   0.01045049866   0.02124935766     6.031326267 0
    0.2734458875      16080.77752  0.006490423567   4.5063880e+09   0.01410074924   0.01016759856   0.02112800114     5.979588690 0
    0.2765707083      16089.64164  0.006510352726   4.4083120e+09   0.01392263157  0.009879569257   0.02101396173     5.908756418 0
    0.2796931054      11816.11044  0.006500491824   4.2150656e+09   0.01361081493  0.009412667903   0.02090023856     5.791471545 0
    0.2828264859      24677.67088  0.006464836409   3.8769486e+09   0.01302330960  0.009006276651   0.02070759786     5.574806679 0
    0.2859556877      32015.69112  0.006517924784   3.6490590e+09   0.01252899548  0.008952482622   0.01984657520     5.366239011 0
    0.2890763517      25672.87123  0.006500162129   3.4349996e+09   0.01215727883  0.008642232604   0.01821708397     5.204340629 0
    0.2921969231      17299.95935  0.006518312455   3.3789702e+09   0.01203790737  0.008531361005   0.01685039159     5.151353836 0
    0.2953175164      9485.584561  0.006500070771   3.2837244e+09   0.01185379078  0.008567459643   0.01643929635     5.076803106 0
    0.2984423707      9117.547516  0.006500535358   3.1870285e+09   0.01169746751  0.008082081331   0.01616287066     5.012673316 0
    0.3015687451      11306.57866  0.006493753394   3.1191166e+09   0.01157601483  0.007904335522   0.01595664755     4.963698334 0
    0.3046964771      16332.99617  0.006494891292   3.0906445e+09   0.01152878924  0.007756302568   0.01579181935     4.944133233 0
    0.3078221652      18054.94733  0.006502251006   3.0178189e+09   0.01136367629  0.007737680212   0.01567550468     4.877036060 0
    0.3109443739      12956.78056  0.006509375181   2.9245555e+09   0.01120323759  0.007233195085   0.01549332760     4.811705814 0
    0.3140691843      12077.15728  0.006491438136   2.8190882e+09   0.01101146993  0.006955510415   0.01528533877     4.735275897 0
    0.3171941274      12084.61329  0.006508821894   2.7994304e+09   0.01095552332  0.006938916098   0.01500889080     4.709050308 0
    0.3203171539      8665.688817  0.006499399804   2.6381358e+09   0.01401656275  0.005972441260   0.01476449470     3.514719165 0
    0.3234433905      10821.13825  0.006495459102   2.5384092e+09   0.01859980401  0.005887039582   0.01417847315     2.542708188 0
    0.3265680644      10185.88356  0.006505906026   2.5189593e+09  0.006147777515  0.005850734613   0.01364685016     7.618680252 0
    0.3296944880      13695.07377  0.006488198867   2.4395924e+09  0.006045197572  0.005782980251   0.01341768385     7.507590181 0
    0.3328207164      16330.18199  0.006506719237   2.3671624e+09   0.01798452172  0.005764889635   0.01330212492     2.432230222 0
    0.3359439742      12468.59564  0.006500535294   2.3451188e+09  0.005903473373  0.005707536883   0.01300491581     7.349144951 0
    0.3390679957      10483.84583  0.006503537379   2.2542360e+09   0.01750214354  0.006115097960   0.01282643277     2.345631853 0
    0.3421925748      9677.227403  0.006498215823   2.1867002e+09   0.01734154898  0.005615516341   0.01262103646     2.316833818 0
    0.3453179021      10329.40391  0.006500423050   2.2200212e+09  0.005723483276  0.005562016430   0.01243398545     7.148268676 0
    0.3484421847      8759.031371  0.006502562455   2.0990763e+09   0.01701655229  0.005510637405   0.01235032642     2.257683977 0
    0.3515692253      13437.76410  0.006488968711   2.0419588e+09   0.01680839716  0.005503345801   0.01220915675     2.220287740 0
    0.3546951532      15804.75086  0.006507197807   2.1144586e+09  0.005561187155  0.005485715114   0.01207327755     6.964935867 0
    0.3578185155      12093.42800  0.006499623104   1.9657903e+09   0.01650605001  0.005426827533   0.01201009631     2.164724785 0
    0.3609437954      12820.90185  0.006499212491   2.0375388e+09  0.005449574709  0.005391828398   0.01188514120     6.839240722 0
    0.3640689404      13583.56329  0.006500184330   1.8858996e+09   0.01619614319  0.005341213283   0.01180926882     2.107945251 0
    0.3671938041      13654.81369  0.006500382727   1.9672526e+09  0.005339382924  0.005337481658   0.01168357487     6.713547948 0
    0.3703202591      17885.96986  0.006493570935   1.8077039e+09   0.01588085218  0.005321907087   0.01160653181     2.050355056 0
    0.3734439565      14306.98564  0.006511875861   1.9065903e+09  0.005240819994  0.005255223968   0.01148281856     6.599744704 0
    0.3765670772      9531.850320  0.006495966019   1.8726502e+09  0.005195659882  0.005201497537   0.01140370970     6.549385148 0
    0.3796918761      9202.052592  0.006504876845   1.7127243e+09   0.01548155382  0.005230302401   0.01135821887     1.976556013 0
    0.3828156733      5719.162045  0.006500130339   1.6661928e+09   0.01529962775  0.005151249798   0.01122057820     1.943264116 0
    0.3859407055      5761.576526  0.006499735767   1.6351797e+09   0.01516981214  0.005117333467   0.01109966524     1.919466124 0
    0.3890656237      5489.750862  0.006500604829   1.6083168e+09   0.01505222007  0.005101261513   0.01101763985     1.897865506 0
    0.3921904418      5075.410054  0.006500151771   1.7496500e+09   0.01524601557  0.005624683637   0.01095116109     2.033637956 0
    0.3953153819      4975.046780  0.006500097501   1.7109162e+09   0.01474139454  0.005651962437   0.01089490651     2.046413624 0
    0.3984403861      5036.979212  0.006499885154   1.7050492e+09   0.01210954788   0.01092109678   0.01078589900     2.046004737 0
    0.4015661077      7166.534068  0.006497113913   1.6673012e+09   0.01287897802  0.005967459714   0.01060429047     2.248192265 0
    0.4046916094      8424.255589  0.006500800399   1.6535430e+09  0.005086525295  0.005086525295   0.01055788606     5.805052228 0
    0.4078158156      6251.745344  0.006502502973   1.6222247e+09  0.005307981706  0.005685512763   0.01052076705     5.324824540 0
    0.4109410656      7789.699890  0.006496459870   1.5923409e+09  0.005203001640   0.01030813403   0.01047478706     4.429567533 0
    0.4140660516      7832.220335  0.006503602298   1.5861691e+09   0.01269986454  0.005527261312   0.01040664694     2.178145157 0
    0.4171903608      5467.844692  0.006499273538   1.5515003e+09   0.01162104851  0.005750944400   0.01032634377     2.300538393 0
    0.4203153175      5334.160838  0.006500906705   1.5338163e+09  0.005110124978  0.005110124978   0.01024545433     5.283070163 0
    0.4234403358      5507.542971  0.006499017553   1.5115762e+09  0.005515619711  0.005515619711   0.01024633275     4.738415910 0
    0.4265655830      6528.678994  0.006499954181   1.4933249e+09   0.01110008431   0.01110008431   0.01021163975     1.816577777 0
    0.4296902883      5420.749425  0.006501272071   1.4630405e+09  0.005642571799  0.005642571799   0.01019110564     4.427313726 0
    0.4328151710      5056.481960  0.006499216440   1.4441344e+09  0.005542624381  0.005542624381   0.01007035642     4.455507788 0
    0.4359405954      7064.789744  0.006499018237   1.4289375e+09   0.01167418001  0.005387377190   0.01002940367     2.101489457 0
    0.4390655657      7033.700492  0.006501105726   1.4027375e+09  0.004611531725  0.004611531725  0.009932418229     5.367192603 0
    0.4421901330      5082.247729  0.006500694343   1.3759861e+09   0.01016353877   0.01016353877  0.009884811571     1.834088295 0
    0.4453149618      4531.603119  0.006500017937   1.2883020e+09   0.01021199657   0.01021199657  0.009798075014     1.641170681 0
    0.4484544570      44167.51878  0.006440236542   1.2805479e+09   0.01158995369  0.005020050830  0.009672921468     1.901482442 0
