Planck and Rosseland opacities for Xenon: [g/cc] [KeV] [cm2/g] [cm2/g]
0 0.0 2 1 2
30 29
0.0
rho TeKev PlanckXe RossXe none
5.33E-07 5.00E-02 3.18E+02 2.93E+00
1.21E-06 5.00E-02 4.25E+02 5.39E+00
2.72E-06 5.00E-02 6.09E+02 1.23E+01
6.16E-06 5.00E-02 9.14E+02 3.09E+01
1.39E-05 5.00E-02 1.24E+03 6.84E+01
3.15E-05 5.00E-02 1.84E+03 2.37E+02
7.12E-05 5.00E-02 2.85E+03 6.99E+02
1.61E-04 5.00E-02 4.07E+03 1.18E+03
3.64E-04 5.00E-02 5.46E+03 1.97E+03
8.22E-04 5.00E-02 6.98E+03 3.00E+03
1.86E-03 5.00E-02 8.68E+03 4.22E+03
4.20E-03 5.00E-02 1.06E+04 5.58E+03
9.50E-03 5.00E-02 1.26E+04 6.83E+03
2.15E-02 5.00E-02 1.47E+04 7.91E+03
4.86E-02 5.00E-02 1.71E+04 8.46E+03
1.10E-01 5.00E-02 1.90E+04 8.90E+03
2.48E-01 5.00E-02 2.05E+04 9.55E+03
5.61E-01 5.00E-02 2.15E+04 9.27E+03
1.27E+00 5.00E-02 1.57E+04 7.11E+03
2.87E+00 5.00E-02 1.23E+04 5.78E+03
6.48E+00 5.00E-02 1.80E+04 4.87E+03
1.47E+01 5.00E-02 4.23E+04 5.27E+03
3.31E+01 5.00E-02 1.11E+05 1.01E+04
7.49E+01 5.00E-02 2.61E+05 2.54E+04
1.69E+02 5.00E-02 3.88E+05 2.85E+04
3.83E+02 5.00E-02 5.76E+05 3.18E+04
8.65E+02 5.00E-02 8.56E+05 3.56E+04
1.96E+03 5.00E-02 1.27E+06 3.98E+04
4.42E+03 5.00E-02 1.89E+06 4.46E+04
1.00E+04 5.00E-02 2.81E+06 4.98E+04
5.33E-07 6.00E-02 1.22E+02 7.73E-01
1.21E-06 6.00E-02 2.16E+02 1.41E+00
2.72E-06 6.00E-02 3.20E+02 3.30E+00
6.16E-06 6.00E-02 4.82E+02 7.97E+00
1.39E-05 6.00E-02 7.30E+02 4.26E+01
3.15E-05 6.00E-02 1.10E+03 1.69E+02
7.12E-05 6.00E-02 1.67E+03 3.29E+02
1.61E-04 6.00E-02 2.47E+03 7.28E+02
3.64E-04 6.00E-02 3.54E+03 1.31E+03
8.22E-04 6.00E-02 4.72E+03 1.96E+03
1.86E-03 6.00E-02 6.03E+03 2.78E+03
4.20E-03 6.00E-02 7.64E+03 3.77E+03
9.50E-03 6.00E-02 9.38E+03 4.62E+03
2.15E-02 6.00E-02 1.11E+04 5.28E+03
4.86E-02 6.00E-02 1.30E+04 5.72E+03
1.10E-01 6.00E-02 1.48E+04 5.72E+03
2.48E-01 6.00E-02 1.61E+04 5.45E+03
5.61E-01 6.00E-02 1.72E+04 6.06E+03
1.27E+00 6.00E-02 1.40E+04 5.62E+03
2.87E+00 6.00E-02 1.03E+04 4.79E+03
6.48E+00 6.00E-02 1.26E+04 4.41E+03
1.47E+01 6.00E-02 2.66E+04 4.04E+03
3.31E+01 6.00E-02 6.20E+04 6.65E+03
7.49E+01 6.00E-02 1.76E+05 1.85E+04
1.69E+02 6.00E-02 2.57E+05 2.10E+04
3.83E+02 6.00E-02 3.74E+05 2.38E+04
8.65E+02 6.00E-02 5.45E+05 2.70E+04
1.96E+03 6.00E-02 7.93E+05 3.06E+04
4.42E+03 6.00E-02 1.15E+06 3.48E+04
1.00E+04 6.00E-02 1.68E+06 3.94E+04
5.33E-07 8.00E-02 1.91E+02 8.40E-01
1.21E-06 8.00E-02 2.27E+02 1.02E+00
2.72E-06 8.00E-02 2.78E+02 1.68E+00
6.16E-06 8.00E-02 3.51E+02 2.42E+00
1.39E-05 8.00E-02 4.56E+02 7.37E+00
3.15E-05 8.00E-02 6.10E+02 4.65E+01
7.12E-05 8.00E-02 8.43E+02 9.63E+01
1.61E-04 8.00E-02 1.17E+03 1.81E+02
3.64E-04 8.00E-02 1.66E+03 4.08E+02
8.22E-04 8.00E-02 2.37E+03 8.21E+02
1.86E-03 8.00E-02 3.17E+03 1.24E+03
4.20E-03 8.00E-02 4.10E+03 1.66E+03
9.50E-03 8.00E-02 5.25E+03 2.17E+03
2.15E-02 8.00E-02 6.56E+03 2.64E+03
4.86E-02 8.00E-02 7.89E+03 2.98E+03
1.10E-01 8.00E-02 9.23E+03 3.36E+03
2.48E-01 8.00E-02 1.03E+04 3.24E+03
5.61E-01 8.00E-02 1.14E+04 3.06E+03
1.27E+00 8.00E-02 1.08E+04 2.99E+03
2.87E+00 8.00E-02 8.17E+03 2.82E+03
6.48E+00 8.00E-02 8.16E+03 3.02E+03
1.47E+01 8.00E-02 1.36E+04 3.33E+03
3.31E+01 8.00E-02 3.43E+04 5.03E+03
7.49E+01 8.00E-02 8.23E+04 1.14E+04
1.69E+02 8.00E-02 1.23E+05 2.53E+04
3.83E+02 8.00E-02 1.78E+05 2.56E+04
8.65E+02 8.00E-02 2.57E+05 2.59E+04
1.96E+03 8.00E-02 3.70E+05 2.63E+04
4.42E+03 8.00E-02 5.33E+05 2.66E+04
1.00E+04 8.00E-02 7.69E+05 2.70E+04
5.33E-07 1.00E-01 3.38E+02 1.80E+00
1.21E-06 1.00E-01 4.32E+02 2.30E+00
2.72E-06 1.00E-01 5.12E+02 3.15E+00
6.16E-06 1.00E-01 5.93E+02 4.55E+00
1.39E-05 1.00E-01 6.99E+02 6.41E+00
3.15E-05 1.00E-01 8.21E+02 1.13E+01
7.12E-05 1.00E-01 9.75E+02 4.94E+01
1.61E-04 1.00E-01 1.18E+03 1.29E+02
3.64E-04 1.00E-01 1.47E+03 1.94E+02
8.22E-04 1.00E-01 1.88E+03 4.31E+02
1.86E-03 1.00E-01 2.42E+03 6.90E+02
4.20E-03 1.00E-01 3.05E+03 9.70E+02
9.50E-03 1.00E-01 3.81E+03 1.32E+03
2.15E-02 1.00E-01 4.74E+03 1.65E+03
4.86E-02 1.00E-01 5.68E+03 1.91E+03
1.10E-01 1.00E-01 6.71E+03 2.16E+03
2.48E-01 1.00E-01 7.65E+03 2.20E+03
5.61E-01 1.00E-01 8.54E+03 2.27E+03
1.27E+00 1.00E-01 8.89E+03 2.59E+03
2.87E+00 1.00E-01 7.27E+03 2.38E+03
6.48E+00 1.00E-01 7.05E+03 2.76E+03
1.47E+01 1.00E-01 8.82E+03 2.76E+03
3.31E+01 1.00E-01 1.83E+04 3.84E+03
7.49E+01 1.00E-01 4.82E+04 9.65E+03
1.69E+02 1.00E-01 7.57E+04 1.95E+04
3.83E+02 1.00E-01 1.07E+05 1.96E+04
8.65E+02 1.00E-01 1.51E+05 1.97E+04
1.96E+03 1.00E-01 2.14E+05 1.98E+04
4.42E+03 1.00E-01 3.03E+05 1.99E+04
1.00E+04 1.00E-01 4.29E+05 1.99E+04
5.33E-07 1.25E-01 2.87E+02 1.38E+00
1.21E-06 1.25E-01 4.10E+02 2.03E+00
2.72E-06 1.25E-01 5.48E+02 3.81E+00
6.16E-06 1.25E-01 7.08E+02 6.65E+00
1.39E-05 1.25E-01 8.21E+02 1.32E+01
3.15E-05 1.25E-01 1.03E+03 2.21E+01
7.12E-05 1.25E-01 1.32E+03 2.38E+01
1.61E-04 1.25E-01 1.58E+03 4.04E+01
3.64E-04 1.25E-01 1.83E+03 1.72E+02
8.22E-04 1.25E-01 2.17E+03 3.21E+02
1.86E-03 1.25E-01 2.58E+03 4.71E+02
4.20E-03 1.25E-01 3.05E+03 7.14E+02
9.50E-03 1.25E-01 3.59E+03 9.74E+02
2.15E-02 1.25E-01 4.21E+03 1.26E+03
4.86E-02 1.25E-01 4.95E+03 1.55E+03
1.10E-01 1.25E-01 5.76E+03 1.78E+03
2.48E-01 1.25E-01 6.54E+03 1.91E+03
5.61E-01 1.25E-01 7.22E+03 1.95E+03
1.27E+00 1.25E-01 7.73E+03 2.00E+03
2.87E+00 1.25E-01 7.17E+03 2.09E+03
6.48E+00 1.25E-01 7.06E+03 2.30E+03
1.47E+01 1.25E-01 7.68E+03 2.61E+03
3.31E+01 1.25E-01 1.07E+04 3.73E+03
7.49E+01 1.25E-01 2.84E+04 8.66E+03
1.69E+02 1.25E-01 5.01E+04 1.49E+04
3.83E+02 1.25E-01 5.86E+04 1.91E+04
8.65E+02 1.25E-01 8.37E+04 1.91E+04
1.96E+03 1.25E-01 1.19E+05 1.91E+04
4.42E+03 1.25E-01 1.71E+05 1.91E+04
1.00E+04 1.25E-01 2.44E+05 1.91E+04
5.33E-07 1.50E-01 1.20E+02 5.59E-01
1.21E-06 1.50E-01 1.93E+02 9.17E-01
2.72E-06 1.50E-01 3.02E+02 1.76E+00
6.16E-06 1.50E-01 4.82E+02 5.05E+00
1.39E-05 1.50E-01 6.95E+02 1.02E+01
3.15E-05 1.50E-01 9.32E+02 1.58E+01
7.12E-05 1.50E-01 1.22E+03 2.68E+01
1.61E-04 1.50E-01 1.54E+03 4.72E+01
3.64E-04 1.50E-01 1.91E+03 7.38E+01
8.22E-04 1.50E-01 2.31E+03 1.79E+02
1.86E-03 1.50E-01 2.72E+03 3.84E+02
4.20E-03 1.50E-01 3.18E+03 5.39E+02
9.50E-03 1.50E-01 3.72E+03 7.97E+02
2.15E-02 1.50E-01 4.27E+03 1.11E+03
4.86E-02 1.50E-01 4.86E+03 1.43E+03
1.10E-01 1.50E-01 5.54E+03 1.75E+03
2.48E-01 1.50E-01 6.24E+03 2.00E+03
5.61E-01 1.50E-01 6.86E+03 2.03E+03
1.27E+00 1.50E-01 7.44E+03 2.03E+03
2.87E+00 1.50E-01 7.26E+03 2.09E+03
6.48E+00 1.50E-01 7.16E+03 2.32E+03
1.47E+01 1.50E-01 8.01E+03 2.85E+03
3.31E+01 1.50E-01 8.29E+03 3.82E+03
7.49E+01 1.50E-01 1.78E+04 7.15E+03
1.69E+02 1.50E-01 3.38E+04 1.19E+04
3.83E+02 1.50E-01 5.16E+04 1.25E+04
8.65E+02 1.50E-01 6.80E+04 1.25E+04
1.96E+03 1.50E-01 8.97E+04 1.25E+04
4.42E+03 1.50E-01 1.18E+05 1.25E+04
1.00E+04 1.50E-01 1.56E+05 1.25E+04
5.33E-07 2.00E-01 1.20E+01 2.33E-01
1.21E-06 2.00E-01 2.84E+01 2.88E-01
2.72E-06 2.00E-01 5.90E+01 4.00E-01
6.16E-06 2.00E-01 9.39E+01 5.85E-01
1.39E-05 2.00E-01 1.65E+02 1.05E+00
3.15E-05 2.00E-01 2.72E+02 2.41E+00
7.12E-05 2.00E-01 4.38E+02 5.65E+00
1.61E-04 2.00E-01 7.12E+02 2.06E+01
3.64E-04 2.00E-01 1.08E+03 5.52E+01
8.22E-04 2.00E-01 1.50E+03 9.98E+01
1.86E-03 2.00E-01 1.99E+03 1.88E+02
4.20E-03 2.00E-01 2.54E+03 3.22E+02
9.50E-03 2.00E-01 3.11E+03 5.11E+02
2.15E-02 2.00E-01 3.70E+03 7.67E+02
4.86E-02 2.00E-01 4.29E+03 1.09E+03
1.10E-01 2.00E-01 4.87E+03 1.45E+03
2.48E-01 2.00E-01 5.51E+03 1.84E+03
5.61E-01 2.00E-01 6.10E+03 2.10E+03
1.27E+00 2.00E-01 6.75E+03 2.23E+03
2.87E+00 2.00E-01 7.18E+03 2.32E+03
6.48E+00 2.00E-01 6.91E+03 2.46E+03
1.47E+01 2.00E-01 8.04E+03 3.05E+03
3.31E+01 2.00E-01 7.15E+03 3.52E+03
7.49E+01 2.00E-01 9.45E+03 4.48E+03
1.69E+02 2.00E-01 2.01E+04 6.57E+03
3.83E+02 2.00E-01 2.83E+04 7.62E+03
8.65E+02 2.00E-01 4.37E+04 7.27E+03
1.96E+03 2.00E-01 5.91E+04 1.20E+04
4.42E+03 2.00E-01 6.83E+04 1.20E+04
1.00E+04 2.00E-01 7.90E+04 1.20E+04
5.33E-07 2.50E-01 2.33E+00 1.96E-01
1.21E-06 2.50E-01 6.47E+00 2.18E-01
2.72E-06 2.50E-01 5.27E+00 2.14E-01
6.16E-06 2.50E-01 6.00E+00 2.42E-01
1.39E-05 2.50E-01 3.65E+01 4.07E-01
3.15E-05 2.50E-01 7.07E+01 6.49E-01
7.12E-05 2.50E-01 1.16E+02 1.20E+00
1.61E-04 2.50E-01 2.13E+02 2.82E+00
3.64E-04 2.50E-01 3.47E+02 7.00E+00
8.22E-04 2.50E-01 5.63E+02 1.90E+01
1.86E-03 2.50E-01 9.37E+02 7.64E+01
4.20E-03 2.50E-01 1.36E+03 1.41E+02
9.50E-03 2.50E-01 1.84E+03 2.34E+02
2.15E-02 2.50E-01 2.45E+03 5.09E+02
4.86E-02 2.50E-01 3.00E+03 7.41E+02
1.10E-01 2.50E-01 3.64E+03 1.06E+03
2.48E-01 2.50E-01 4.27E+03 1.41E+03
5.61E-01 2.50E-01 4.83E+03 1.69E+03
1.27E+00 2.50E-01 5.43E+03 1.92E+03
2.87E+00 2.50E-01 6.04E+03 2.06E+03
6.48E+00 2.50E-01 5.99E+03 2.13E+03
1.47E+01 2.50E-01 6.67E+03 2.39E+03
3.31E+01 2.50E-01 6.67E+03 2.77E+03
7.49E+01 2.50E-01 6.52E+03 3.23E+03
1.69E+02 2.50E-01 1.24E+04 4.03E+03
3.83E+02 2.50E-01 2.09E+04 3.78E+03
8.65E+02 2.50E-01 3.24E+04 4.20E+03
1.96E+03 2.50E-01 3.70E+04 6.49E+03
4.42E+03 2.50E-01 4.20E+04 6.49E+03
1.00E+04 2.50E-01 4.78E+04 6.49E+03
5.33E-07 3.00E-01 2.13E+00 1.86E-01
1.21E-06 3.00E-01 2.98E+00 1.95E-01
2.72E-06 3.00E-01 3.21E+00 2.13E-01
6.16E-06 3.00E-01 5.77E+00 2.39E-01
1.39E-05 3.00E-01 1.03E+01 2.80E-01
3.15E-05 3.00E-01 1.90E+01 3.67E-01
7.12E-05 3.00E-01 3.61E+01 5.36E-01
1.61E-04 3.00E-01 6.55E+01 9.27E-01
3.64E-04 3.00E-01 1.16E+02 2.02E+00
8.22E-04 3.00E-01 2.09E+02 4.94E+00
1.86E-03 3.00E-01 3.58E+02 1.40E+01
4.20E-03 3.00E-01 5.91E+02 3.86E+01
9.50E-03 3.00E-01 9.34E+02 1.04E+02
2.15E-02 3.00E-01 1.35E+03 2.78E+02
4.86E-02 3.00E-01 1.83E+03 4.62E+02
1.10E-01 3.00E-01 2.38E+03 6.48E+02
2.48E-01 3.00E-01 2.98E+03 9.26E+02
5.61E-01 3.00E-01 3.55E+03 1.22E+03
1.27E+00 3.00E-01 4.04E+03 1.36E+03
2.87E+00 3.00E-01 4.61E+03 1.48E+03
6.48E+00 3.00E-01 4.81E+03 1.60E+03
1.47E+01 3.00E-01 5.19E+03 1.72E+03
3.31E+01 3.00E-01 5.83E+03 1.93E+03
7.49E+01 3.00E-01 5.18E+03 2.12E+03
1.69E+02 3.00E-01 8.46E+03 2.54E+03
3.83E+02 3.00E-01 1.41E+04 2.66E+03
8.65E+02 3.00E-01 2.06E+04 2.77E+03
1.96E+03 3.00E-01 2.75E+04 4.02E+03
4.42E+03 3.00E-01 2.97E+04 4.06E+03
1.00E+04 3.00E-01 3.21E+04 4.10E+03
5.33E-07 4.00E-01 6.41E+00 1.93E-01
1.21E-06 4.00E-01 7.66E+00 2.00E-01
2.72E-06 4.00E-01 8.51E+00 2.10E-01
6.16E-06 4.00E-01 1.09E+01 2.24E-01
1.39E-05 4.00E-01 6.96E+00 2.53E-01
3.15E-05 4.00E-01 4.55E+00 2.88E-01
7.12E-05 4.00E-01 9.71E+00 3.12E-01
1.61E-04 4.00E-01 1.52E+01 3.87E-01
3.64E-04 4.00E-01 2.77E+01 6.79E-01
8.22E-04 4.00E-01 5.07E+01 1.24E+00
1.86E-03 4.00E-01 7.99E+01 2.32E+00
4.20E-03 4.00E-01 1.34E+02 5.46E+00
9.50E-03 4.00E-01 2.27E+02 1.30E+01
2.15E-02 4.00E-01 3.62E+02 3.51E+01
4.86E-02 4.00E-01 5.75E+02 1.04E+02
1.10E-01 4.00E-01 8.85E+02 2.33E+02
2.48E-01 4.00E-01 1.24E+03 3.27E+02
5.61E-01 4.00E-01 1.65E+03 4.61E+02
1.27E+00 4.00E-01 2.04E+03 5.50E+02
2.87E+00 4.00E-01 2.45E+03 6.50E+02
6.48E+00 4.00E-01 2.89E+03 8.60E+02
1.47E+01 4.00E-01 3.20E+03 9.67E+02
3.31E+01 4.00E-01 3.69E+03 9.72E+02
7.49E+01 4.00E-01 3.82E+03 1.09E+03
1.69E+02 4.00E-01 4.59E+03 1.37E+03
3.83E+02 4.00E-01 7.59E+03 1.53E+03
8.65E+02 4.00E-01 1.35E+04 1.36E+03
1.96E+03 4.00E-01 1.55E+04 2.02E+03
4.42E+03 4.00E-01 1.61E+04 2.73E+03
1.00E+04 4.00E-01 1.76E+04 2.73E+03
5.33E-07 5.00E-01 2.45E+00 1.77E-01
1.21E-06 5.00E-01 4.52E+00 1.85E-01
2.72E-06 5.00E-01 8.27E+00 2.00E-01
6.16E-06 5.00E-01 1.34E+01 2.23E-01
1.39E-05 5.00E-01 1.92E+01 2.57E-01
3.15E-05 5.00E-01 2.49E+01 3.05E-01
7.12E-05 5.00E-01 3.32E+01 3.45E-01
1.61E-04 5.00E-01 4.05E+01 3.99E-01
3.64E-04 5.00E-01 4.77E+01 5.21E-01
8.22E-04 5.00E-01 5.71E+01 7.11E-01
1.86E-03 5.00E-01 6.52E+01 1.02E+00
4.20E-03 5.00E-01 8.49E+01 2.39E+00
9.50E-03 5.00E-01 1.14E+02 5.60E+00
2.15E-02 5.00E-01 1.61E+02 1.07E+01
4.86E-02 5.00E-01 2.44E+02 2.31E+01
1.10E-01 5.00E-01 3.69E+02 6.33E+01
2.48E-01 5.00E-01 5.47E+02 1.23E+02
5.61E-01 5.00E-01 7.80E+02 1.80E+02
1.27E+00 5.00E-01 1.05E+03 2.51E+02
2.87E+00 5.00E-01 1.35E+03 3.42E+02
6.48E+00 5.00E-01 1.62E+03 3.85E+02
1.47E+01 5.00E-01 1.72E+03 4.07E+02
3.31E+01 5.00E-01 2.27E+03 5.67E+02
7.49E+01 5.00E-01 2.60E+03 7.01E+02
1.69E+02 5.00E-01 2.29E+03 6.11E+02
3.83E+02 5.00E-01 3.81E+03 7.44E+02
8.65E+02 5.00E-01 7.41E+03 9.49E+02
1.96E+03 5.00E-01 1.00E+04 1.29E+03
4.42E+03 5.00E-01 1.06E+04 1.75E+03
1.00E+04 5.00E-01 1.13E+04 1.86E+03
5.33E-07 6.00E-01 1.11E+00 1.68E-01
1.21E-06 6.00E-01 1.71E+00 1.71E-01
2.72E-06 6.00E-01 1.51E+00 1.78E-01
6.16E-06 6.00E-01 3.52E+00 1.88E-01
1.39E-05 6.00E-01 7.06E+00 2.04E-01
3.15E-05 6.00E-01 1.32E+01 2.31E-01
7.12E-05 6.00E-01 2.37E+01 2.87E-01
1.61E-04 6.00E-01 3.72E+01 3.95E-01
3.64E-04 6.00E-01 5.31E+01 5.62E-01
8.22E-04 6.00E-01 7.49E+01 7.67E-01
1.86E-03 6.00E-01 9.34E+01 1.07E+00
4.20E-03 6.00E-01 1.10E+02 1.52E+00
9.50E-03 6.00E-01 1.30E+02 2.65E+00
2.15E-02 6.00E-01 1.54E+02 5.52E+00
4.86E-02 6.00E-01 1.90E+02 1.07E+01
1.10E-01 6.00E-01 2.52E+02 2.57E+01
2.48E-01 6.00E-01 3.43E+02 5.22E+01
5.61E-01 6.00E-01 4.69E+02 8.67E+01
1.27E+00 6.00E-01 6.28E+02 1.35E+02
2.87E+00 6.00E-01 8.08E+02 1.73E+02
6.48E+00 6.00E-01 1.02E+03 2.41E+02
1.47E+01 6.00E-01 1.21E+03 3.02E+02
3.31E+01 6.00E-01 1.24E+03 3.30E+02
7.49E+01 6.00E-01 1.26E+03 4.06E+02
1.69E+02 6.00E-01 1.82E+03 5.34E+02
3.83E+02 6.00E-01 2.72E+03 6.42E+02
8.65E+02 6.00E-01 4.36E+03 7.69E+02
1.96E+03 6.00E-01 6.83E+03 1.01E+03
4.42E+03 6.00E-01 7.49E+03 1.29E+03
1.00E+04 6.00E-01 7.99E+03 1.39E+03
5.33E-07 8.00E-01 2.72E-03 1.64E-01
1.21E-06 8.00E-01 6.73E-02 1.64E-01
2.72E-06 8.00E-01 1.21E-01 1.68E-01
6.16E-06 8.00E-01 1.77E-01 1.73E-01
1.39E-05 8.00E-01 4.00E-01 1.79E-01
3.15E-05 8.00E-01 8.69E-01 1.89E-01
7.12E-05 8.00E-01 2.14E+00 2.03E-01
1.61E-04 8.00E-01 4.90E+00 2.17E-01
3.64E-04 8.00E-01 9.92E+00 2.60E-01
8.22E-04 8.00E-01 1.94E+01 3.48E-01
1.86E-03 8.00E-01 3.73E+01 5.46E-01
4.20E-03 8.00E-01 6.64E+01 1.01E+00
9.50E-03 8.00E-01 1.04E+02 1.97E+00
2.15E-02 8.00E-01 1.44E+02 3.87E+00
4.86E-02 8.00E-01 1.95E+02 6.01E+00
1.10E-01 8.00E-01 2.48E+02 1.06E+01
2.48E-01 8.00E-01 2.89E+02 2.26E+01
5.61E-01 8.00E-01 3.46E+02 3.61E+01
1.27E+00 8.00E-01 4.20E+02 5.44E+01
2.87E+00 8.00E-01 5.06E+02 8.04E+01
6.48E+00 8.00E-01 6.06E+02 1.14E+02
1.47E+01 8.00E-01 7.01E+02 1.51E+02
3.31E+01 8.00E-01 7.74E+02 1.92E+02
7.49E+01 8.00E-01 9.03E+02 2.92E+02
1.69E+02 8.00E-01 1.00E+03 3.69E+02
3.83E+02 8.00E-01 1.33E+03 4.03E+02
8.65E+02 8.00E-01 2.29E+03 5.04E+02
1.96E+03 8.00E-01 3.56E+03 6.98E+02
4.42E+03 8.00E-01 4.31E+03 8.49E+02
1.00E+04 8.00E-01 4.74E+03 8.73E+02
5.33E-07 1.00E+00 2.98E-05 1.63E-01
1.21E-06 1.00E+00 4.82E-05 1.62E-01
2.72E-06 1.00E+00 5.58E-04 1.62E-01
6.16E-06 1.00E+00 5.53E-03 1.63E-01
1.39E-05 1.00E+00 1.37E-02 1.66E-01
3.15E-05 1.00E+00 1.38E-01 1.73E-01
7.12E-05 1.00E+00 3.67E-01 1.82E-01
1.61E-04 1.00E+00 6.38E-01 1.94E-01
3.64E-04 1.00E+00 1.44E+00 2.19E-01
8.22E-04 1.00E+00 3.34E+00 2.50E-01
1.86E-03 1.00E+00 7.24E+00 2.88E-01
4.20E-03 1.00E+00 1.46E+01 4.24E-01
9.50E-03 1.00E+00 2.89E+01 7.34E-01
2.15E-02 1.00E+00 5.49E+01 1.38E+00
4.86E-02 1.00E+00 9.54E+01 2.84E+00
1.10E-01 1.00E+00 1.50E+02 6.11E+00
2.48E-01 1.00E+00 2.15E+02 1.19E+01
5.61E-01 1.00E+00 2.82E+02 1.99E+01
1.27E+00 1.00E+00 3.48E+02 3.52E+01
2.87E+00 1.00E+00 4.18E+02 6.05E+01
6.48E+00 1.00E+00 4.92E+02 8.15E+01
1.47E+01 1.00E+00 5.68E+02 1.09E+02
3.31E+01 1.00E+00 6.33E+02 1.51E+02
7.49E+01 1.00E+00 6.43E+02 1.94E+02
1.69E+02 1.00E+00 6.95E+02 2.52E+02
3.83E+02 1.00E+00 9.66E+02 3.56E+02
8.65E+02 1.00E+00 1.46E+03 4.26E+02
1.96E+03 1.00E+00 2.18E+03 4.98E+02
4.42E+03 1.00E+00 2.80E+03 5.88E+02
1.00E+04 1.00E+00 3.22E+03 6.09E+02
5.33E-07 1.25E+00 7.61E-06 1.62E-01
1.21E-06 1.25E+00 3.02E-05 1.62E-01
2.72E-06 1.25E+00 4.85E-05 1.61E-01
6.16E-06 1.25E+00 1.24E-04 1.61E-01
1.39E-05 1.25E+00 3.53E-03 1.63E-01
3.15E-05 1.25E+00 2.11E-02 1.64E-01
7.12E-05 1.25E+00 3.15E-02 1.65E-01
1.61E-04 1.25E+00 7.76E-02 1.71E-01
3.64E-04 1.25E+00 2.82E-01 1.86E-01
8.22E-04 1.25E+00 5.58E-01 2.05E-01
1.86E-03 1.25E+00 1.12E+00 2.37E-01
4.20E-03 1.25E+00 2.66E+00 3.03E-01
9.50E-03 1.25E+00 5.96E+00 3.99E-01
2.15E-02 1.25E+00 1.18E+01 5.69E-01
4.86E-02 1.25E+00 2.39E+01 1.09E+00
1.10E-01 1.25E+00 4.60E+01 2.24E+00
2.48E-01 1.25E+00 8.24E+01 4.42E+00
5.61E-01 1.25E+00 1.38E+02 9.20E+00
1.27E+00 1.25E+00 2.09E+02 2.16E+01
2.87E+00 1.25E+00 2.83E+02 4.60E+01
6.48E+00 1.25E+00 3.64E+02 6.81E+01
1.47E+01 1.25E+00 4.40E+02 9.06E+01
3.31E+01 1.25E+00 5.05E+02 1.21E+02
7.49E+01 1.25E+00 5.40E+02 1.48E+02
1.69E+02 1.25E+00 5.58E+02 1.78E+02
3.83E+02 1.25E+00 7.16E+02 2.46E+02
8.65E+02 1.25E+00 9.78E+02 3.00E+02
1.96E+03 1.25E+00 1.34E+03 3.26E+02
4.42E+03 1.25E+00 1.83E+03 3.69E+02
1.00E+04 1.25E+00 2.04E+03 4.04E+02
5.33E-07 1.50E+00 6.15E-04 1.61E-01
1.21E-06 1.50E+00 4.94E-04 1.61E-01
2.72E-06 1.50E+00 5.15E-04 1.61E-01
6.16E-06 1.50E+00 9.57E-04 1.61E-01
1.39E-05 1.50E+00 2.66E-03 1.61E-01
3.15E-05 1.50E+00 4.90E-03 1.62E-01
7.12E-05 1.50E+00 1.06E-02 1.63E-01
1.61E-04 1.50E+00 3.89E-02 1.64E-01
3.64E-04 1.50E+00 1.91E-02 1.66E-01
8.22E-04 1.50E+00 7.28E-02 1.78E-01
1.86E-03 1.50E+00 3.69E-01 1.99E-01
4.20E-03 1.50E+00 6.28E-01 2.29E-01
9.50E-03 1.50E+00 1.67E+00 2.93E-01
2.15E-02 1.50E+00 3.60E+00 4.28E-01
4.86E-02 1.50E+00 6.83E+00 5.62E-01
1.10E-01 1.50E+00 1.38E+01 9.90E-01
2.48E-01 1.50E+00 2.84E+01 2.31E+00
5.61E-01 1.50E+00 5.34E+01 4.99E+00
1.27E+00 1.50E+00 9.51E+01 1.04E+01
2.87E+00 1.50E+00 1.52E+02 2.56E+01
6.48E+00 1.50E+00 2.20E+02 4.97E+01
1.47E+01 1.50E+00 2.97E+02 7.20E+01
3.31E+01 1.50E+00 3.85E+02 9.86E+01
7.49E+01 1.50E+00 4.67E+02 1.25E+02
1.69E+02 1.50E+00 5.04E+02 1.44E+02
3.83E+02 1.50E+00 6.13E+02 1.68E+02
8.65E+02 1.50E+00 7.67E+02 1.83E+02
1.96E+03 1.50E+00 8.96E+02 1.82E+02
4.42E+03 1.50E+00 1.18E+03 1.98E+02
1.00E+04 1.50E+00 1.37E+03 2.16E+02
5.33E-07 2.00E+00 3.61E-03 1.57E-01
1.21E-06 2.00E+00 6.53E-03 1.57E-01
2.72E-06 2.00E+00 1.12E-02 1.57E-01
6.16E-06 2.00E+00 1.63E-02 1.57E-01
1.39E-05 2.00E+00 1.68E-02 1.57E-01
3.15E-05 2.00E+00 1.50E-02 1.57E-01
7.12E-05 2.00E+00 1.97E-02 1.58E-01
1.61E-04 2.00E+00 2.77E-02 1.59E-01
3.64E-04 2.00E+00 2.77E-02 1.60E-01
8.22E-04 2.00E+00 2.63E-02 1.62E-01
1.86E-03 2.00E+00 4.00E-02 1.65E-01
4.20E-03 2.00E+00 7.95E-02 1.73E-01
9.50E-03 2.00E+00 2.04E-01 1.94E-01
2.15E-02 2.00E+00 5.02E-01 2.34E-01
4.86E-02 2.00E+00 1.05E+00 3.06E-01
1.10E-01 2.00E+00 2.23E+00 4.57E-01
2.48E-01 2.00E+00 5.00E+00 7.88E-01
5.61E-01 2.00E+00 9.88E+00 1.36E+00
1.27E+00 2.00E+00 1.92E+01 2.66E+00
2.87E+00 2.00E+00 3.73E+01 5.51E+00
6.48E+00 2.00E+00 6.64E+01 1.08E+01
1.47E+01 2.00E+00 1.08E+02 2.05E+01
3.31E+01 2.00E+00 1.64E+02 3.26E+01
7.49E+01 2.00E+00 2.31E+02 4.57E+01
1.69E+02 2.00E+00 2.92E+02 5.83E+01
3.83E+02 2.00E+00 3.49E+02 6.93E+01
8.65E+02 2.00E+00 4.35E+02 7.99E+01
1.96E+03 2.00E+00 5.34E+02 8.38E+01
4.42E+03 2.00E+00 6.31E+02 9.03E+01
1.00E+04 2.00E+00 7.87E+02 1.05E+02
5.33E-07 2.50E+00 7.33E-04 1.55E-01
1.21E-06 2.50E+00 8.74E-04 1.55E-01
2.72E-06 2.50E+00 2.49E-03 1.55E-01
6.16E-06 2.50E+00 5.07E-03 1.55E-01
1.39E-05 2.50E+00 1.17E-02 1.55E-01
3.15E-05 2.50E+00 2.61E-02 1.55E-01
7.12E-05 2.50E+00 5.11E-02 1.55E-01
1.61E-04 2.50E+00 8.93E-02 1.56E-01
3.64E-04 2.50E+00 1.32E-01 1.57E-01
8.22E-04 2.50E+00 1.58E-01 1.58E-01
1.86E-03 2.50E+00 2.13E-01 1.60E-01
4.20E-03 2.50E+00 2.66E-01 1.63E-01
9.50E-03 2.50E+00 2.94E-01 1.69E-01
2.15E-02 2.50E+00 3.34E-01 1.79E-01
4.86E-02 2.50E+00 4.21E-01 2.00E-01
1.10E-01 2.50E+00 7.75E-01 2.59E-01
2.48E-01 2.50E+00 1.57E+00 3.66E-01
5.61E-01 2.50E+00 3.06E+00 5.75E-01
1.27E+00 2.50E+00 5.87E+00 9.85E-01
2.87E+00 2.50E+00 1.10E+01 1.73E+00
6.48E+00 2.50E+00 2.14E+01 3.26E+00
1.47E+01 2.50E+00 3.97E+01 6.21E+00
3.31E+01 2.50E+00 6.64E+01 1.06E+01
7.49E+01 2.50E+00 1.03E+02 1.62E+01
1.69E+02 2.50E+00 1.57E+02 2.37E+01
3.83E+02 2.50E+00 2.12E+02 3.16E+01
8.65E+02 2.50E+00 2.52E+02 4.03E+01
1.96E+03 2.50E+00 3.08E+02 4.65E+01
4.42E+03 2.50E+00 4.02E+02 4.96E+01
1.00E+04 2.50E+00 5.09E+02 5.49E+01
5.33E-07 3.00E+00 9.95E-07 1.53E-01
1.21E-06 3.00E+00 3.43E-06 1.53E-01
2.72E-06 3.00E+00 2.90E-04 1.53E-01
6.16E-06 3.00E+00 1.48E-03 1.53E-01
1.39E-05 3.00E+00 2.42E-03 1.53E-01
3.15E-05 3.00E+00 5.50E-03 1.53E-01
7.12E-05 3.00E+00 1.13E-02 1.54E-01
1.61E-04 3.00E+00 2.80E-02 1.55E-01
3.64E-04 3.00E+00 5.19E-02 1.55E-01
8.22E-04 3.00E+00 1.34E-01 1.55E-01
1.86E-03 3.00E+00 2.52E-01 1.57E-01
4.20E-03 3.00E+00 3.44E-01 1.60E-01
9.50E-03 3.00E+00 5.91E-01 1.62E-01
2.15E-02 3.00E+00 6.02E-01 1.68E-01
4.86E-02 3.00E+00 9.05E-01 1.78E-01
1.10E-01 3.00E+00 9.70E-01 1.99E-01
2.48E-01 3.00E+00 9.13E-01 2.37E-01
5.61E-01 3.00E+00 1.55E+00 3.17E-01
1.27E+00 3.00E+00 2.80E+00 4.90E-01
2.87E+00 3.00E+00 5.10E+00 7.74E-01
6.48E+00 3.00E+00 9.31E+00 1.31E+00
1.47E+01 3.00E+00 1.66E+01 2.36E+00
3.31E+01 3.00E+00 2.89E+01 4.21E+00
7.49E+01 3.00E+00 4.93E+01 7.09E+00
1.69E+02 3.00E+00 7.91E+01 1.07E+01
3.83E+02 3.00E+00 1.24E+02 1.61E+01
8.65E+02 3.00E+00 1.50E+02 2.08E+01
1.96E+03 3.00E+00 1.64E+02 2.41E+01
4.42E+03 3.00E+00 2.41E+02 3.11E+01
1.00E+04 3.00E+00 3.63E+02 3.41E+01
5.33E-07 4.00E+00 3.69E-07 1.49E-01
1.21E-06 4.00E+00 7.98E-07 1.49E-01
2.72E-06 4.00E+00 1.77E-06 1.49E-01
6.16E-06 4.00E+00 4.00E-06 1.49E-01
1.39E-05 4.00E+00 8.95E-06 1.49E-01
3.15E-05 4.00E+00 2.03E-05 1.49E-01
7.12E-05 4.00E+00 6.86E-05 1.49E-01
1.61E-04 4.00E+00 1.11E-03 1.50E-01
3.64E-04 4.00E+00 8.69E-03 1.51E-01
8.22E-04 4.00E+00 1.28E-02 1.52E-01
1.86E-03 4.00E+00 3.14E-02 1.55E-01
4.20E-03 4.00E+00 6.28E-02 1.58E-01
9.50E-03 4.00E+00 2.05E-01 1.59E-01
2.15E-02 4.00E+00 4.62E-01 1.62E-01
4.86E-02 4.00E+00 6.41E-01 1.68E-01
1.10E-01 4.00E+00 1.24E+00 1.77E-01
2.48E-01 4.00E+00 2.07E+00 1.93E-01
5.61E-01 4.00E+00 2.97E+00 2.19E-01
1.27E+00 4.00E+00 3.74E+00 2.68E-01
2.87E+00 4.00E+00 4.16E+00 3.57E-01
6.48E+00 4.00E+00 4.97E+00 5.05E-01
1.47E+01 4.00E+00 7.86E+00 7.66E-01
3.31E+01 4.00E+00 1.20E+01 1.35E+00
7.49E+01 4.00E+00 1.85E+01 2.30E+00
1.69E+02 4.00E+00 2.82E+01 3.77E+00
3.83E+02 4.00E+00 4.41E+01 6.19E+00
8.65E+02 4.00E+00 7.21E+01 9.12E+00
1.96E+03 4.00E+00 8.72E+01 1.20E+01
4.42E+03 4.00E+00 1.15E+02 1.64E+01
1.00E+04 4.00E+00 1.73E+02 2.12E+01
5.33E-07 5.00E+00 1.54E-07 1.45E-01
1.21E-06 5.00E+00 3.16E-07 1.45E-01
2.72E-06 5.00E+00 6.85E-07 1.45E-01
6.16E-06 5.00E+00 1.52E-06 1.46E-01
1.39E-05 5.00E+00 3.37E-06 1.46E-01
3.15E-05 5.00E+00 7.63E-06 1.46E-01
7.12E-05 5.00E+00 1.69E-05 1.46E-01
1.61E-04 5.00E+00 4.01E-05 1.46E-01
3.64E-04 5.00E+00 9.94E-05 1.46E-01
8.22E-04 5.00E+00 2.53E-04 1.46E-01
1.86E-03 5.00E+00 2.75E-03 1.48E-01
4.20E-03 5.00E+00 1.87E-02 1.51E-01
9.50E-03 5.00E+00 3.47E-02 1.55E-01
2.15E-02 5.00E+00 6.59E-02 1.61E-01
4.86E-02 5.00E+00 1.75E-01 1.68E-01
1.10E-01 5.00E+00 2.11E-01 1.73E-01
2.48E-01 5.00E+00 4.48E-01 1.82E-01
5.61E-01 5.00E+00 1.42E+00 2.00E-01
1.27E+00 5.00E+00 2.67E+00 2.28E-01
2.87E+00 5.00E+00 3.77E+00 2.77E-01
6.48E+00 5.00E+00 5.91E+00 3.63E-01
1.47E+01 5.00E+00 9.34E+00 4.98E-01
3.31E+01 5.00E+00 1.12E+01 7.90E-01
7.49E+01 5.00E+00 1.22E+01 1.35E+00
1.69E+02 5.00E+00 1.69E+01 2.15E+00
3.83E+02 5.00E+00 2.40E+01 3.46E+00
8.65E+02 5.00E+00 3.80E+01 5.73E+00
1.96E+03 5.00E+00 5.31E+01 8.39E+00
4.42E+03 5.00E+00 6.72E+01 1.14E+01
1.00E+04 5.00E+00 9.29E+01 1.56E+01
5.33E-07 6.00E+00 8.37E-08 1.42E-01
1.21E-06 6.00E+00 1.57E-07 1.42E-01
2.72E-06 6.00E+00 3.22E-07 1.42E-01
6.16E-06 6.00E+00 6.95E-07 1.42E-01
1.39E-05 6.00E+00 1.54E-06 1.42E-01
3.15E-05 6.00E+00 3.44E-06 1.42E-01
7.12E-05 6.00E+00 7.74E-06 1.42E-01
1.61E-04 6.00E+00 1.75E-05 1.42E-01
3.64E-04 6.00E+00 3.94E-05 1.42E-01
8.22E-04 6.00E+00 9.05E-05 1.42E-01
1.86E-03 6.00E+00 2.03E-04 1.42E-01
4.20E-03 6.00E+00 1.01E-03 1.43E-01
9.50E-03 6.00E+00 1.05E-02 1.46E-01
2.15E-02 6.00E+00 1.79E-02 1.50E-01
4.86E-02 6.00E+00 4.37E-02 1.56E-01
1.10E-01 6.00E+00 1.20E-01 1.68E-01
2.48E-01 6.00E+00 1.68E-01 1.80E-01
5.61E-01 6.00E+00 3.23E-01 1.92E-01
1.27E+00 6.00E+00 1.70E+00 2.16E-01
2.87E+00 6.00E+00 2.19E+00 2.53E-01
6.48E+00 6.00E+00 3.92E+00 3.16E-01
1.47E+01 6.00E+00 8.21E+00 4.14E-01
3.31E+01 6.00E+00 8.54E+00 6.08E-01
7.49E+01 6.00E+00 1.17E+01 1.06E+00
1.69E+02 6.00E+00 1.50E+01 1.70E+00
3.83E+02 6.00E+00 1.86E+01 2.69E+00
8.65E+02 6.00E+00 2.46E+01 4.30E+00
1.96E+03 6.00E+00 3.33E+01 6.51E+00
4.42E+03 6.00E+00 4.72E+01 9.30E+00
1.00E+04 6.00E+00 7.86E+01 1.27E+01
5.33E-07 8.00E+00 4.27E-08 1.36E-01
1.21E-06 8.00E+00 6.36E-08 1.36E-01
2.72E-06 8.00E+00 1.11E-07 1.36E-01
6.16E-06 8.00E+00 2.17E-07 1.36E-01
1.39E-05 8.00E+00 4.57E-07 1.36E-01
3.15E-05 8.00E+00 1.00E-06 1.36E-01
7.12E-05 8.00E+00 2.22E-06 1.36E-01
1.61E-04 8.00E+00 5.01E-06 1.36E-01
3.64E-04 8.00E+00 1.13E-05 1.36E-01
8.22E-04 8.00E+00 2.55E-05 1.36E-01
1.86E-03 8.00E+00 5.76E-05 1.36E-01
4.20E-03 8.00E+00 1.38E-04 1.36E-01
9.50E-03 8.00E+00 3.34E-04 1.37E-01
2.15E-02 8.00E+00 6.33E-04 1.37E-01
4.86E-02 8.00E+00 2.32E-03 1.38E-01
1.10E-01 8.00E+00 2.03E-02 1.43E-01
2.48E-01 8.00E+00 3.80E-02 1.50E-01
5.61E-01 8.00E+00 8.78E-02 1.63E-01
1.27E+00 8.00E+00 1.94E-01 1.88E-01
2.87E+00 8.00E+00 3.85E-01 2.21E-01
6.48E+00 8.00E+00 1.10E+00 2.65E-01
1.47E+01 8.00E+00 2.46E+00 3.47E-01
3.31E+01 8.00E+00 4.27E+00 4.74E-01
7.49E+01 8.00E+00 6.47E+00 8.14E-01
1.69E+02 8.00E+00 9.32E+00 1.41E+00
3.83E+02 8.00E+00 1.30E+01 2.15E+00
8.65E+02 8.00E+00 1.71E+01 3.39E+00
1.96E+03 8.00E+00 2.13E+01 4.43E+00
4.42E+03 8.00E+00 2.68E+01 6.38E+00
1.00E+04 8.00E+00 3.40E+01 8.41E+00
5.33E-07 1.00E+01 3.27E-08 1.30E-01
1.21E-06 1.00E+01 4.07E-08 1.30E-01
2.72E-06 1.00E+01 5.87E-08 1.30E-01
6.16E-06 1.00E+01 9.93E-08 1.30E-01
1.39E-05 1.00E+01 1.92E-07 1.30E-01
3.15E-05 1.00E+01 3.99E-07 1.30E-01
7.12E-05 1.00E+01 8.67E-07 1.30E-01
1.61E-04 1.00E+01 1.93E-06 1.30E-01
3.64E-04 1.00E+01 4.32E-06 1.30E-01
8.22E-04 1.00E+01 9.76E-06 1.30E-01
1.86E-03 1.00E+01 2.20E-05 1.30E-01
4.20E-03 1.00E+01 4.95E-05 1.30E-01
9.50E-03 1.00E+01 1.12E-04 1.30E-01
2.15E-02 1.00E+01 2.60E-04 1.30E-01
4.86E-02 1.00E+01 5.86E-04 1.31E-01
1.10E-01 1.00E+01 1.21E-03 1.31E-01
2.48E-01 1.00E+01 4.22E-03 1.34E-01
5.61E-01 1.00E+01 1.92E-02 1.39E-01
1.27E+00 1.00E+01 5.56E-02 1.49E-01
2.87E+00 1.00E+01 1.11E-01 1.67E-01
6.48E+00 1.00E+01 2.54E-01 2.03E-01
1.47E+01 1.00E+01 3.49E-01 2.58E-01
3.31E+01 1.00E+01 4.96E-01 3.52E-01
7.49E+01 1.00E+01 1.39E+00 5.27E-01
1.69E+02 1.00E+01 4.41E+00 8.61E-01
3.83E+02 1.00E+01 7.07E+00 1.57E+00
8.65E+02 1.00E+01 1.02E+01 2.53E+00
1.96E+03 1.00E+01 1.49E+01 3.42E+00
4.42E+03 1.00E+01 1.93E+01 4.47E+00
1.00E+04 1.00E+01 2.32E+01 5.85E+00
5.33E-07 1.50E+01 2.81E-08 1.18E-01
1.21E-06 1.50E+01 2.95E-08 1.18E-01
2.72E-06 1.50E+01 3.27E-08 1.18E-01
6.16E-06 1.50E+01 3.99E-08 1.18E-01
1.39E-05 1.50E+01 5.61E-08 1.18E-01
3.15E-05 1.50E+01 9.28E-08 1.18E-01
7.12E-05 1.50E+01 1.76E-07 1.18E-01
1.61E-04 1.50E+01 3.63E-07 1.18E-01
3.64E-04 1.50E+01 7.87E-07 1.18E-01
8.22E-04 1.50E+01 1.74E-06 1.18E-01
1.86E-03 1.50E+01 3.91E-06 1.18E-01
4.20E-03 1.50E+01 8.83E-06 1.18E-01
9.50E-03 1.50E+01 1.98E-05 1.18E-01
2.15E-02 1.50E+01 4.48E-05 1.18E-01
4.86E-02 1.50E+01 1.01E-04 1.18E-01
1.10E-01 1.50E+01 2.31E-04 1.18E-01
2.48E-01 1.50E+01 5.41E-04 1.18E-01
5.61E-01 1.50E+01 1.10E-03 1.19E-01
1.27E+00 1.50E+01 4.87E-03 1.20E-01
2.87E+00 1.50E+01 1.99E-02 1.22E-01
6.48E+00 1.50E+01 3.51E-02 1.27E-01
1.47E+01 1.50E+01 6.45E-02 1.37E-01
3.31E+01 1.50E+01 1.26E-01 1.58E-01
7.49E+01 1.50E+01 2.45E-01 1.96E-01
1.69E+02 1.50E+01 4.50E-01 2.65E-01
3.83E+02 1.50E+01 9.93E-01 3.96E-01
8.65E+02 1.50E+01 2.64E+00 6.25E-01
1.96E+03 1.50E+01 4.70E+00 9.55E-01
4.42E+03 1.50E+01 6.88E+00 1.40E+00
1.00E+04 1.50E+01 9.64E+00 1.86E+00
5.33E-07 2.50E+01 2.82E-08 9.94E-02
1.21E-06 2.50E+01 2.84E-08 9.94E-02
2.72E-06 2.50E+01 2.88E-08 9.94E-02
6.16E-06 2.50E+01 2.96E-08 9.94E-02
1.39E-05 2.50E+01 3.15E-08 9.94E-02
3.15E-05 2.50E+01 3.58E-08 9.94E-02
7.12E-05 2.50E+01 4.56E-08 9.94E-02
1.61E-04 2.50E+01 6.76E-08 9.94E-02
3.64E-04 2.50E+01 1.18E-07 9.94E-02
8.22E-04 2.50E+01 2.30E-07 9.94E-02
1.86E-03 2.50E+01 4.85E-07 9.94E-02
4.20E-03 2.50E+01 1.06E-06 9.94E-02
9.50E-03 2.50E+01 2.36E-06 9.94E-02
2.15E-02 2.50E+01 5.29E-06 9.94E-02
4.86E-02 2.50E+01 1.19E-05 9.94E-02
1.10E-01 2.50E+01 2.70E-05 9.94E-02
2.48E-01 2.50E+01 6.05E-05 9.94E-02
5.61E-01 2.50E+01 1.36E-04 9.95E-02
1.27E+00 2.50E+01 3.57E-04 9.96E-02
2.87E+00 2.50E+01 1.03E-03 9.97E-02
6.48E+00 2.50E+01 3.00E-03 1.00E-01
1.47E+01 2.50E+01 7.45E-03 1.01E-01
3.31E+01 2.50E+01 1.48E-02 1.02E-01
7.49E+01 2.50E+01 2.99E-02 1.06E-01
1.69E+02 2.50E+01 6.10E-02 1.13E-01
3.83E+02 2.50E+01 1.21E-01 1.25E-01
8.65E+02 2.50E+01 2.52E-01 1.47E-01
1.96E+03 2.50E+01 5.65E-01 1.85E-01
4.42E+03 2.50E+01 1.15E+00 2.47E-01
1.00E+04 2.50E+01 2.07E+00 3.39E-01
5.33E-07 4.00E+01 3.00E-08 8.16E-02
1.21E-06 4.00E+01 3.00E-08 8.16E-02
2.72E-06 4.00E+01 3.01E-08 8.16E-02
6.16E-06 4.00E+01 3.03E-08 8.16E-02
1.39E-05 4.00E+01 3.05E-08 8.16E-02
3.15E-05 4.00E+01 3.11E-08 8.16E-02
7.12E-05 4.00E+01 3.25E-08 8.16E-02
1.61E-04 4.00E+01 3.58E-08 8.16E-02
3.64E-04 4.00E+01 4.29E-08 8.16E-02
8.22E-04 4.00E+01 5.93E-08 8.16E-02
1.86E-03 4.00E+01 9.63E-08 8.16E-02
4.20E-03 4.00E+01 1.80E-07 8.16E-02
9.50E-03 4.00E+01 3.69E-07 8.16E-02
2.15E-02 4.00E+01 7.95E-07 8.16E-02
4.86E-02 4.00E+01 1.76E-06 8.16E-02
1.10E-01 4.00E+01 3.95E-06 8.16E-02
2.48E-01 4.00E+01 8.94E-06 8.16E-02
5.61E-01 4.00E+01 1.99E-05 8.16E-02
1.27E+00 4.00E+01 4.54E-05 8.16E-02
2.87E+00 4.00E+01 1.17E-04 8.16E-02
6.48E+00 4.00E+01 2.63E-04 8.17E-02
1.47E+01 4.00E+01 5.83E-04 8.17E-02
3.31E+01 4.00E+01 1.36E-03 8.19E-02
7.49E+01 4.00E+01 3.13E-03 8.23E-02
1.69E+02 4.00E+01 7.33E-03 8.29E-02
3.83E+02 4.00E+01 1.76E-02 8.45E-02
8.65E+02 4.00E+01 3.95E-02 8.76E-02
1.96E+03 4.00E+01 7.80E-02 9.31E-02
4.42E+03 4.00E+01 1.59E-01 1.03E-01
1.00E+04 4.00E+01 3.44E-01 1.18E-01
5.33E-07 6.00E+01 3.27E-08 6.65E-02
1.21E-06 6.00E+01 3.27E-08 6.65E-02
2.72E-06 6.00E+01 3.27E-08 6.65E-02
6.16E-06 6.00E+01 3.27E-08 6.65E-02
1.39E-05 6.00E+01 3.28E-08 6.65E-02
3.15E-05 6.00E+01 3.30E-08 6.65E-02
7.12E-05 6.00E+01 3.32E-08 6.65E-02
1.61E-04 6.00E+01 3.38E-08 6.65E-02
3.64E-04 6.00E+01 3.52E-08 6.65E-02
8.22E-04 6.00E+01 3.84E-08 6.65E-02
1.86E-03 6.00E+01 4.57E-08 6.65E-02
4.20E-03 6.00E+01 6.21E-08 6.65E-02
9.50E-03 6.00E+01 9.89E-08 6.65E-02
2.15E-02 6.00E+01 1.82E-07 6.65E-02
4.86E-02 6.00E+01 3.71E-07 6.65E-02
1.10E-01 6.00E+01 7.98E-07 6.65E-02
2.48E-01 6.00E+01 1.76E-06 6.65E-02
5.61E-01 6.00E+01 3.94E-06 6.65E-02
1.27E+00 6.00E+01 8.80E-06 6.65E-02
2.87E+00 6.00E+01 2.01E-05 6.66E-02
6.48E+00 6.00E+01 4.68E-05 6.66E-02
1.47E+01 6.00E+01 1.04E-04 6.66E-02
3.31E+01 6.00E+01 2.32E-04 6.66E-02
7.49E+01 6.00E+01 5.23E-04 6.66E-02
1.69E+02 6.00E+01 1.17E-03 6.68E-02
3.83E+02 6.00E+01 2.73E-03 6.69E-02
8.65E+02 6.00E+01 6.66E-03 6.74E-02
1.96E+03 6.00E+01 1.49E-02 6.83E-02
4.42E+03 6.00E+01 3.14E-02 7.01E-02
1.00E+04 6.00E+01 6.67E-02 7.35E-02
5.33E-07 1.00E+02 3.78E-08 4.85E-02
1.21E-06 1.00E+02 3.78E-08 4.85E-02
2.72E-06 1.00E+02 3.78E-08 4.85E-02
6.16E-06 1.00E+02 3.78E-08 4.85E-02
1.39E-05 1.00E+02 3.78E-08 4.85E-02
3.15E-05 1.00E+02 3.78E-08 4.85E-02
7.12E-05 1.00E+02 3.79E-08 4.85E-02
1.61E-04 1.00E+02 3.80E-08 4.85E-02
3.64E-04 1.00E+02 3.81E-08 4.85E-02
8.22E-04 1.00E+02 3.85E-08 4.85E-02
1.86E-03 1.00E+02 3.96E-08 4.85E-02
4.20E-03 1.00E+02 4.17E-08 4.85E-02
9.50E-03 1.00E+02 4.65E-08 4.85E-02
2.15E-02 1.00E+02 5.75E-08 4.85E-02
4.86E-02 1.00E+02 8.26E-08 4.85E-02
1.10E-01 1.00E+02 1.39E-07 4.85E-02
2.48E-01 1.00E+02 2.65E-07 4.85E-02
5.61E-01 1.00E+02 5.52E-07 4.85E-02
1.27E+00 1.00E+02 1.20E-06 4.85E-02
2.87E+00 1.00E+02 2.68E-06 4.86E-02
6.48E+00 1.00E+02 6.01E-06 4.86E-02
1.47E+01 1.00E+02 1.35E-05 4.85E-02
3.31E+01 1.00E+02 3.03E-05 4.85E-02
7.49E+01 1.00E+02 6.99E-05 4.85E-02
1.69E+02 1.00E+02 1.57E-04 4.85E-02
3.83E+02 1.00E+02 3.47E-04 4.85E-02
8.65E+02 1.00E+02 7.80E-04 4.86E-02
1.96E+03 1.00E+02 1.74E-03 4.86E-02
4.42E+03 1.00E+02 3.88E-03 4.88E-02
1.00E+04 1.00E+02 9.04E-03 4.93E-02

